ARM GAS  C:\Users\user\AppData\Local\Temp\ccbZ8Srg.s 			page 1


   1              		.syntax unified
   2              		.cpu cortex-m3
   3              		.fpu softvfp
   4              		.eabi_attribute 20, 1
   5              		.eabi_attribute 21, 1
   6              		.eabi_attribute 23, 3
   7              		.eabi_attribute 24, 1
   8              		.eabi_attribute 25, 1
   9              		.eabi_attribute 26, 1
  10              		.eabi_attribute 30, 1
  11              		.eabi_attribute 34, 1
  12              		.eabi_attribute 18, 4
  13              		.thumb
  14              		.syntax unified
  15              		.file	"cymetadata.c"
  16              		.text
  17              	.Ltext0:
  18              		.cfi_sections	.debug_frame
  19              		.global	cy_metadata
  20              		.global	cy_meta_flashprotect
  21              		.global	cy_meta_wonvl
  22              		.global	cy_meta_custnvl
  23              		.global	cy_meta_configecc
  24              		.section	.cyconfigecc,"a",%progbits
  25              		.align	2
  26              		.type	cy_meta_configecc, %object
  27              		.size	cy_meta_configecc, 1708
  28              	cy_meta_configecc:
  29 0000 02       		.byte	2
  30 0001 4F       		.byte	79
  31 0002 00       		.byte	0
  32 0003 40       		.byte	64
  33 0004 02       		.byte	2
  34 0005 64       		.byte	100
  35 0006 00       		.byte	0
  36 0007 40       		.byte	64
  37 0008 02       		.byte	2
  38 0009 65       		.byte	101
  39 000a 00       		.byte	0
  40 000b 40       		.byte	64
  41 000c 01       		.byte	1
  42 000d 03       		.byte	3
  43 000e 01       		.byte	1
  44 000f 40       		.byte	64
  45 0010 01       		.byte	1
  46 0011 07       		.byte	7
  47 0012 01       		.byte	1
  48 0013 40       		.byte	64
  49 0014 68       		.byte	104
  50 0015 08       		.byte	8
  51 0016 01       		.byte	1
  52 0017 40       		.byte	64
  53 0018 36       		.byte	54
  54 0019 09       		.byte	9
  55 001a 01       		.byte	1
  56 001b 40       		.byte	64
  57 001c 60       		.byte	96
ARM GAS  C:\Users\user\AppData\Local\Temp\ccbZ8Srg.s 			page 2


  58 001d 0A       		.byte	10
  59 001e 01       		.byte	1
  60 001f 40       		.byte	64
  61 0020 3A       		.byte	58
  62 0021 0B       		.byte	11
  63 0022 01       		.byte	1
  64 0023 40       		.byte	64
  65 0024 45       		.byte	69
  66 0025 0C       		.byte	12
  67 0026 01       		.byte	1
  68 0027 40       		.byte	64
  69 0028 33       		.byte	51
  70 0029 0D       		.byte	13
  71 002a 01       		.byte	1
  72 002b 40       		.byte	64
  73 002c 03       		.byte	3
  74 002d 15       		.byte	21
  75 002e 01       		.byte	1
  76 002f 40       		.byte	64
  77 0030 01       		.byte	1
  78 0031 17       		.byte	23
  79 0032 01       		.byte	1
  80 0033 40       		.byte	64
  81 0034 50       		.byte	80
  82 0035 18       		.byte	24
  83 0036 01       		.byte	1
  84 0037 40       		.byte	64
  85 0038 3E       		.byte	62
  86 0039 19       		.byte	25
  87 003a 01       		.byte	1
  88 003b 40       		.byte	64
  89 003c 39       		.byte	57
  90 003d 1A       		.byte	26
  91 003e 01       		.byte	1
  92 003f 40       		.byte	64
  93 0040 3A       		.byte	58
  94 0041 1B       		.byte	27
  95 0042 01       		.byte	1
  96 0043 40       		.byte	64
  97 0044 02       		.byte	2
  98 0045 40       		.byte	64
  99 0046 01       		.byte	1
 100 0047 40       		.byte	64
 101 0048 02       		.byte	2
 102 0049 41       		.byte	65
 103 004a 01       		.byte	1
 104 004b 40       		.byte	64
 105 004c 06       		.byte	6
 106 004d 42       		.byte	66
 107 004e 01       		.byte	1
 108 004f 40       		.byte	64
 109 0050 03       		.byte	3
 110 0051 43       		.byte	67
 111 0052 01       		.byte	1
 112 0053 40       		.byte	64
 113 0054 03       		.byte	3
 114 0055 45       		.byte	69
ARM GAS  C:\Users\user\AppData\Local\Temp\ccbZ8Srg.s 			page 3


 115 0056 01       		.byte	1
 116 0057 40       		.byte	64
 117 0058 02       		.byte	2
 118 0059 46       		.byte	70
 119 005a 01       		.byte	1
 120 005b 40       		.byte	64
 121 005c 03       		.byte	3
 122 005d 47       		.byte	71
 123 005e 01       		.byte	1
 124 005f 40       		.byte	64
 125 0060 03       		.byte	3
 126 0061 48       		.byte	72
 127 0062 01       		.byte	1
 128 0063 40       		.byte	64
 129 0064 10       		.byte	16
 130 0065 49       		.byte	73
 131 0066 01       		.byte	1
 132 0067 40       		.byte	64
 133 0068 09       		.byte	9
 134 0069 4C       		.byte	76
 135 006a 01       		.byte	1
 136 006b 40       		.byte	64
 137 006c 0C       		.byte	12
 138 006d 4D       		.byte	77
 139 006e 01       		.byte	1
 140 006f 40       		.byte	64
 141 0070 05       		.byte	5
 142 0071 50       		.byte	80
 143 0072 01       		.byte	1
 144 0073 40       		.byte	64
 145 0074 02       		.byte	2
 146 0075 51       		.byte	81
 147 0076 01       		.byte	1
 148 0077 40       		.byte	64
 149 0078 01       		.byte	1
 150 0079 10       		.byte	16
 151 007a 0A       		.byte	10
 152 007b 4B       		.byte	75
 153 007c 8B       		.byte	-117
 154 007d 67       		.byte	103
 155 007e 8D       		.byte	-115
 156 007f 0F       		.byte	15
 157 0080 89       		.byte	-119
 158 0081 72       		.byte	114
 159 0082 8A       		.byte	-118
 160 0083 38       		.byte	56
 161 0084 E6       		.byte	-26
 162 0085 10       		.byte	16
 163 0086 EE       		.byte	-18
 164 0087 04       		.byte	4
 165 0088 00       		.byte	0
 166 0089 18       		.byte	24
 167 008a 04       		.byte	4
 168 008b 07       		.byte	7
 169 008c 0A       		.byte	10
 170 008d 01       		.byte	1
 171 008e 0B       		.byte	11
ARM GAS  C:\Users\user\AppData\Local\Temp\ccbZ8Srg.s 			page 4


 172 008f 03       		.byte	3
 173 0090 0C       		.byte	12
 174 0091 04       		.byte	4
 175 0092 0F       		.byte	15
 176 0093 06       		.byte	6
 177 0094 12       		.byte	18
 178 0095 08       		.byte	8
 179 0096 14       		.byte	20
 180 0097 06       		.byte	6
 181 0098 17       		.byte	23
 182 0099 02       		.byte	2
 183 009a 18       		.byte	24
 184 009b 02       		.byte	2
 185 009c 1C       		.byte	28
 186 009d 01       		.byte	1
 187 009e 1E       		.byte	30
 188 009f 06       		.byte	6
 189 00a0 1F       		.byte	31
 190 00a1 05       		.byte	5
 191 00a2 20       		.byte	32
 192 00a3 10       		.byte	16
 193 00a4 23       		.byte	35
 194 00a5 01       		.byte	1
 195 00a6 24       		.byte	36
 196 00a7 18       		.byte	24
 197 00a8 28       		.byte	40
 198 00a9 06       		.byte	6
 199 00aa 2A       		.byte	42
 200 00ab 01       		.byte	1
 201 00ac 2C       		.byte	44
 202 00ad 06       		.byte	6
 203 00ae 2D       		.byte	45
 204 00af 06       		.byte	6
 205 00b0 2E       		.byte	46
 206 00b1 01       		.byte	1
 207 00b2 2F       		.byte	47
 208 00b3 01       		.byte	1
 209 00b4 32       		.byte	50
 210 00b5 07       		.byte	7
 211 00b6 33       		.byte	51
 212 00b7 07       		.byte	7
 213 00b8 34       		.byte	52
 214 00b9 18       		.byte	24
 215 00ba 38       		.byte	56
 216 00bb 20       		.byte	32
 217 00bc 3A       		.byte	58
 218 00bd 08       		.byte	8
 219 00be 3B       		.byte	59
 220 00bf 08       		.byte	8
 221 00c0 3E       		.byte	62
 222 00c1 10       		.byte	16
 223 00c2 40       		.byte	64
 224 00c3 10       		.byte	16
 225 00c4 41       		.byte	65
 226 00c5 04       		.byte	4
 227 00c6 49       		.byte	73
 228 00c7 FF       		.byte	-1
ARM GAS  C:\Users\user\AppData\Local\Temp\ccbZ8Srg.s 			page 5


 229 00c8 4A       		.byte	74
 230 00c9 FF       		.byte	-1
 231 00ca 4B       		.byte	75
 232 00cb FF       		.byte	-1
 233 00cc 4D       		.byte	77
 234 00cd A0       		.byte	-96
 235 00ce 4F       		.byte	79
 236 00cf 01       		.byte	1
 237 00d0 50       		.byte	80
 238 00d1 18       		.byte	24
 239 00d2 58       		.byte	88
 240 00d3 04       		.byte	4
 241 00d4 59       		.byte	89
 242 00d5 04       		.byte	4
 243 00d6 5A       		.byte	90
 244 00d7 04       		.byte	4
 245 00d8 5C       		.byte	92
 246 00d9 22       		.byte	34
 247 00da 5F       		.byte	95
 248 00db 01       		.byte	1
 249 00dc 60       		.byte	96
 250 00dd 40       		.byte	64
 251 00de 62       		.byte	98
 252 00df 80       		.byte	-128
 253 00e0 64       		.byte	100
 254 00e1 40       		.byte	64
 255 00e2 65       		.byte	101
 256 00e3 40       		.byte	64
 257 00e4 66       		.byte	102
 258 00e5 80       		.byte	-128
 259 00e6 68       		.byte	104
 260 00e7 40       		.byte	64
 261 00e8 6A       		.byte	106
 262 00e9 50       		.byte	80
 263 00ea 6B       		.byte	107
 264 00eb A8       		.byte	-88
 265 00ec 6C       		.byte	108
 266 00ed 40       		.byte	64
 267 00ee 6D       		.byte	109
 268 00ef 20       		.byte	32
 269 00f0 6E       		.byte	110
 270 00f1 50       		.byte	80
 271 00f2 6F       		.byte	111
 272 00f3 A8       		.byte	-88
 273 00f4 84       		.byte	-124
 274 00f5 0F       		.byte	15
 275 00f6 85       		.byte	-123
 276 00f7 01       		.byte	1
 277 00f8 88       		.byte	-120
 278 00f9 0C       		.byte	12
 279 00fa 8A       		.byte	-118
 280 00fb 03       		.byte	3
 281 00fc 8C       		.byte	-116
 282 00fd 0F       		.byte	15
 283 00fe 90       		.byte	-112
 284 00ff 03       		.byte	3
 285 0100 94       		.byte	-108
ARM GAS  C:\Users\user\AppData\Local\Temp\ccbZ8Srg.s 			page 6


 286 0101 0C       		.byte	12
 287 0102 95       		.byte	-107
 288 0103 02       		.byte	2
 289 0104 98       		.byte	-104
 290 0105 01       		.byte	1
 291 0106 9C       		.byte	-100
 292 0107 08       		.byte	8
 293 0108 9D       		.byte	-99
 294 0109 02       		.byte	2
 295 010a A0       		.byte	-96
 296 010b 03       		.byte	3
 297 010c A1       		.byte	-95
 298 010d 04       		.byte	4
 299 010e A2       		.byte	-94
 300 010f 0C       		.byte	12
 301 0110 A4       		.byte	-92
 302 0111 04       		.byte	4
 303 0112 AA       		.byte	-86
 304 0113 03       		.byte	3
 305 0114 AC       		.byte	-84
 306 0115 02       		.byte	2
 307 0116 AF       		.byte	-81
 308 0117 02       		.byte	2
 309 0118 B0       		.byte	-80
 310 0119 0F       		.byte	15
 311 011a B1       		.byte	-79
 312 011b 06       		.byte	6
 313 011c B3       		.byte	-77
 314 011d 01       		.byte	1
 315 011e B9       		.byte	-71
 316 011f 02       		.byte	2
 317 0120 BA       		.byte	-70
 318 0121 02       		.byte	2
 319 0122 BF       		.byte	-65
 320 0123 04       		.byte	4
 321 0124 C0       		.byte	-64
 322 0125 10       		.byte	16
 323 0126 C1       		.byte	-63
 324 0127 04       		.byte	4
 325 0128 C9       		.byte	-55
 326 0129 FF       		.byte	-1
 327 012a CA       		.byte	-54
 328 012b FF       		.byte	-1
 329 012c CB       		.byte	-53
 330 012d FF       		.byte	-1
 331 012e CD       		.byte	-51
 332 012f AF       		.byte	-81
 333 0130 CE       		.byte	-50
 334 0131 07       		.byte	7
 335 0132 CF       		.byte	-49
 336 0133 01       		.byte	1
 337 0134 D0       		.byte	-48
 338 0135 18       		.byte	24
 339 0136 D8       		.byte	-40
 340 0137 04       		.byte	4
 341 0138 D9       		.byte	-39
 342 0139 04       		.byte	4
ARM GAS  C:\Users\user\AppData\Local\Temp\ccbZ8Srg.s 			page 7


 343 013a DA       		.byte	-38
 344 013b 04       		.byte	4
 345 013c DC       		.byte	-36
 346 013d 22       		.byte	34
 347 013e DF       		.byte	-33
 348 013f 01       		.byte	1
 349 0140 E0       		.byte	-32
 350 0141 40       		.byte	64
 351 0142 E2       		.byte	-30
 352 0143 80       		.byte	-128
 353 0144 E4       		.byte	-28
 354 0145 40       		.byte	64
 355 0146 E5       		.byte	-27
 356 0147 40       		.byte	64
 357 0148 E6       		.byte	-26
 358 0149 80       		.byte	-128
 359 014a E8       		.byte	-24
 360 014b 40       		.byte	64
 361 014c EA       		.byte	-22
 362 014d 50       		.byte	80
 363 014e EB       		.byte	-21
 364 014f A8       		.byte	-88
 365 0150 EC       		.byte	-20
 366 0151 40       		.byte	64
 367 0152 ED       		.byte	-19
 368 0153 20       		.byte	32
 369 0154 EE       		.byte	-18
 370 0155 50       		.byte	80
 371 0156 EF       		.byte	-17
 372 0157 A8       		.byte	-88
 373 0158 01       		.byte	1
 374 0159 10       		.byte	16
 375 015a 02       		.byte	2
 376 015b 01       		.byte	1
 377 015c 03       		.byte	3
 378 015d 10       		.byte	16
 379 015e 04       		.byte	4
 380 015f 20       		.byte	32
 381 0160 06       		.byte	6
 382 0161 06       		.byte	6
 383 0162 07       		.byte	7
 384 0163 50       		.byte	80
 385 0164 08       		.byte	8
 386 0165 20       		.byte	32
 387 0166 0A       		.byte	10
 388 0167 91       		.byte	-111
 389 0168 0C       		.byte	12
 390 0169 50       		.byte	80
 391 016a 0E       		.byte	14
 392 016b 14       		.byte	20
 393 016c 0F       		.byte	15
 394 016d 82       		.byte	-126
 395 016e 10       		.byte	16
 396 016f 50       		.byte	80
 397 0170 12       		.byte	18
 398 0171 06       		.byte	6
 399 0172 14       		.byte	20
ARM GAS  C:\Users\user\AppData\Local\Temp\ccbZ8Srg.s 			page 8


 400 0173 06       		.byte	6
 401 0174 15       		.byte	21
 402 0175 12       		.byte	18
 403 0176 16       		.byte	22
 404 0177 A1       		.byte	-95
 405 0178 18       		.byte	24
 406 0179 80       		.byte	-128
 407 017a 1B       		.byte	27
 408 017b 01       		.byte	1
 409 017c 1D       		.byte	29
 410 017d 20       		.byte	32
 411 017e 1F       		.byte	31
 412 017f 08       		.byte	8
 413 0180 20       		.byte	32
 414 0181 80       		.byte	-128
 415 0182 23       		.byte	35
 416 0183 20       		.byte	32
 417 0184 25       		.byte	37
 418 0185 08       		.byte	8
 419 0186 2A       		.byte	42
 420 0187 80       		.byte	-128
 421 0188 2B       		.byte	43
 422 0189 80       		.byte	-128
 423 018a 2E       		.byte	46
 424 018b 80       		.byte	-128
 425 018c 2F       		.byte	47
 426 018d 80       		.byte	-128
 427 018e 31       		.byte	49
 428 018f 08       		.byte	8
 429 0190 33       		.byte	51
 430 0191 40       		.byte	64
 431 0192 35       		.byte	53
 432 0193 08       		.byte	8
 433 0194 37       		.byte	55
 434 0195 40       		.byte	64
 435 0196 38       		.byte	56
 436 0197 08       		.byte	8
 437 0198 3C       		.byte	60
 438 0199 80       		.byte	-128
 439 019a 3E       		.byte	62
 440 019b 20       		.byte	32
 441 019c 41       		.byte	65
 442 019d 8A       		.byte	-118
 443 019e 42       		.byte	66
 444 019f 20       		.byte	32
 445 01a0 45       		.byte	69
 446 01a1 82       		.byte	-126
 447 01a2 8F       		.byte	-113
 448 01a3 20       		.byte	32
 449 01a4 90       		.byte	-112
 450 01a5 08       		.byte	8
 451 01a6 91       		.byte	-111
 452 01a7 02       		.byte	2
 453 01a8 9B       		.byte	-101
 454 01a9 40       		.byte	64
 455 01aa 9D       		.byte	-99
 456 01ab 08       		.byte	8
ARM GAS  C:\Users\user\AppData\Local\Temp\ccbZ8Srg.s 			page 9


 457 01ac A1       		.byte	-95
 458 01ad 82       		.byte	-126
 459 01ae A4       		.byte	-92
 460 01af 40       		.byte	64
 461 01b0 A5       		.byte	-91
 462 01b1 08       		.byte	8
 463 01b2 A7       		.byte	-89
 464 01b3 80       		.byte	-128
 465 01b4 C0       		.byte	-64
 466 01b5 F7       		.byte	-9
 467 01b6 C2       		.byte	-62
 468 01b7 FF       		.byte	-1
 469 01b8 C4       		.byte	-60
 470 01b9 FF       		.byte	-1
 471 01ba CA       		.byte	-54
 472 01bb 99       		.byte	-103
 473 01bc CC       		.byte	-52
 474 01bd 5A       		.byte	90
 475 01be CE       		.byte	-50
 476 01bf 32       		.byte	50
 477 01c0 D0       		.byte	-48
 478 01c1 99       		.byte	-103
 479 01c2 EE       		.byte	-18
 480 01c3 04       		.byte	4
 481 01c4 01       		.byte	1
 482 01c5 0C       		.byte	12
 483 01c6 03       		.byte	3
 484 01c7 03       		.byte	3
 485 01c8 15       		.byte	21
 486 01c9 01       		.byte	1
 487 01ca 17       		.byte	23
 488 01cb 0E       		.byte	14
 489 01cc 1D       		.byte	29
 490 01cd 01       		.byte	1
 491 01ce 1F       		.byte	31
 492 01cf 06       		.byte	6
 493 01d0 23       		.byte	35
 494 01d1 03       		.byte	3
 495 01d2 27       		.byte	39
 496 01d3 08       		.byte	8
 497 01d4 2F       		.byte	47
 498 01d5 0C       		.byte	12
 499 01d6 31       		.byte	49
 500 01d7 0F       		.byte	15
 501 01d8 3B       		.byte	59
 502 01d9 02       		.byte	2
 503 01da 40       		.byte	64
 504 01db 10       		.byte	16
 505 01dc 41       		.byte	65
 506 01dd 04       		.byte	4
 507 01de 49       		.byte	73
 508 01df FF       		.byte	-1
 509 01e0 4A       		.byte	74
 510 01e1 FF       		.byte	-1
 511 01e2 4B       		.byte	75
 512 01e3 FF       		.byte	-1
 513 01e4 4D       		.byte	77
ARM GAS  C:\Users\user\AppData\Local\Temp\ccbZ8Srg.s 			page 10


 514 01e5 AF       		.byte	-81
 515 01e6 4E       		.byte	78
 516 01e7 07       		.byte	7
 517 01e8 4F       		.byte	79
 518 01e9 01       		.byte	1
 519 01ea 50       		.byte	80
 520 01eb 18       		.byte	24
 521 01ec 59       		.byte	89
 522 01ed 04       		.byte	4
 523 01ee 5A       		.byte	90
 524 01ef 04       		.byte	4
 525 01f0 5C       		.byte	92
 526 01f1 20       		.byte	32
 527 01f2 5F       		.byte	95
 528 01f3 01       		.byte	1
 529 01f4 60       		.byte	96
 530 01f5 40       		.byte	64
 531 01f6 62       		.byte	98
 532 01f7 80       		.byte	-128
 533 01f8 64       		.byte	100
 534 01f9 40       		.byte	64
 535 01fa 65       		.byte	101
 536 01fb 40       		.byte	64
 537 01fc 66       		.byte	102
 538 01fd 80       		.byte	-128
 539 01fe 68       		.byte	104
 540 01ff 40       		.byte	64
 541 0200 6A       		.byte	106
 542 0201 50       		.byte	80
 543 0202 6B       		.byte	107
 544 0203 A8       		.byte	-88
 545 0204 6C       		.byte	108
 546 0205 40       		.byte	64
 547 0206 6D       		.byte	109
 548 0207 20       		.byte	32
 549 0208 6E       		.byte	110
 550 0209 50       		.byte	80
 551 020a 6F       		.byte	111
 552 020b A8       		.byte	-88
 553 020c 81       		.byte	-127
 554 020d 18       		.byte	24
 555 020e 82       		.byte	-126
 556 020f 60       		.byte	96
 557 0210 83       		.byte	-125
 558 0211 03       		.byte	3
 559 0212 84       		.byte	-124
 560 0213 1F       		.byte	31
 561 0214 85       		.byte	-123
 562 0215 07       		.byte	7
 563 0216 87       		.byte	-121
 564 0217 08       		.byte	8
 565 0218 88       		.byte	-120
 566 0219 07       		.byte	7
 567 021a 89       		.byte	-119
 568 021b 01       		.byte	1
 569 021c 8A       		.byte	-118
 570 021d 08       		.byte	8
ARM GAS  C:\Users\user\AppData\Local\Temp\ccbZ8Srg.s 			page 11


 571 021e 8B       		.byte	-117
 572 021f 12       		.byte	18
 573 0220 8C       		.byte	-116
 574 0221 10       		.byte	16
 575 0222 8E       		.byte	-114
 576 0223 04       		.byte	4
 577 0224 91       		.byte	-111
 578 0225 06       		.byte	6
 579 0226 93       		.byte	-109
 580 0227 11       		.byte	17
 581 0228 94       		.byte	-108
 582 0229 20       		.byte	32
 583 022a 9C       		.byte	-100
 584 022b 18       		.byte	24
 585 022c 9E       		.byte	-98
 586 022d 03       		.byte	3
 587 022e A0       		.byte	-96
 588 022f 06       		.byte	6
 589 0230 A2       		.byte	-94
 590 0231 11       		.byte	17
 591 0232 A8       		.byte	-88
 592 0233 01       		.byte	1
 593 0234 AA       		.byte	-86
 594 0235 12       		.byte	18
 595 0236 AD       		.byte	-83
 596 0237 10       		.byte	16
 597 0238 AF       		.byte	-81
 598 0239 04       		.byte	4
 599 023a B0       		.byte	-80
 600 023b 1F       		.byte	31
 601 023c B2       		.byte	-78
 602 023d 40       		.byte	64
 603 023e B3       		.byte	-77
 604 023f 1F       		.byte	31
 605 0240 B4       		.byte	-76
 606 0241 20       		.byte	32
 607 0242 BE       		.byte	-66
 608 0243 11       		.byte	17
 609 0244 C0       		.byte	-64
 610 0245 10       		.byte	16
 611 0246 C1       		.byte	-63
 612 0247 04       		.byte	4
 613 0248 C5       		.byte	-59
 614 0249 5C       		.byte	92
 615 024a C6       		.byte	-58
 616 024b 20       		.byte	32
 617 024c C7       		.byte	-57
 618 024d 4E       		.byte	78
 619 024e C8       		.byte	-56
 620 024f 3F       		.byte	63
 621 0250 C9       		.byte	-55
 622 0251 FF       		.byte	-1
 623 0252 CA       		.byte	-54
 624 0253 FF       		.byte	-1
 625 0254 CB       		.byte	-53
 626 0255 FF       		.byte	-1
 627 0256 CD       		.byte	-51
ARM GAS  C:\Users\user\AppData\Local\Temp\ccbZ8Srg.s 			page 12


 628 0257 AF       		.byte	-81
 629 0258 CE       		.byte	-50
 630 0259 07       		.byte	7
 631 025a CF       		.byte	-49
 632 025b 01       		.byte	1
 633 025c D0       		.byte	-48
 634 025d 18       		.byte	24
 635 025e D2       		.byte	-46
 636 025f 87       		.byte	-121
 637 0260 D4       		.byte	-44
 638 0261 07       		.byte	7
 639 0262 D8       		.byte	-40
 640 0263 04       		.byte	4
 641 0264 D9       		.byte	-39
 642 0265 04       		.byte	4
 643 0266 DA       		.byte	-38
 644 0267 04       		.byte	4
 645 0268 DB       		.byte	-37
 646 0269 04       		.byte	4
 647 026a DF       		.byte	-33
 648 026b 01       		.byte	1
 649 026c E0       		.byte	-32
 650 026d 40       		.byte	64
 651 026e E2       		.byte	-30
 652 026f 80       		.byte	-128
 653 0270 E4       		.byte	-28
 654 0271 40       		.byte	64
 655 0272 E5       		.byte	-27
 656 0273 40       		.byte	64
 657 0274 E6       		.byte	-26
 658 0275 80       		.byte	-128
 659 0276 E8       		.byte	-24
 660 0277 40       		.byte	64
 661 0278 EA       		.byte	-22
 662 0279 50       		.byte	80
 663 027a EB       		.byte	-21
 664 027b A8       		.byte	-88
 665 027c EC       		.byte	-20
 666 027d 40       		.byte	64
 667 027e ED       		.byte	-19
 668 027f 20       		.byte	32
 669 0280 EE       		.byte	-18
 670 0281 50       		.byte	80
 671 0282 EF       		.byte	-17
 672 0283 A8       		.byte	-88
 673 0284 00       		.byte	0
 674 0285 80       		.byte	-128
 675 0286 01       		.byte	1
 676 0287 80       		.byte	-128
 677 0288 04       		.byte	4
 678 0289 20       		.byte	32
 679 028a 06       		.byte	6
 680 028b 81       		.byte	-127
 681 028c 07       		.byte	7
 682 028d 20       		.byte	32
 683 028e 0E       		.byte	14
 684 028f 20       		.byte	32
ARM GAS  C:\Users\user\AppData\Local\Temp\ccbZ8Srg.s 			page 13


 685 0290 0F       		.byte	15
 686 0291 02       		.byte	2
 687 0292 15       		.byte	21
 688 0293 10       		.byte	16
 689 0294 17       		.byte	23
 690 0295 01       		.byte	1
 691 0296 1E       		.byte	30
 692 0297 68       		.byte	104
 693 0298 21       		.byte	33
 694 0299 01       		.byte	1
 695 029a 22       		.byte	34
 696 029b 01       		.byte	1
 697 029c 27       		.byte	39
 698 029d 20       		.byte	32
 699 029e 29       		.byte	41
 700 029f 88       		.byte	-120
 701 02a0 2B       		.byte	43
 702 02a1 80       		.byte	-128
 703 02a2 2F       		.byte	47
 704 02a3 02       		.byte	2
 705 02a4 31       		.byte	49
 706 02a5 08       		.byte	8
 707 02a6 33       		.byte	51
 708 02a7 40       		.byte	64
 709 02a8 37       		.byte	55
 710 02a9 01       		.byte	1
 711 02aa 39       		.byte	57
 712 02ab 02       		.byte	2
 713 02ac 3D       		.byte	61
 714 02ad 10       		.byte	16
 715 02ae 3E       		.byte	62
 716 02af 04       		.byte	4
 717 02b0 3F       		.byte	63
 718 02b1 02       		.byte	2
 719 02b2 41       		.byte	65
 720 02b3 82       		.byte	-126
 721 02b4 45       		.byte	69
 722 02b5 82       		.byte	-126
 723 02b6 4F       		.byte	79
 724 02b7 06       		.byte	6
 725 02b8 56       		.byte	86
 726 02b9 89       		.byte	-119
 727 02ba 57       		.byte	87
 728 02bb 12       		.byte	18
 729 02bc 5E       		.byte	94
 730 02bd 48       		.byte	72
 731 02be 5F       		.byte	95
 732 02bf 10       		.byte	16
 733 02c0 63       		.byte	99
 734 02c1 30       		.byte	48
 735 02c2 66       		.byte	102
 736 02c3 08       		.byte	8
 737 02c4 67       		.byte	103
 738 02c5 04       		.byte	4
 739 02c6 6C       		.byte	108
 740 02c7 10       		.byte	16
 741 02c8 6D       		.byte	109
ARM GAS  C:\Users\user\AppData\Local\Temp\ccbZ8Srg.s 			page 14


 742 02c9 10       		.byte	16
 743 02ca 6E       		.byte	110
 744 02cb 04       		.byte	4
 745 02cc 6F       		.byte	111
 746 02cd 01       		.byte	1
 747 02ce 75       		.byte	117
 748 02cf 02       		.byte	2
 749 02d0 90       		.byte	-112
 750 02d1 08       		.byte	8
 751 02d2 96       		.byte	-106
 752 02d3 02       		.byte	2
 753 02d4 9B       		.byte	-101
 754 02d5 40       		.byte	64
 755 02d6 9D       		.byte	-99
 756 02d7 0A       		.byte	10
 757 02d8 A1       		.byte	-95
 758 02d9 82       		.byte	-126
 759 02da A4       		.byte	-92
 760 02db 40       		.byte	64
 761 02dc A5       		.byte	-91
 762 02dd 08       		.byte	8
 763 02de A7       		.byte	-89
 764 02df 80       		.byte	-128
 765 02e0 B0       		.byte	-80
 766 02e1 42       		.byte	66
 767 02e2 B2       		.byte	-78
 768 02e3 04       		.byte	4
 769 02e4 B3       		.byte	-77
 770 02e5 08       		.byte	8
 771 02e6 C0       		.byte	-64
 772 02e7 F0       		.byte	-16
 773 02e8 C2       		.byte	-62
 774 02e9 A0       		.byte	-96
 775 02ea C4       		.byte	-60
 776 02eb 50       		.byte	80
 777 02ec CA       		.byte	-54
 778 02ed 1B       		.byte	27
 779 02ee CC       		.byte	-52
 780 02ef 8A       		.byte	-118
 781 02f0 CE       		.byte	-50
 782 02f1 E1       		.byte	-31
 783 02f2 D0       		.byte	-48
 784 02f3 99       		.byte	-103
 785 02f4 D6       		.byte	-42
 786 02f5 70       		.byte	112
 787 02f6 D8       		.byte	-40
 788 02f7 60       		.byte	96
 789 02f8 02       		.byte	2
 790 02f9 01       		.byte	1
 791 02fa 0F       		.byte	15
 792 02fb 08       		.byte	8
 793 02fc 11       		.byte	17
 794 02fd 0A       		.byte	10
 795 02fe 12       		.byte	18
 796 02ff 01       		.byte	1
 797 0300 13       		.byte	19
 798 0301 04       		.byte	4
ARM GAS  C:\Users\user\AppData\Local\Temp\ccbZ8Srg.s 			page 15


 799 0302 15       		.byte	21
 800 0303 03       		.byte	3
 801 0304 17       		.byte	23
 802 0305 04       		.byte	4
 803 0306 1D       		.byte	29
 804 0307 03       		.byte	3
 805 0308 1F       		.byte	31
 806 0309 0C       		.byte	12
 807 030a 23       		.byte	35
 808 030b 05       		.byte	5
 809 030c 24       		.byte	36
 810 030d 01       		.byte	1
 811 030e 29       		.byte	41
 812 030f 03       		.byte	3
 813 0310 2B       		.byte	43
 814 0311 04       		.byte	4
 815 0312 31       		.byte	49
 816 0313 0F       		.byte	15
 817 0314 36       		.byte	54
 818 0315 01       		.byte	1
 819 0316 3B       		.byte	59
 820 0317 02       		.byte	2
 821 0318 3E       		.byte	62
 822 0319 40       		.byte	64
 823 031a 58       		.byte	88
 824 031b 04       		.byte	4
 825 031c 59       		.byte	89
 826 031d 04       		.byte	4
 827 031e 5C       		.byte	92
 828 031f 20       		.byte	32
 829 0320 5F       		.byte	95
 830 0321 01       		.byte	1
 831 0322 80       		.byte	-128
 832 0323 10       		.byte	16
 833 0324 82       		.byte	-126
 834 0325 0C       		.byte	12
 835 0326 84       		.byte	-124
 836 0327 10       		.byte	16
 837 0328 88       		.byte	-120
 838 0329 20       		.byte	32
 839 032a 8B       		.byte	-117
 840 032b 01       		.byte	1
 841 032c 8C       		.byte	-116
 842 032d 09       		.byte	9
 843 032e 8E       		.byte	-114
 844 032f 10       		.byte	16
 845 0330 93       		.byte	-109
 846 0331 01       		.byte	1
 847 0332 94       		.byte	-108
 848 0333 0C       		.byte	12
 849 0334 95       		.byte	-107
 850 0335 01       		.byte	1
 851 0336 96       		.byte	-106
 852 0337 11       		.byte	17
 853 0338 9A       		.byte	-102
 854 0339 03       		.byte	3
 855 033a 9C       		.byte	-100
ARM GAS  C:\Users\user\AppData\Local\Temp\ccbZ8Srg.s 			page 16


 856 033b 1C       		.byte	28
 857 033c 9D       		.byte	-99
 858 033d 01       		.byte	1
 859 033e 9E       		.byte	-98
 860 033f 02       		.byte	2
 861 0340 A3       		.byte	-93
 862 0341 01       		.byte	1
 863 0342 A4       		.byte	-92
 864 0343 14       		.byte	20
 865 0344 AF       		.byte	-81
 866 0345 02       		.byte	2
 867 0346 B2       		.byte	-78
 868 0347 20       		.byte	32
 869 0348 B3       		.byte	-77
 870 0349 01       		.byte	1
 871 034a B4       		.byte	-76
 872 034b 1F       		.byte	31
 873 034c B5       		.byte	-75
 874 034d 02       		.byte	2
 875 034e B9       		.byte	-71
 876 034f 02       		.byte	2
 877 0350 BE       		.byte	-66
 878 0351 04       		.byte	4
 879 0352 BF       		.byte	-65
 880 0353 05       		.byte	5
 881 0354 C0       		.byte	-64
 882 0355 14       		.byte	20
 883 0356 C1       		.byte	-63
 884 0357 03       		.byte	3
 885 0358 C5       		.byte	-59
 886 0359 0B       		.byte	11
 887 035a C6       		.byte	-58
 888 035b C0       		.byte	-64
 889 035c C7       		.byte	-57
 890 035d 0E       		.byte	14
 891 035e C8       		.byte	-56
 892 035f 19       		.byte	25
 893 0360 C9       		.byte	-55
 894 0361 FF       		.byte	-1
 895 0362 CA       		.byte	-54
 896 0363 FF       		.byte	-1
 897 0364 CB       		.byte	-53
 898 0365 FF       		.byte	-1
 899 0366 CE       		.byte	-50
 900 0367 F0       		.byte	-16
 901 0368 CF       		.byte	-49
 902 0369 44       		.byte	68
 903 036a D0       		.byte	-48
 904 036b 0C       		.byte	12
 905 036c D4       		.byte	-44
 906 036d 01       		.byte	1
 907 036e D8       		.byte	-40
 908 036f 04       		.byte	4
 909 0370 D9       		.byte	-39
 910 0371 04       		.byte	4
 911 0372 DA       		.byte	-38
 912 0373 04       		.byte	4
ARM GAS  C:\Users\user\AppData\Local\Temp\ccbZ8Srg.s 			page 17


 913 0374 DB       		.byte	-37
 914 0375 04       		.byte	4
 915 0376 DC       		.byte	-36
 916 0377 02       		.byte	2
 917 0378 DD       		.byte	-35
 918 0379 22       		.byte	34
 919 037a DF       		.byte	-33
 920 037b 01       		.byte	1
 921 037c E6       		.byte	-26
 922 037d C0       		.byte	-64
 923 037e EA       		.byte	-22
 924 037f 40       		.byte	64
 925 0380 EB       		.byte	-21
 926 0381 02       		.byte	2
 927 0382 00       		.byte	0
 928 0383 80       		.byte	-128
 929 0384 01       		.byte	1
 930 0385 08       		.byte	8
 931 0386 03       		.byte	3
 932 0387 48       		.byte	72
 933 0388 05       		.byte	5
 934 0389 02       		.byte	2
 935 038a 09       		.byte	9
 936 038b 08       		.byte	8
 937 038c 0A       		.byte	10
 938 038d 06       		.byte	6
 939 038e 0E       		.byte	14
 940 038f 40       		.byte	64
 941 0390 10       		.byte	16
 942 0391 20       		.byte	32
 943 0392 17       		.byte	23
 944 0393 08       		.byte	8
 945 0394 18       		.byte	24
 946 0395 08       		.byte	8
 947 0396 19       		.byte	25
 948 0397 04       		.byte	4
 949 0398 1A       		.byte	26
 950 0399 04       		.byte	4
 951 039a 1D       		.byte	29
 952 039b 80       		.byte	-128
 953 039c 21       		.byte	33
 954 039d 02       		.byte	2
 955 039e 22       		.byte	34
 956 039f 04       		.byte	4
 957 03a0 23       		.byte	35
 958 03a1 08       		.byte	8
 959 03a2 27       		.byte	39
 960 03a3 40       		.byte	64
 961 03a4 28       		.byte	40
 962 03a5 80       		.byte	-128
 963 03a6 2B       		.byte	43
 964 03a7 82       		.byte	-126
 965 03a8 2D       		.byte	45
 966 03a9 20       		.byte	32
 967 03aa 2E       		.byte	46
 968 03ab 20       		.byte	32
 969 03ac 2F       		.byte	47
ARM GAS  C:\Users\user\AppData\Local\Temp\ccbZ8Srg.s 			page 18


 970 03ad 80       		.byte	-128
 971 03ae 31       		.byte	49
 972 03af 08       		.byte	8
 973 03b0 32       		.byte	50
 974 03b1 09       		.byte	9
 975 03b2 33       		.byte	51
 976 03b3 41       		.byte	65
 977 03b4 36       		.byte	54
 978 03b5 08       		.byte	8
 979 03b6 37       		.byte	55
 980 03b7 41       		.byte	65
 981 03b8 38       		.byte	56
 982 03b9 20       		.byte	32
 983 03ba 3A       		.byte	58
 984 03bb 20       		.byte	32
 985 03bc 3C       		.byte	60
 986 03bd 80       		.byte	-128
 987 03be 40       		.byte	64
 988 03bf 80       		.byte	-128
 989 03c0 41       		.byte	65
 990 03c1 08       		.byte	8
 991 03c2 43       		.byte	67
 992 03c3 40       		.byte	64
 993 03c4 48       		.byte	72
 994 03c5 20       		.byte	32
 995 03c6 50       		.byte	80
 996 03c7 10       		.byte	16
 997 03c8 53       		.byte	83
 998 03c9 08       		.byte	8
 999 03ca 58       		.byte	88
 1000 03cb 42       		.byte	66
 1001 03cc 59       		.byte	89
 1002 03cd 24       		.byte	36
 1003 03ce 82       		.byte	-126
 1004 03cf 40       		.byte	64
 1005 03d0 83       		.byte	-125
 1006 03d1 02       		.byte	2
 1007 03d2 8D       		.byte	-115
 1008 03d3 02       		.byte	2
 1009 03d4 C0       		.byte	-64
 1010 03d5 1F       		.byte	31
 1011 03d6 C2       		.byte	-62
 1012 03d7 17       		.byte	23
 1013 03d8 C4       		.byte	-60
 1014 03d9 24       		.byte	36
 1015 03da CA       		.byte	-54
 1016 03db A9       		.byte	-87
 1017 03dc CC       		.byte	-52
 1018 03dd DB       		.byte	-37
 1019 03de CE       		.byte	-50
 1020 03df 14       		.byte	20
 1021 03e0 D0       		.byte	-48
 1022 03e1 0B       		.byte	11
 1023 03e2 D6       		.byte	-42
 1024 03e3 0F       		.byte	15
 1025 03e4 E2       		.byte	-30
 1026 03e5 04       		.byte	4
ARM GAS  C:\Users\user\AppData\Local\Temp\ccbZ8Srg.s 			page 19


 1027 03e6 E6       		.byte	-26
 1028 03e7 10       		.byte	16
 1029 03e8 E0       		.byte	-32
 1030 03e9 08       		.byte	8
 1031 03ea E4       		.byte	-28
 1032 03eb 01       		.byte	1
 1033 03ec EA       		.byte	-22
 1034 03ed 05       		.byte	5
 1035 03ee E2       		.byte	-30
 1036 03ef 04       		.byte	4
 1037 03f0 40       		.byte	64
 1038 03f1 02       		.byte	2
 1039 03f2 45       		.byte	69
 1040 03f3 04       		.byte	4
 1041 03f4 49       		.byte	73
 1042 03f5 FF       		.byte	-1
 1043 03f6 4A       		.byte	74
 1044 03f7 07       		.byte	7
 1045 03f8 4B       		.byte	75
 1046 03f9 FF       		.byte	-1
 1047 03fa 4C       		.byte	76
 1048 03fb 40       		.byte	64
 1049 03fc 4D       		.byte	77
 1050 03fd 20       		.byte	32
 1051 03fe 4E       		.byte	78
 1052 03ff F0       		.byte	-16
 1053 0400 4F       		.byte	79
 1054 0401 05       		.byte	5
 1055 0402 50       		.byte	80
 1056 0403 08       		.byte	8
 1057 0404 5A       		.byte	90
 1058 0405 04       		.byte	4
 1059 0406 5D       		.byte	93
 1060 0407 02       		.byte	2
 1061 0408 5F       		.byte	95
 1062 0409 01       		.byte	1
 1063 040a 60       		.byte	96
 1064 040b 40       		.byte	64
 1065 040c 61       		.byte	97
 1066 040d A8       		.byte	-88
 1067 040e 62       		.byte	98
 1068 040f 40       		.byte	64
 1069 0410 63       		.byte	99
 1070 0411 20       		.byte	32
 1071 0412 81       		.byte	-127
 1072 0413 02       		.byte	2
 1073 0414 83       		.byte	-125
 1074 0415 11       		.byte	17
 1075 0416 84       		.byte	-124
 1076 0417 0E       		.byte	14
 1077 0418 85       		.byte	-123
 1078 0419 03       		.byte	3
 1079 041a 89       		.byte	-119
 1080 041b 03       		.byte	3
 1081 041c 8A       		.byte	-118
 1082 041d 01       		.byte	1
 1083 041e 8D       		.byte	-115
ARM GAS  C:\Users\user\AppData\Local\Temp\ccbZ8Srg.s 			page 20


 1084 041f 04       		.byte	4
 1085 0420 90       		.byte	-112
 1086 0421 0C       		.byte	12
 1087 0422 92       		.byte	-110
 1088 0423 02       		.byte	2
 1089 0424 94       		.byte	-108
 1090 0425 0E       		.byte	14
 1091 0426 95       		.byte	-107
 1092 0427 04       		.byte	4
 1093 0428 99       		.byte	-103
 1094 0429 04       		.byte	4
 1095 042a 9A       		.byte	-102
 1096 042b 01       		.byte	1
 1097 042c 9C       		.byte	-100
 1098 042d 02       		.byte	2
 1099 042e 9E       		.byte	-98
 1100 042f 0C       		.byte	12
 1101 0430 9F       		.byte	-97
 1102 0431 08       		.byte	8
 1103 0432 A0       		.byte	-96
 1104 0433 08       		.byte	8
 1105 0434 A4       		.byte	-92
 1106 0435 04       		.byte	4
 1107 0436 A5       		.byte	-91
 1108 0437 01       		.byte	1
 1109 0438 A7       		.byte	-89
 1110 0439 32       		.byte	50
 1111 043a A8       		.byte	-88
 1112 043b 0C       		.byte	12
 1113 043c A9       		.byte	-87
 1114 043d 04       		.byte	4
 1115 043e AE       		.byte	-82
 1116 043f 02       		.byte	2
 1117 0440 B0       		.byte	-80
 1118 0441 01       		.byte	1
 1119 0442 B1       		.byte	-79
 1120 0443 03       		.byte	3
 1121 0444 B3       		.byte	-77
 1122 0445 04       		.byte	4
 1123 0446 B4       		.byte	-76
 1124 0447 0E       		.byte	14
 1125 0448 B5       		.byte	-75
 1126 0449 20       		.byte	32
 1127 044a B7       		.byte	-73
 1128 044b 18       		.byte	24
 1129 044c BE       		.byte	-66
 1130 044d 01       		.byte	1
 1131 044e BF       		.byte	-65
 1132 044f 44       		.byte	68
 1133 0450 C0       		.byte	-64
 1134 0451 46       		.byte	70
 1135 0452 C1       		.byte	-63
 1136 0453 02       		.byte	2
 1137 0454 C2       		.byte	-62
 1138 0455 03       		.byte	3
 1139 0456 C4       		.byte	-60
 1140 0457 01       		.byte	1
ARM GAS  C:\Users\user\AppData\Local\Temp\ccbZ8Srg.s 			page 21


 1141 0458 C5       		.byte	-59
 1142 0459 0C       		.byte	12
 1143 045a C6       		.byte	-58
 1144 045b 0E       		.byte	14
 1145 045c C8       		.byte	-56
 1146 045d 05       		.byte	5
 1147 045e C9       		.byte	-55
 1148 045f FF       		.byte	-1
 1149 0460 CA       		.byte	-54
 1150 0461 FF       		.byte	-1
 1151 0462 CB       		.byte	-53
 1152 0463 FF       		.byte	-1
 1153 0464 CC       		.byte	-52
 1154 0465 62       		.byte	98
 1155 0466 CD       		.byte	-51
 1156 0467 A0       		.byte	-96
 1157 0468 CE       		.byte	-50
 1158 0469 F0       		.byte	-16
 1159 046a CF       		.byte	-49
 1160 046b 41       		.byte	65
 1161 046c D0       		.byte	-48
 1162 046d 0C       		.byte	12
 1163 046e D6       		.byte	-42
 1164 046f 02       		.byte	2
 1165 0470 D7       		.byte	-41
 1166 0471 12       		.byte	18
 1167 0472 D8       		.byte	-40
 1168 0473 04       		.byte	4
 1169 0474 D9       		.byte	-39
 1170 0475 04       		.byte	4
 1171 0476 DA       		.byte	-38
 1172 0477 04       		.byte	4
 1173 0478 DB       		.byte	-37
 1174 0479 04       		.byte	4
 1175 047a DC       		.byte	-36
 1176 047b 22       		.byte	34
 1177 047c DD       		.byte	-35
 1178 047d 22       		.byte	34
 1179 047e DF       		.byte	-33
 1180 047f 01       		.byte	1
 1181 0480 E6       		.byte	-26
 1182 0481 40       		.byte	64
 1183 0482 E7       		.byte	-25
 1184 0483 02       		.byte	2
 1185 0484 E9       		.byte	-23
 1186 0485 10       		.byte	16
 1187 0486 EA       		.byte	-22
 1188 0487 30       		.byte	48
 1189 0488 EB       		.byte	-21
 1190 0489 10       		.byte	16
 1191 048a ED       		.byte	-19
 1192 048b 10       		.byte	16
 1193 048c EE       		.byte	-18
 1194 048d 10       		.byte	16
 1195 048e EF       		.byte	-17
 1196 048f 12       		.byte	18
 1197 0490 00       		.byte	0
ARM GAS  C:\Users\user\AppData\Local\Temp\ccbZ8Srg.s 			page 22


 1198 0491 10       		.byte	16
 1199 0492 01       		.byte	1
 1200 0493 20       		.byte	32
 1201 0494 03       		.byte	3
 1202 0495 10       		.byte	16
 1203 0496 04       		.byte	4
 1204 0497 20       		.byte	32
 1205 0498 05       		.byte	5
 1206 0499 10       		.byte	16
 1207 049a 08       		.byte	8
 1208 049b 86       		.byte	-122
 1209 049c 0B       		.byte	11
 1210 049d 08       		.byte	8
 1211 049e 10       		.byte	16
 1212 049f 80       		.byte	-128
 1213 04a0 12       		.byte	18
 1214 04a1 01       		.byte	1
 1215 04a2 13       		.byte	19
 1216 04a3 24       		.byte	36
 1217 04a4 19       		.byte	25
 1218 04a5 20       		.byte	32
 1219 04a6 1B       		.byte	27
 1220 04a7 01       		.byte	1
 1221 04a8 20       		.byte	32
 1222 04a9 08       		.byte	8
 1223 04aa 21       		.byte	33
 1224 04ab 41       		.byte	65
 1225 04ac 22       		.byte	34
 1226 04ad 06       		.byte	6
 1227 04ae 28       		.byte	40
 1228 04af 20       		.byte	32
 1229 04b0 2B       		.byte	43
 1230 04b1 08       		.byte	8
 1231 04b2 30       		.byte	48
 1232 04b3 04       		.byte	4
 1233 04b4 32       		.byte	50
 1234 04b5 40       		.byte	64
 1235 04b6 33       		.byte	51
 1236 04b7 14       		.byte	20
 1237 04b8 38       		.byte	56
 1238 04b9 80       		.byte	-128
 1239 04ba 39       		.byte	57
 1240 04bb 17       		.byte	23
 1241 04bc 3A       		.byte	58
 1242 04bd 80       		.byte	-128
 1243 04be 40       		.byte	64
 1244 04bf 90       		.byte	-112
 1245 04c0 41       		.byte	65
 1246 04c1 40       		.byte	64
 1247 04c2 42       		.byte	66
 1248 04c3 80       		.byte	-128
 1249 04c4 43       		.byte	67
 1250 04c5 10       		.byte	16
 1251 04c6 45       		.byte	69
 1252 04c7 20       		.byte	32
 1253 04c8 49       		.byte	73
 1254 04c9 10       		.byte	16
ARM GAS  C:\Users\user\AppData\Local\Temp\ccbZ8Srg.s 			page 23


 1255 04ca 4B       		.byte	75
 1256 04cb 08       		.byte	8
 1257 04cc 4D       		.byte	77
 1258 04cd 08       		.byte	8
 1259 04ce 53       		.byte	83
 1260 04cf 40       		.byte	64
 1261 04d0 57       		.byte	87
 1262 04d1 C0       		.byte	-64
 1263 04d2 5A       		.byte	90
 1264 04d3 08       		.byte	8
 1265 04d4 69       		.byte	105
 1266 04d5 14       		.byte	20
 1267 04d6 6A       		.byte	106
 1268 04d7 40       		.byte	64
 1269 04d8 70       		.byte	112
 1270 04d9 80       		.byte	-128
 1271 04da 72       		.byte	114
 1272 04db 17       		.byte	23
 1273 04dc 73       		.byte	115
 1274 04dd 24       		.byte	36
 1275 04de 88       		.byte	-120
 1276 04df 02       		.byte	2
 1277 04e0 8B       		.byte	-117
 1278 04e1 08       		.byte	8
 1279 04e2 90       		.byte	-112
 1280 04e3 80       		.byte	-128
 1281 04e4 94       		.byte	-108
 1282 04e5 20       		.byte	32
 1283 04e6 96       		.byte	-106
 1284 04e7 95       		.byte	-107
 1285 04e8 9C       		.byte	-100
 1286 04e9 26       		.byte	38
 1287 04ea 9D       		.byte	-99
 1288 04eb 08       		.byte	8
 1289 04ec 9E       		.byte	-98
 1290 04ed 02       		.byte	2
 1291 04ee 9F       		.byte	-97
 1292 04ef 10       		.byte	16
 1293 04f0 A1       		.byte	-95
 1294 04f1 20       		.byte	32
 1295 04f2 A3       		.byte	-93
 1296 04f3 08       		.byte	8
 1297 04f4 A6       		.byte	-90
 1298 04f5 02       		.byte	2
 1299 04f6 A7       		.byte	-89
 1300 04f7 C0       		.byte	-64
 1301 04f8 C0       		.byte	-64
 1302 04f9 06       		.byte	6
 1303 04fa C2       		.byte	-62
 1304 04fb 0F       		.byte	15
 1305 04fc C4       		.byte	-60
 1306 04fd 0F       		.byte	15
 1307 04fe CA       		.byte	-54
 1308 04ff 06       		.byte	6
 1309 0500 CC       		.byte	-52
 1310 0501 0E       		.byte	14
 1311 0502 CE       		.byte	-50
ARM GAS  C:\Users\user\AppData\Local\Temp\ccbZ8Srg.s 			page 24


 1312 0503 0F       		.byte	15
 1313 0504 D0       		.byte	-48
 1314 0505 2F       		.byte	47
 1315 0506 D2       		.byte	-46
 1316 0507 04       		.byte	4
 1317 0508 D6       		.byte	-42
 1318 0509 02       		.byte	2
 1319 050a E2       		.byte	-30
 1320 050b 04       		.byte	4
 1321 050c 00       		.byte	0
 1322 050d 04       		.byte	4
 1323 050e 05       		.byte	5
 1324 050f 07       		.byte	7
 1325 0510 06       		.byte	6
 1326 0511 06       		.byte	6
 1327 0512 09       		.byte	9
 1328 0513 07       		.byte	7
 1329 0514 0A       		.byte	10
 1330 0515 06       		.byte	6
 1331 0516 0C       		.byte	12
 1332 0517 06       		.byte	6
 1333 0518 0F       		.byte	15
 1334 0519 08       		.byte	8
 1335 051a 10       		.byte	16
 1336 051b 01       		.byte	1
 1337 051c 13       		.byte	19
 1338 051d 08       		.byte	8
 1339 051e 16       		.byte	22
 1340 051f 06       		.byte	6
 1341 0520 17       		.byte	23
 1342 0521 10       		.byte	16
 1343 0522 18       		.byte	24
 1344 0523 02       		.byte	2
 1345 0524 19       		.byte	25
 1346 0525 10       		.byte	16
 1347 0526 1C       		.byte	28
 1348 0527 06       		.byte	6
 1349 0528 1D       		.byte	29
 1350 0529 01       		.byte	1
 1351 052a 1F       		.byte	31
 1352 052b 06       		.byte	6
 1353 052c 20       		.byte	32
 1354 052d 06       		.byte	6
 1355 052e 21       		.byte	33
 1356 052f 10       		.byte	16
 1357 0530 24       		.byte	36
 1358 0531 01       		.byte	1
 1359 0532 25       		.byte	37
 1360 0533 02       		.byte	2
 1361 0534 27       		.byte	39
 1362 0535 01       		.byte	1
 1363 0536 28       		.byte	40
 1364 0537 01       		.byte	1
 1365 0538 2B       		.byte	43
 1366 0539 10       		.byte	16
 1367 053a 2D       		.byte	45
 1368 053b 04       		.byte	4
ARM GAS  C:\Users\user\AppData\Local\Temp\ccbZ8Srg.s 			page 25


 1369 053c 2F       		.byte	47
 1370 053d 01       		.byte	1
 1371 053e 30       		.byte	48
 1372 053f 06       		.byte	6
 1373 0540 31       		.byte	49
 1374 0541 10       		.byte	16
 1375 0542 32       		.byte	50
 1376 0543 01       		.byte	1
 1377 0544 35       		.byte	53
 1378 0545 08       		.byte	8
 1379 0546 37       		.byte	55
 1380 0547 07       		.byte	7
 1381 0548 39       		.byte	57
 1382 0549 02       		.byte	2
 1383 054a 3F       		.byte	63
 1384 054b 10       		.byte	16
 1385 054c 54       		.byte	84
 1386 054d 18       		.byte	24
 1387 054e 58       		.byte	88
 1388 054f 04       		.byte	4
 1389 0550 59       		.byte	89
 1390 0551 04       		.byte	4
 1391 0552 5B       		.byte	91
 1392 0553 04       		.byte	4
 1393 0554 5C       		.byte	92
 1394 0555 22       		.byte	34
 1395 0556 5D       		.byte	93
 1396 0557 20       		.byte	32
 1397 0558 5F       		.byte	95
 1398 0559 01       		.byte	1
 1399 055a 87       		.byte	-121
 1400 055b 04       		.byte	4
 1401 055c 89       		.byte	-119
 1402 055d 18       		.byte	24
 1403 055e 8D       		.byte	-115
 1404 055f 04       		.byte	4
 1405 0560 95       		.byte	-107
 1406 0561 1C       		.byte	28
 1407 0562 97       		.byte	-105
 1408 0563 02       		.byte	2
 1409 0564 9B       		.byte	-101
 1410 0565 03       		.byte	3
 1411 0566 9D       		.byte	-99
 1412 0567 07       		.byte	7
 1413 0568 9F       		.byte	-97
 1414 0569 18       		.byte	24
 1415 056a A1       		.byte	-95
 1416 056b 10       		.byte	16
 1417 056c A5       		.byte	-91
 1418 056d 08       		.byte	8
 1419 056e A9       		.byte	-87
 1420 056f 1C       		.byte	28
 1421 0570 AB       		.byte	-85
 1422 0571 01       		.byte	1
 1423 0572 AD       		.byte	-83
 1424 0573 1F       		.byte	31
 1425 0574 B5       		.byte	-75
ARM GAS  C:\Users\user\AppData\Local\Temp\ccbZ8Srg.s 			page 26


 1426 0575 1F       		.byte	31
 1427 0576 BB       		.byte	-69
 1428 0577 28       		.byte	40
 1429 0578 D9       		.byte	-39
 1430 0579 04       		.byte	4
 1431 057a DC       		.byte	-36
 1432 057b 20       		.byte	32
 1433 057c DF       		.byte	-33
 1434 057d 01       		.byte	1
 1435 057e 01       		.byte	1
 1436 057f 09       		.byte	9
 1437 0580 02       		.byte	2
 1438 0581 40       		.byte	64
 1439 0582 03       		.byte	3
 1440 0583 06       		.byte	6
 1441 0584 08       		.byte	8
 1442 0585 A4       		.byte	-92
 1443 0586 0A       		.byte	10
 1444 0587 40       		.byte	64
 1445 0588 11       		.byte	17
 1446 0589 14       		.byte	20
 1447 058a 12       		.byte	18
 1448 058b 80       		.byte	-128
 1449 058c 18       		.byte	24
 1450 058d 20       		.byte	32
 1451 058e 19       		.byte	25
 1452 058f 09       		.byte	9
 1453 0590 22       		.byte	34
 1454 0591 C1       		.byte	-63
 1455 0592 23       		.byte	35
 1456 0593 04       		.byte	4
 1457 0594 27       		.byte	39
 1458 0595 14       		.byte	20
 1459 0596 28       		.byte	40
 1460 0597 A0       		.byte	-96
 1461 0598 2A       		.byte	42
 1462 0599 40       		.byte	64
 1463 059a 2B       		.byte	43
 1464 059b 08       		.byte	8
 1465 059c 2C       		.byte	44
 1466 059d 04       		.byte	4
 1467 059e 2E       		.byte	46
 1468 059f 06       		.byte	6
 1469 05a0 2F       		.byte	47
 1470 05a1 0A       		.byte	10
 1471 05a2 32       		.byte	50
 1472 05a3 41       		.byte	65
 1473 05a4 33       		.byte	51
 1474 05a5 14       		.byte	20
 1475 05a6 34       		.byte	52
 1476 05a7 80       		.byte	-128
 1477 05a8 35       		.byte	53
 1478 05a9 10       		.byte	16
 1479 05aa 37       		.byte	55
 1480 05ab 04       		.byte	4
 1481 05ac 39       		.byte	57
 1482 05ad 14       		.byte	20
ARM GAS  C:\Users\user\AppData\Local\Temp\ccbZ8Srg.s 			page 27


 1483 05ae 3B       		.byte	59
 1484 05af 80       		.byte	-128
 1485 05b0 3C       		.byte	60
 1486 05b1 08       		.byte	8
 1487 05b2 3D       		.byte	61
 1488 05b3 40       		.byte	64
 1489 05b4 3E       		.byte	62
 1490 05b5 10       		.byte	16
 1491 05b6 59       		.byte	89
 1492 05b7 01       		.byte	1
 1493 05b8 63       		.byte	99
 1494 05b9 06       		.byte	6
 1495 05ba 83       		.byte	-125
 1496 05bb 12       		.byte	18
 1497 05bc 8C       		.byte	-116
 1498 05bd 20       		.byte	32
 1499 05be 8D       		.byte	-115
 1500 05bf 40       		.byte	64
 1501 05c0 91       		.byte	-111
 1502 05c1 15       		.byte	21
 1503 05c2 92       		.byte	-110
 1504 05c3 54       		.byte	84
 1505 05c4 93       		.byte	-109
 1506 05c5 80       		.byte	-128
 1507 05c6 94       		.byte	-108
 1508 05c7 20       		.byte	32
 1509 05c8 96       		.byte	-106
 1510 05c9 80       		.byte	-128
 1511 05ca 98       		.byte	-104
 1512 05cb 80       		.byte	-128
 1513 05cc 99       		.byte	-103
 1514 05cd 10       		.byte	16
 1515 05ce 9A       		.byte	-102
 1516 05cf 02       		.byte	2
 1517 05d0 9C       		.byte	-100
 1518 05d1 20       		.byte	32
 1519 05d2 9F       		.byte	-97
 1520 05d3 14       		.byte	20
 1521 05d4 A0       		.byte	-96
 1522 05d5 04       		.byte	4
 1523 05d6 A3       		.byte	-93
 1524 05d7 09       		.byte	9
 1525 05d8 B4       		.byte	-76
 1526 05d9 10       		.byte	16
 1527 05da B6       		.byte	-74
 1528 05db 01       		.byte	1
 1529 05dc C0       		.byte	-64
 1530 05dd 0F       		.byte	15
 1531 05de C2       		.byte	-62
 1532 05df 0F       		.byte	15
 1533 05e0 C4       		.byte	-60
 1534 05e1 0E       		.byte	14
 1535 05e2 CA       		.byte	-54
 1536 05e3 FF       		.byte	-1
 1537 05e4 CC       		.byte	-52
 1538 05e5 7F       		.byte	127
 1539 05e6 CE       		.byte	-50
ARM GAS  C:\Users\user\AppData\Local\Temp\ccbZ8Srg.s 			page 28


 1540 05e7 7E       		.byte	126
 1541 05e8 D6       		.byte	-42
 1542 05e9 01       		.byte	1
 1543 05ea D8       		.byte	-40
 1544 05eb 0C       		.byte	12
 1545 05ec E0       		.byte	-32
 1546 05ed 08       		.byte	8
 1547 05ee E4       		.byte	-28
 1548 05ef 01       		.byte	1
 1549 05f0 EA       		.byte	-22
 1550 05f1 05       		.byte	5
 1551 05f2 33       		.byte	51
 1552 05f3 20       		.byte	32
 1553 05f4 CC       		.byte	-52
 1554 05f5 10       		.byte	16
 1555 05f6 8F       		.byte	-113
 1556 05f7 01       		.byte	1
 1557 05f8 A7       		.byte	-89
 1558 05f9 20       		.byte	32
 1559 05fa 3E       		.byte	62
 1560 05fb 10       		.byte	16
 1561 05fc 63       		.byte	99
 1562 05fd 01       		.byte	1
 1563 05fe 93       		.byte	-109
 1564 05ff 01       		.byte	1
 1565 0600 A7       		.byte	-89
 1566 0601 20       		.byte	32
 1567 0602 CE       		.byte	-50
 1568 0603 20       		.byte	32
 1569 0604 D6       		.byte	-42
 1570 0605 40       		.byte	64
 1571 0606 96       		.byte	-106
 1572 0607 10       		.byte	16
 1573 0608 AB       		.byte	-85
 1574 0609 20       		.byte	32
 1575 060a EE       		.byte	-18
 1576 060b 20       		.byte	32
 1577 060c 0F       		.byte	15
 1578 060d 80       		.byte	-128
 1579 060e 83       		.byte	-125
 1580 060f 40       		.byte	64
 1581 0610 C2       		.byte	-62
 1582 0611 04       		.byte	4
 1583 0612 1B       		.byte	27
 1584 0613 04       		.byte	4
 1585 0614 C6       		.byte	-58
 1586 0615 08       		.byte	8
 1587 0616 8E       		.byte	-114
 1588 0617 10       		.byte	16
 1589 0618 AB       		.byte	-85
 1590 0619 04       		.byte	4
 1591 061a E4       		.byte	-28
 1592 061b 08       		.byte	8
 1593 061c 82       		.byte	-126
 1594 061d 20       		.byte	32
 1595 061e 96       		.byte	-106
 1596 061f 10       		.byte	16
ARM GAS  C:\Users\user\AppData\Local\Temp\ccbZ8Srg.s 			page 29


 1597 0620 E2       		.byte	-30
 1598 0621 20       		.byte	32
 1599 0622 12       		.byte	18
 1600 0623 20       		.byte	32
 1601 0624 16       		.byte	22
 1602 0625 40       		.byte	64
 1603 0626 72       		.byte	114
 1604 0627 20       		.byte	32
 1605 0628 77       		.byte	119
 1606 0629 10       		.byte	16
 1607 062a 82       		.byte	-126
 1608 062b 20       		.byte	32
 1609 062c 86       		.byte	-122
 1610 062d 40       		.byte	64
 1611 062e 9A       		.byte	-102
 1612 062f 20       		.byte	32
 1613 0630 9B       		.byte	-101
 1614 0631 10       		.byte	16
 1615 0632 AA       		.byte	-86
 1616 0633 10       		.byte	16
 1617 0634 AB       		.byte	-85
 1618 0635 10       		.byte	16
 1619 0636 C4       		.byte	-60
 1620 0637 30       		.byte	48
 1621 0638 DC       		.byte	-36
 1622 0639 80       		.byte	-128
 1623 063a DE       		.byte	-34
 1624 063b 20       		.byte	32
 1625 063c E0       		.byte	-32
 1626 063d 10       		.byte	16
 1627 063e E4       		.byte	-28
 1628 063f 80       		.byte	-128
 1629 0640 EA       		.byte	-22
 1630 0641 A0       		.byte	-96
 1631 0642 10       		.byte	16
 1632 0643 80       		.byte	-128
 1633 0644 13       		.byte	19
 1634 0645 20       		.byte	32
 1635 0646 17       		.byte	23
 1636 0647 08       		.byte	8
 1637 0648 7B       		.byte	123
 1638 0649 10       		.byte	16
 1639 064a 7F       		.byte	127
 1640 064b 40       		.byte	64
 1641 064c 80       		.byte	-128
 1642 064d 80       		.byte	-128
 1643 064e 92       		.byte	-110
 1644 064f 10       		.byte	16
 1645 0650 C4       		.byte	-60
 1646 0651 0E       		.byte	14
 1647 0652 DE       		.byte	-34
 1648 0653 03       		.byte	3
 1649 0654 12       		.byte	18
 1650 0655 80       		.byte	-128
 1651 0656 72       		.byte	114
 1652 0657 10       		.byte	16
 1653 0658 83       		.byte	-125
ARM GAS  C:\Users\user\AppData\Local\Temp\ccbZ8Srg.s 			page 30


 1654 0659 10       		.byte	16
 1655 065a 87       		.byte	-121
 1656 065b 40       		.byte	64
 1657 065c 8E       		.byte	-114
 1658 065d 80       		.byte	-128
 1659 065e 92       		.byte	-110
 1660 065f 10       		.byte	16
 1661 0660 97       		.byte	-105
 1662 0661 80       		.byte	-128
 1663 0662 A7       		.byte	-89
 1664 0663 10       		.byte	16
 1665 0664 AB       		.byte	-85
 1666 0665 28       		.byte	40
 1667 0666 C4       		.byte	-60
 1668 0667 08       		.byte	8
 1669 0668 DC       		.byte	-36
 1670 0669 01       		.byte	1
 1671 066a E2       		.byte	-30
 1672 066b 02       		.byte	2
 1673 066c 00       		.byte	0
 1674 066d 05       		.byte	5
 1675 066e 0C       		.byte	12
 1676 066f 05       		.byte	5
 1677 0670 0E       		.byte	14
 1678 0671 05       		.byte	5
 1679 0672 10       		.byte	16
 1680 0673 04       		.byte	4
 1681 0674 1C       		.byte	28
 1682 0675 04       		.byte	4
 1683 0676 00       		.byte	0
 1684 0677 03       		.byte	3
 1685 0678 03       		.byte	3
 1686 0679 C0       		.byte	-64
 1687 067a 00       		.byte	0
 1688 067b 00       		.byte	0
 1689 067c 02       		.byte	2
 1690 067d 80       		.byte	-128
 1691 067e 00       		.byte	0
 1692 067f 00       		.byte	0
 1693 0680 43       		.byte	67
 1694 0681 00       		.byte	0
 1695 0682 00       		.byte	0
 1696 0683 00       		.byte	0
 1697 0684 00       		.byte	0
 1698 0685 00       		.byte	0
 1699 0686 00       		.byte	0
 1700 0687 00       		.byte	0
 1701 0688 00       		.byte	0
 1702 0689 00       		.byte	0
 1703 068a 02       		.byte	2
 1704 068b 00       		.byte	0
 1705 068c 83       		.byte	-125
 1706 068d 00       		.byte	0
 1707 068e 40       		.byte	64
 1708 068f 83       		.byte	-125
 1709 0690 80       		.byte	-128
 1710 0691 00       		.byte	0
ARM GAS  C:\Users\user\AppData\Local\Temp\ccbZ8Srg.s 			page 31


 1711 0692 83       		.byte	-125
 1712 0693 00       		.byte	0
 1713 0694 00       		.byte	0
 1714 0695 00       		.byte	0
 1715 0696 00       		.byte	0
 1716 0697 00       		.byte	0
 1717 0698 00       		.byte	0
 1718 0699 0B       		.byte	11
 1719 069a 0B       		.byte	11
 1720 069b 00       		.byte	0
 1721 069c 00       		.byte	0
 1722 069d 00       		.byte	0
 1723 069e 00       		.byte	0
 1724 069f 00       		.byte	0
 1725 06a0 20       		.byte	32
 1726 06a1 08       		.byte	8
 1727 06a2 08       		.byte	8
 1728 06a3 00       		.byte	0
 1729 06a4 00       		.byte	0
 1730 06a5 00       		.byte	0
 1731 06a6 00       		.byte	0
 1732 06a7 00       		.byte	0
 1733 06a8 0E       		.byte	14
 1734 06a9 00       		.byte	0
 1735 06aa 18       		.byte	24
 1736 06ab 01       		.byte	1
 1737              		.section	.cywolatch,"a",%progbits
 1738              		.align	2
 1739              		.type	cy_meta_wonvl, %object
 1740              		.size	cy_meta_wonvl, 4
 1741              	cy_meta_wonvl:
 1742 0000 BC       		.byte	-68
 1743 0001 90       		.byte	-112
 1744 0002 AC       		.byte	-84
 1745 0003 AF       		.byte	-81
 1746              		.section	.cycustnvl,"a",%progbits
 1747              		.align	2
 1748              		.type	cy_meta_custnvl, %object
 1749              		.size	cy_meta_custnvl, 4
 1750              	cy_meta_custnvl:
 1751 0000 00       		.byte	0
 1752 0001 00       		.byte	0
 1753 0002 40       		.byte	64
 1754 0003 05       		.byte	5
 1755              		.section	.cymeta,"a",%progbits
 1756              		.align	2
 1757              		.type	cy_metadata, %object
 1758              		.size	cy_metadata, 12
 1759              	cy_metadata:
 1760 0000 00       		.byte	0
 1761 0001 01       		.byte	1
 1762 0002 2E       		.byte	46
 1763 0003 16       		.byte	22
 1764 0004 10       		.byte	16
 1765 0005 69       		.byte	105
 1766 0006 00       		.byte	0
 1767 0007 01       		.byte	1
ARM GAS  C:\Users\user\AppData\Local\Temp\ccbZ8Srg.s 			page 32


 1768 0008 00       		.byte	0
 1769 0009 00       		.byte	0
 1770 000a 00       		.byte	0
 1771 000b 00       		.byte	0
 1772              		.section	.cyflashprotect,"a",%progbits
 1773              		.align	2
 1774              		.type	cy_meta_flashprotect, %object
 1775              		.size	cy_meta_flashprotect, 256
 1776              	cy_meta_flashprotect:
 1777 0000 00000000 		.space	256
 1777      00000000 
 1777      00000000 
 1777      00000000 
 1777      00000000 
 1778              		.text
 1779              	.Letext0:
 1780              		.file 1 "c:\\program files (x86)\\cypress\\psoc creator\\4.4\\psoc creator\\import\\gnu\\arm\\5.4.
 1781              		.file 2 "c:\\program files (x86)\\cypress\\psoc creator\\4.4\\psoc creator\\import\\gnu\\arm\\5.4.
 1782              		.file 3 "Generated_Source\\PSoC5\\cymetadata.c"
 1783              		.section	.debug_info,"",%progbits
 1784              	.Ldebug_info0:
 1785 0000 35010000 		.4byte	0x135
 1786 0004 0400     		.2byte	0x4
 1787 0006 00000000 		.4byte	.Ldebug_abbrev0
 1788 000a 04       		.byte	0x4
 1789 000b 01       		.uleb128 0x1
 1790 000c 24000000 		.4byte	.LASF17
 1791 0010 0C       		.byte	0xc
 1792 0011 AD010000 		.4byte	.LASF18
 1793 0015 69010000 		.4byte	.LASF19
 1794 0019 00000000 		.4byte	.Ldebug_line0
 1795 001d 02       		.uleb128 0x2
 1796 001e 01       		.byte	0x1
 1797 001f 06       		.byte	0x6
 1798 0020 A1010000 		.4byte	.LASF0
 1799 0024 03       		.uleb128 0x3
 1800 0025 00000000 		.4byte	.LASF9
 1801 0029 01       		.byte	0x1
 1802 002a 1D       		.byte	0x1d
 1803 002b 2F000000 		.4byte	0x2f
 1804 002f 02       		.uleb128 0x2
 1805 0030 01       		.byte	0x1
 1806 0031 08       		.byte	0x8
 1807 0032 16000000 		.4byte	.LASF1
 1808 0036 02       		.uleb128 0x2
 1809 0037 02       		.byte	0x2
 1810 0038 05       		.byte	0x5
 1811 0039 5F010000 		.4byte	.LASF2
 1812 003d 02       		.uleb128 0x2
 1813 003e 02       		.byte	0x2
 1814 003f 07       		.byte	0x7
 1815 0040 C4000000 		.4byte	.LASF3
 1816 0044 02       		.uleb128 0x2
 1817 0045 04       		.byte	0x4
 1818 0046 05       		.byte	0x5
 1819 0047 98010000 		.4byte	.LASF4
 1820 004b 02       		.uleb128 0x2
ARM GAS  C:\Users\user\AppData\Local\Temp\ccbZ8Srg.s 			page 33


 1821 004c 04       		.byte	0x4
 1822 004d 07       		.byte	0x7
 1823 004e B2000000 		.4byte	.LASF5
 1824 0052 02       		.uleb128 0x2
 1825 0053 08       		.byte	0x8
 1826 0054 05       		.byte	0x5
 1827 0055 51010000 		.4byte	.LASF6
 1828 0059 02       		.uleb128 0x2
 1829 005a 08       		.byte	0x8
 1830 005b 07       		.byte	0x7
 1831 005c 06010000 		.4byte	.LASF7
 1832 0060 04       		.uleb128 0x4
 1833 0061 04       		.byte	0x4
 1834 0062 05       		.byte	0x5
 1835 0063 696E7400 		.ascii	"int\000"
 1836 0067 02       		.uleb128 0x2
 1837 0068 04       		.byte	0x4
 1838 0069 07       		.byte	0x7
 1839 006a F9000000 		.4byte	.LASF8
 1840 006e 03       		.uleb128 0x3
 1841 006f 1D010000 		.4byte	.LASF10
 1842 0073 02       		.byte	0x2
 1843 0074 18       		.byte	0x18
 1844 0075 24000000 		.4byte	0x24
 1845 0079 05       		.uleb128 0x5
 1846 007a 91000000 		.4byte	0x91
 1847 007e 8A000000 		.4byte	0x8a
 1848 0082 06       		.uleb128 0x6
 1849 0083 8A000000 		.4byte	0x8a
 1850 0087 AB06     		.2byte	0x6ab
 1851 0089 00       		.byte	0
 1852 008a 02       		.uleb128 0x2
 1853 008b 04       		.byte	0x4
 1854 008c 07       		.byte	0x7
 1855 008d 48010000 		.4byte	.LASF11
 1856 0091 07       		.uleb128 0x7
 1857 0092 6E000000 		.4byte	0x6e
 1858 0096 08       		.uleb128 0x8
 1859 0097 E7000000 		.4byte	.LASF12
 1860 009b 03       		.byte	0x3
 1861 009c 1F       		.byte	0x1f
 1862 009d A7000000 		.4byte	0xa7
 1863 00a1 05       		.uleb128 0x5
 1864 00a2 03       		.byte	0x3
 1865 00a3 00000000 		.4byte	cy_meta_configecc
 1866 00a7 07       		.uleb128 0x7
 1867 00a8 79000000 		.4byte	0x79
 1868 00ac 05       		.uleb128 0x5
 1869 00ad 91000000 		.4byte	0x91
 1870 00b1 BC000000 		.4byte	0xbc
 1871 00b5 09       		.uleb128 0x9
 1872 00b6 8A000000 		.4byte	0x8a
 1873 00ba 03       		.byte	0x3
 1874 00bb 00       		.byte	0
 1875 00bc 0A       		.uleb128 0xa
 1876 00bd D7000000 		.4byte	.LASF13
 1877 00c1 03       		.byte	0x3
ARM GAS  C:\Users\user\AppData\Local\Temp\ccbZ8Srg.s 			page 34


 1878 00c2 0201     		.2byte	0x102
 1879 00c4 CE000000 		.4byte	0xce
 1880 00c8 05       		.uleb128 0x5
 1881 00c9 03       		.byte	0x3
 1882 00ca 00000000 		.4byte	cy_meta_custnvl
 1883 00ce 07       		.uleb128 0x7
 1884 00cf AC000000 		.4byte	0xac
 1885 00d3 0A       		.uleb128 0xa
 1886 00d4 3A010000 		.4byte	.LASF14
 1887 00d8 03       		.byte	0x3
 1888 00d9 1001     		.2byte	0x110
 1889 00db E5000000 		.4byte	0xe5
 1890 00df 05       		.uleb128 0x5
 1891 00e0 03       		.byte	0x3
 1892 00e1 00000000 		.4byte	cy_meta_wonvl
 1893 00e5 07       		.uleb128 0x7
 1894 00e6 AC000000 		.4byte	0xac
 1895 00ea 05       		.uleb128 0x5
 1896 00eb 91000000 		.4byte	0x91
 1897 00ef FA000000 		.4byte	0xfa
 1898 00f3 09       		.uleb128 0x9
 1899 00f4 8A000000 		.4byte	0x8a
 1900 00f8 FF       		.byte	0xff
 1901 00f9 00       		.byte	0
 1902 00fa 0A       		.uleb128 0xa
 1903 00fb 25010000 		.4byte	.LASF15
 1904 00ff 03       		.byte	0x3
 1905 0100 1E01     		.2byte	0x11e
 1906 0102 0C010000 		.4byte	0x10c
 1907 0106 05       		.uleb128 0x5
 1908 0107 03       		.byte	0x3
 1909 0108 00000000 		.4byte	cy_meta_flashprotect
 1910 010c 07       		.uleb128 0x7
 1911 010d EA000000 		.4byte	0xea
 1912 0111 05       		.uleb128 0x5
 1913 0112 91000000 		.4byte	0x91
 1914 0116 21010000 		.4byte	0x121
 1915 011a 09       		.uleb128 0x9
 1916 011b 8A000000 		.4byte	0x8a
 1917 011f 0B       		.byte	0xb
 1918 0120 00       		.byte	0
 1919 0121 0A       		.uleb128 0xa
 1920 0122 0A000000 		.4byte	.LASF16
 1921 0126 03       		.byte	0x3
 1922 0127 4B01     		.2byte	0x14b
 1923 0129 33010000 		.4byte	0x133
 1924 012d 05       		.uleb128 0x5
 1925 012e 03       		.byte	0x3
 1926 012f 00000000 		.4byte	cy_metadata
 1927 0133 07       		.uleb128 0x7
 1928 0134 11010000 		.4byte	0x111
 1929 0138 00       		.byte	0
 1930              		.section	.debug_abbrev,"",%progbits
 1931              	.Ldebug_abbrev0:
 1932 0000 01       		.uleb128 0x1
 1933 0001 11       		.uleb128 0x11
 1934 0002 01       		.byte	0x1
ARM GAS  C:\Users\user\AppData\Local\Temp\ccbZ8Srg.s 			page 35


 1935 0003 25       		.uleb128 0x25
 1936 0004 0E       		.uleb128 0xe
 1937 0005 13       		.uleb128 0x13
 1938 0006 0B       		.uleb128 0xb
 1939 0007 03       		.uleb128 0x3
 1940 0008 0E       		.uleb128 0xe
 1941 0009 1B       		.uleb128 0x1b
 1942 000a 0E       		.uleb128 0xe
 1943 000b 10       		.uleb128 0x10
 1944 000c 17       		.uleb128 0x17
 1945 000d 00       		.byte	0
 1946 000e 00       		.byte	0
 1947 000f 02       		.uleb128 0x2
 1948 0010 24       		.uleb128 0x24
 1949 0011 00       		.byte	0
 1950 0012 0B       		.uleb128 0xb
 1951 0013 0B       		.uleb128 0xb
 1952 0014 3E       		.uleb128 0x3e
 1953 0015 0B       		.uleb128 0xb
 1954 0016 03       		.uleb128 0x3
 1955 0017 0E       		.uleb128 0xe
 1956 0018 00       		.byte	0
 1957 0019 00       		.byte	0
 1958 001a 03       		.uleb128 0x3
 1959 001b 16       		.uleb128 0x16
 1960 001c 00       		.byte	0
 1961 001d 03       		.uleb128 0x3
 1962 001e 0E       		.uleb128 0xe
 1963 001f 3A       		.uleb128 0x3a
 1964 0020 0B       		.uleb128 0xb
 1965 0021 3B       		.uleb128 0x3b
 1966 0022 0B       		.uleb128 0xb
 1967 0023 49       		.uleb128 0x49
 1968 0024 13       		.uleb128 0x13
 1969 0025 00       		.byte	0
 1970 0026 00       		.byte	0
 1971 0027 04       		.uleb128 0x4
 1972 0028 24       		.uleb128 0x24
 1973 0029 00       		.byte	0
 1974 002a 0B       		.uleb128 0xb
 1975 002b 0B       		.uleb128 0xb
 1976 002c 3E       		.uleb128 0x3e
 1977 002d 0B       		.uleb128 0xb
 1978 002e 03       		.uleb128 0x3
 1979 002f 08       		.uleb128 0x8
 1980 0030 00       		.byte	0
 1981 0031 00       		.byte	0
 1982 0032 05       		.uleb128 0x5
 1983 0033 01       		.uleb128 0x1
 1984 0034 01       		.byte	0x1
 1985 0035 49       		.uleb128 0x49
 1986 0036 13       		.uleb128 0x13
 1987 0037 01       		.uleb128 0x1
 1988 0038 13       		.uleb128 0x13
 1989 0039 00       		.byte	0
 1990 003a 00       		.byte	0
 1991 003b 06       		.uleb128 0x6
ARM GAS  C:\Users\user\AppData\Local\Temp\ccbZ8Srg.s 			page 36


 1992 003c 21       		.uleb128 0x21
 1993 003d 00       		.byte	0
 1994 003e 49       		.uleb128 0x49
 1995 003f 13       		.uleb128 0x13
 1996 0040 2F       		.uleb128 0x2f
 1997 0041 05       		.uleb128 0x5
 1998 0042 00       		.byte	0
 1999 0043 00       		.byte	0
 2000 0044 07       		.uleb128 0x7
 2001 0045 26       		.uleb128 0x26
 2002 0046 00       		.byte	0
 2003 0047 49       		.uleb128 0x49
 2004 0048 13       		.uleb128 0x13
 2005 0049 00       		.byte	0
 2006 004a 00       		.byte	0
 2007 004b 08       		.uleb128 0x8
 2008 004c 34       		.uleb128 0x34
 2009 004d 00       		.byte	0
 2010 004e 03       		.uleb128 0x3
 2011 004f 0E       		.uleb128 0xe
 2012 0050 3A       		.uleb128 0x3a
 2013 0051 0B       		.uleb128 0xb
 2014 0052 3B       		.uleb128 0x3b
 2015 0053 0B       		.uleb128 0xb
 2016 0054 49       		.uleb128 0x49
 2017 0055 13       		.uleb128 0x13
 2018 0056 3F       		.uleb128 0x3f
 2019 0057 19       		.uleb128 0x19
 2020 0058 02       		.uleb128 0x2
 2021 0059 18       		.uleb128 0x18
 2022 005a 00       		.byte	0
 2023 005b 00       		.byte	0
 2024 005c 09       		.uleb128 0x9
 2025 005d 21       		.uleb128 0x21
 2026 005e 00       		.byte	0
 2027 005f 49       		.uleb128 0x49
 2028 0060 13       		.uleb128 0x13
 2029 0061 2F       		.uleb128 0x2f
 2030 0062 0B       		.uleb128 0xb
 2031 0063 00       		.byte	0
 2032 0064 00       		.byte	0
 2033 0065 0A       		.uleb128 0xa
 2034 0066 34       		.uleb128 0x34
 2035 0067 00       		.byte	0
 2036 0068 03       		.uleb128 0x3
 2037 0069 0E       		.uleb128 0xe
 2038 006a 3A       		.uleb128 0x3a
 2039 006b 0B       		.uleb128 0xb
 2040 006c 3B       		.uleb128 0x3b
 2041 006d 05       		.uleb128 0x5
 2042 006e 49       		.uleb128 0x49
 2043 006f 13       		.uleb128 0x13
 2044 0070 3F       		.uleb128 0x3f
 2045 0071 19       		.uleb128 0x19
 2046 0072 02       		.uleb128 0x2
 2047 0073 18       		.uleb128 0x18
 2048 0074 00       		.byte	0
ARM GAS  C:\Users\user\AppData\Local\Temp\ccbZ8Srg.s 			page 37


 2049 0075 00       		.byte	0
 2050 0076 00       		.byte	0
 2051              		.section	.debug_aranges,"",%progbits
 2052 0000 14000000 		.4byte	0x14
 2053 0004 0200     		.2byte	0x2
 2054 0006 00000000 		.4byte	.Ldebug_info0
 2055 000a 04       		.byte	0x4
 2056 000b 00       		.byte	0
 2057 000c 0000     		.2byte	0
 2058 000e 0000     		.2byte	0
 2059 0010 00000000 		.4byte	0
 2060 0014 00000000 		.4byte	0
 2061              		.section	.debug_line,"",%progbits
 2062              	.Ldebug_line0:
 2063 0000 3D010000 		.section	.debug_str,"MS",%progbits,1
 2063      02003701 
 2063      00000201 
 2063      FB0E0D00 
 2063      01010101 
 2064              	.LASF9:
 2065 0000 5F5F7569 		.ascii	"__uint8_t\000"
 2065      6E74385F 
 2065      7400
 2066              	.LASF16:
 2067 000a 63795F6D 		.ascii	"cy_metadata\000"
 2067      65746164 
 2067      61746100 
 2068              	.LASF1:
 2069 0016 756E7369 		.ascii	"unsigned char\000"
 2069      676E6564 
 2069      20636861 
 2069      7200
 2070              	.LASF17:
 2071 0024 474E5520 		.ascii	"GNU C11 5.4.1 20160609 (release) [ARM/embedded-5-br"
 2071      43313120 
 2071      352E342E 
 2071      31203230 
 2071      31363036 
 2072 0057 616E6368 		.ascii	"anch revision 237715] -mcpu=cortex-m3 -mthumb -g -O"
 2072      20726576 
 2072      6973696F 
 2072      6E203233 
 2072      37373135 
 2073 008a 67202D66 		.ascii	"g -ffunction-sections -ffat-lto-objects\000"
 2073      66756E63 
 2073      74696F6E 
 2073      2D736563 
 2073      74696F6E 
 2074              	.LASF5:
 2075 00b2 6C6F6E67 		.ascii	"long unsigned int\000"
 2075      20756E73 
 2075      69676E65 
 2075      6420696E 
 2075      7400
 2076              	.LASF3:
 2077 00c4 73686F72 		.ascii	"short unsigned int\000"
 2077      7420756E 
ARM GAS  C:\Users\user\AppData\Local\Temp\ccbZ8Srg.s 			page 38


 2077      7369676E 
 2077      65642069 
 2077      6E7400
 2078              	.LASF13:
 2079 00d7 63795F6D 		.ascii	"cy_meta_custnvl\000"
 2079      6574615F 
 2079      63757374 
 2079      6E766C00 
 2080              	.LASF12:
 2081 00e7 63795F6D 		.ascii	"cy_meta_configecc\000"
 2081      6574615F 
 2081      636F6E66 
 2081      69676563 
 2081      6300
 2082              	.LASF8:
 2083 00f9 756E7369 		.ascii	"unsigned int\000"
 2083      676E6564 
 2083      20696E74 
 2083      00
 2084              	.LASF7:
 2085 0106 6C6F6E67 		.ascii	"long long unsigned int\000"
 2085      206C6F6E 
 2085      6720756E 
 2085      7369676E 
 2085      65642069 
 2086              	.LASF10:
 2087 011d 75696E74 		.ascii	"uint8_t\000"
 2087      385F7400 
 2088              	.LASF15:
 2089 0125 63795F6D 		.ascii	"cy_meta_flashprotect\000"
 2089      6574615F 
 2089      666C6173 
 2089      6870726F 
 2089      74656374 
 2090              	.LASF14:
 2091 013a 63795F6D 		.ascii	"cy_meta_wonvl\000"
 2091      6574615F 
 2091      776F6E76 
 2091      6C00
 2092              	.LASF11:
 2093 0148 73697A65 		.ascii	"sizetype\000"
 2093      74797065 
 2093      00
 2094              	.LASF6:
 2095 0151 6C6F6E67 		.ascii	"long long int\000"
 2095      206C6F6E 
 2095      6720696E 
 2095      7400
 2096              	.LASF2:
 2097 015f 73686F72 		.ascii	"short int\000"
 2097      7420696E 
 2097      7400
 2098              	.LASF19:
 2099 0169 443A5C44 		.ascii	"D:\\Downloads\\SLED\\Workspace01\\Interface1.cydsn\000"
 2099      6F776E6C 
 2099      6F616473 
 2099      5C534C45 
ARM GAS  C:\Users\user\AppData\Local\Temp\ccbZ8Srg.s 			page 39


 2099      445C576F 
 2100              	.LASF4:
 2101 0198 6C6F6E67 		.ascii	"long int\000"
 2101      20696E74 
 2101      00
 2102              	.LASF0:
 2103 01a1 7369676E 		.ascii	"signed char\000"
 2103      65642063 
 2103      68617200 
 2104              	.LASF18:
 2105 01ad 47656E65 		.ascii	"Generated_Source\\PSoC5\\cymetadata.c\000"
 2105      72617465 
 2105      645F536F 
 2105      75726365 
 2105      5C50536F 
 2106              		.ident	"GCC: (GNU Tools for ARM Embedded Processors) 5.4.1 20160609 (release) [ARM/embedded-5-bran
