ARM GAS  C:\Users\user\AppData\Local\Temp\cc3xHgQY.s 			page 1


   1              		.syntax unified
   2              		.cpu cortex-m3
   3              		.fpu softvfp
   4              		.eabi_attribute 20, 1
   5              		.eabi_attribute 21, 1
   6              		.eabi_attribute 23, 3
   7              		.eabi_attribute 24, 1
   8              		.eabi_attribute 25, 1
   9              		.eabi_attribute 26, 1
  10              		.eabi_attribute 30, 1
  11              		.eabi_attribute 34, 1
  12              		.eabi_attribute 18, 4
  13              		.thumb
  14              		.syntax unified
  15              		.file	"main.c"
  16              		.text
  17              	.Ltext0:
  18              		.cfi_sections	.debug_frame
  19              		.section	.text.I2C_Write,"ax",%progbits
  20              		.align	2
  21              		.global	I2C_Write
  22              		.thumb
  23              		.thumb_func
  24              		.type	I2C_Write, %function
  25              	I2C_Write:
  26              	.LFB64:
  27              		.file 1 "main.c"
   1:main.c        **** #include "project.h"
   2:main.c        **** #include <stdlib.h>
   3:main.c        **** #include <stdio.h>
   4:main.c        **** 
   5:main.c        **** // Definitions
   6:main.c        **** #define SCD30_I2C_ADDRESS 0x61
   7:main.c        **** #define VREF 5.0
   8:main.c        **** #define ADC_MAX_VALUE 4095
   9:main.c        **** #define VTHRESHOLD (VREF * 0.63) // 63% charged up of capacitor
  10:main.c        **** #define R 10000.0 // 10k ohm resistor
  11:main.c        **** #define TIMER_RESOLUTION 2.0e-6
  12:main.c        **** #define CORRECTION_FACTOR 1.0e3
  13:main.c        **** 
  14:main.c        **** // Function prototypes
  15:main.c        **** void I2C_Write(uint8_t *data, uint8_t length);
  16:main.c        **** void I2C_Read(uint8_t *data, uint8_t length);
  17:main.c        **** void read_sensor_data();
  18:main.c        **** void read_capacitance();
  19:main.c        **** // Global variables
  20:main.c        **** char string_1[100];
  21:main.c        **** uint8_t buffer[18]; // Buffer for 18 bytes of data
  22:main.c        **** uint16 adcResult;
  23:main.c        **** 
  24:main.c        **** void I2C_Write(uint8_t *data, uint8_t length) {
  28              		.loc 1 24 0
  29              		.cfi_startproc
  30              		@ args = 0, pretend = 0, frame = 0
  31              		@ frame_needed = 0, uses_anonymous_args = 0
  32              	.LVL0:
  33 0000 08B5     		push	{r3, lr}
ARM GAS  C:\Users\user\AppData\Local\Temp\cc3xHgQY.s 			page 2


  34              		.cfi_def_cfa_offset 8
  35              		.cfi_offset 3, -8
  36              		.cfi_offset 14, -4
  25:main.c        ****     I2C_1_MasterWriteBuf(SCD30_I2C_ADDRESS, data, length, I2C_1_MODE_COMPLETE_XFER);
  37              		.loc 1 25 0
  38 0002 0023     		movs	r3, #0
  39 0004 0A46     		mov	r2, r1
  40 0006 0146     		mov	r1, r0
  41              	.LVL1:
  42 0008 6120     		movs	r0, #97
  43              	.LVL2:
  44 000a FFF7FEFF 		bl	I2C_1_MasterWriteBuf
  45              	.LVL3:
  46              	.L2:
  26:main.c        ****     while(I2C_1_MasterStatus() & I2C_1_MSTAT_XFER_INP);
  47              		.loc 1 26 0 discriminator 1
  48 000e FFF7FEFF 		bl	I2C_1_MasterStatus
  49              	.LVL4:
  50 0012 10F0040F 		tst	r0, #4
  51 0016 FAD1     		bne	.L2
  27:main.c        **** }
  52              		.loc 1 27 0
  53 0018 08BD     		pop	{r3, pc}
  54              		.cfi_endproc
  55              	.LFE64:
  56              		.size	I2C_Write, .-I2C_Write
  57 001a 00BF     		.section	.text.I2C_Read,"ax",%progbits
  58              		.align	2
  59              		.global	I2C_Read
  60              		.thumb
  61              		.thumb_func
  62              		.type	I2C_Read, %function
  63              	I2C_Read:
  64              	.LFB65:
  28:main.c        **** 
  29:main.c        **** void I2C_Read(uint8_t *data, uint8_t length) {
  65              		.loc 1 29 0
  66              		.cfi_startproc
  67              		@ args = 0, pretend = 0, frame = 0
  68              		@ frame_needed = 0, uses_anonymous_args = 0
  69              	.LVL5:
  70 0000 08B5     		push	{r3, lr}
  71              		.cfi_def_cfa_offset 8
  72              		.cfi_offset 3, -8
  73              		.cfi_offset 14, -4
  30:main.c        ****     I2C_1_MasterReadBuf(SCD30_I2C_ADDRESS, data, length, I2C_1_MODE_COMPLETE_XFER);
  74              		.loc 1 30 0
  75 0002 0023     		movs	r3, #0
  76 0004 0A46     		mov	r2, r1
  77 0006 0146     		mov	r1, r0
  78              	.LVL6:
  79 0008 6120     		movs	r0, #97
  80              	.LVL7:
  81 000a FFF7FEFF 		bl	I2C_1_MasterReadBuf
  82              	.LVL8:
  83              	.L5:
  31:main.c        ****     while(I2C_1_MasterStatus() & I2C_1_MSTAT_XFER_INP);
ARM GAS  C:\Users\user\AppData\Local\Temp\cc3xHgQY.s 			page 3


  84              		.loc 1 31 0 discriminator 1
  85 000e FFF7FEFF 		bl	I2C_1_MasterStatus
  86              	.LVL9:
  87 0012 10F0040F 		tst	r0, #4
  88 0016 FAD1     		bne	.L5
  32:main.c        **** }
  89              		.loc 1 32 0
  90 0018 08BD     		pop	{r3, pc}
  91              		.cfi_endproc
  92              	.LFE65:
  93              		.size	I2C_Read, .-I2C_Read
  94              		.global	__aeabi_f2iz
  95 001a 00BF     		.section	.text.read_sensor_data,"ax",%progbits
  96              		.align	2
  97              		.global	read_sensor_data
  98              		.thumb
  99              		.thumb_func
 100              		.type	read_sensor_data, %function
 101              	read_sensor_data:
 102              	.LFB66:
  33:main.c        **** 
  34:main.c        **** void read_sensor_data()
  35:main.c        **** {
 103              		.loc 1 35 0
 104              		.cfi_startproc
 105              		@ args = 0, pretend = 0, frame = 0
 106              		@ frame_needed = 0, uses_anonymous_args = 0
 107 0000 70B5     		push	{r4, r5, r6, lr}
 108              		.cfi_def_cfa_offset 16
 109              		.cfi_offset 4, -16
 110              		.cfi_offset 5, -12
 111              		.cfi_offset 6, -8
 112              		.cfi_offset 14, -4
 113 0002 82B0     		sub	sp, sp, #8
 114              		.cfi_def_cfa_offset 24
  36:main.c        ****     // Ensure buffer is updated before reading values
  37:main.c        ****     I2C_Read(buffer, sizeof(buffer));  
 115              		.loc 1 37 0
 116 0004 1D4C     		ldr	r4, .L10
 117 0006 1221     		movs	r1, #18
 118 0008 2046     		mov	r0, r4
 119 000a FFF7FEFF 		bl	I2C_Read
 120              	.LVL10:
  38:main.c        **** 
  39:main.c        ****     uint32_t co2BytesUpper = (buffer[0] << 8) | buffer[1];
 121              		.loc 1 39 0
 122 000e 2078     		ldrb	r0, [r4]	@ zero_extendqisi2
 123 0010 6378     		ldrb	r3, [r4, #1]	@ zero_extendqisi2
 124 0012 43EA0022 		orr	r2, r3, r0, lsl #8
 125              	.LVL11:
  40:main.c        ****     uint32_t co2BytesLower = (buffer[3] << 8) | buffer[4];
 126              		.loc 1 40 0
 127 0016 E078     		ldrb	r0, [r4, #3]	@ zero_extendqisi2
 128 0018 2379     		ldrb	r3, [r4, #4]	@ zero_extendqisi2
 129 001a 43EA0023 		orr	r3, r3, r0, lsl #8
 130              	.LVL12:
  41:main.c        ****     uint32_t co2Bytes = ((uint32_t)co2BytesUpper << 16) | co2BytesLower;
ARM GAS  C:\Users\user\AppData\Local\Temp\cc3xHgQY.s 			page 4


  42:main.c        ****     int co2Concentration = (int)*(float*)&co2Bytes;
 131              		.loc 1 42 0
 132 001e 43EA0240 		orr	r0, r3, r2, lsl #16
 133              	.LVL13:
 134 0022 FFF7FEFF 		bl	__aeabi_f2iz
 135              	.LVL14:
 136 0026 0546     		mov	r5, r0
 137              	.LVL15:
  43:main.c        ****     
  44:main.c        ****     uint32_t tempBytesUpper = (buffer[6] << 8) | buffer[7];
 138              		.loc 1 44 0
 139 0028 A079     		ldrb	r0, [r4, #6]	@ zero_extendqisi2
 140              	.LVL16:
 141 002a E379     		ldrb	r3, [r4, #7]	@ zero_extendqisi2
 142 002c 43EA0022 		orr	r2, r3, r0, lsl #8
 143              	.LVL17:
  45:main.c        ****     uint32_t tempBytesLower = (buffer[9] << 8) | buffer[10];
 144              		.loc 1 45 0
 145 0030 607A     		ldrb	r0, [r4, #9]	@ zero_extendqisi2
 146 0032 A37A     		ldrb	r3, [r4, #10]	@ zero_extendqisi2
 147 0034 43EA0023 		orr	r3, r3, r0, lsl #8
 148              	.LVL18:
  46:main.c        ****     uint32_t tempBytes = ((uint32_t)tempBytesUpper << 16) | tempBytesLower;
  47:main.c        ****     int temperature = (int)*(float*)&tempBytes;
 149              		.loc 1 47 0
 150 0038 43EA0240 		orr	r0, r3, r2, lsl #16
 151              	.LVL19:
 152 003c FFF7FEFF 		bl	__aeabi_f2iz
 153              	.LVL20:
 154 0040 0646     		mov	r6, r0
 155              	.LVL21:
  48:main.c        ****     
  49:main.c        ****     uint32_t rhBytesUpper = (buffer[12] << 8) | buffer[13];
 156              		.loc 1 49 0
 157 0042 207B     		ldrb	r0, [r4, #12]	@ zero_extendqisi2
 158              	.LVL22:
 159 0044 637B     		ldrb	r3, [r4, #13]	@ zero_extendqisi2
 160 0046 43EA0022 		orr	r2, r3, r0, lsl #8
 161              	.LVL23:
  50:main.c        ****     uint32_t rhBytesLower = (buffer[15] << 8) | buffer[16];
 162              		.loc 1 50 0
 163 004a E07B     		ldrb	r0, [r4, #15]	@ zero_extendqisi2
 164 004c 237C     		ldrb	r3, [r4, #16]	@ zero_extendqisi2
 165 004e 43EA0023 		orr	r3, r3, r0, lsl #8
 166              	.LVL24:
  51:main.c        ****     uint32_t rhBytes = ((uint32_t)rhBytesUpper << 16) | rhBytesLower;
  52:main.c        ****     int rh = (int)*(float*)&rhBytes;
 167              		.loc 1 52 0
 168 0052 43EA0240 		orr	r0, r3, r2, lsl #16
 169              	.LVL25:
 170 0056 FFF7FEFF 		bl	__aeabi_f2iz
 171              	.LVL26:
  53:main.c        ****     
  54:main.c        **** //    float capacitance = read_capacitance();
  55:main.c        ****     
  56:main.c        ****     if (co2Concentration != 0 && temperature != 0 && rh != 0)
 172              		.loc 1 56 0
ARM GAS  C:\Users\user\AppData\Local\Temp\cc3xHgQY.s 			page 5


 173 005a 65B1     		cbz	r5, .L7
 174              		.loc 1 56 0 is_stmt 0 discriminator 1
 175 005c 5EB1     		cbz	r6, .L7
 176              		.loc 1 56 0 discriminator 2
 177 005e 50B1     		cbz	r0, .L7
  57:main.c        ****     {
  58:main.c        ****         sprintf(string_1, "CO2: %d ppm, Temperature: %d degrees, Relative Humidity: %d%%\n", co2Con
 178              		.loc 1 58 0 is_stmt 1
 179 0060 074C     		ldr	r4, .L10+4
 180 0062 0090     		str	r0, [sp]
 181 0064 3346     		mov	r3, r6
 182 0066 2A46     		mov	r2, r5
 183 0068 0649     		ldr	r1, .L10+8
 184 006a 2046     		mov	r0, r4
 185              	.LVL27:
 186 006c FFF7FEFF 		bl	sprintf
 187              	.LVL28:
  59:main.c        ****         UART_1_PutString(string_1);  // Send output via UART
 188              		.loc 1 59 0
 189 0070 2046     		mov	r0, r4
 190 0072 FFF7FEFF 		bl	UART_1_PutString
 191              	.LVL29:
 192              	.L7:
  60:main.c        ****     }
  61:main.c        **** }
 193              		.loc 1 61 0
 194 0076 02B0     		add	sp, sp, #8
 195              		.cfi_def_cfa_offset 16
 196              		@ sp needed
 197 0078 70BD     		pop	{r4, r5, r6, pc}
 198              	.LVL30:
 199              	.L11:
 200 007a 00BF     		.align	2
 201              	.L10:
 202 007c 00000000 		.word	buffer
 203 0080 00000000 		.word	string_1
 204 0084 00000000 		.word	.LC1
 205              		.cfi_endproc
 206              	.LFE66:
 207              		.size	read_sensor_data, .-read_sensor_data
 208              		.global	__aeabi_i2d
 209              		.global	__aeabi_dmul
 210              		.global	__aeabi_d2f
 211              		.global	__aeabi_f2d
 212              		.global	__aeabi_dcmplt
 213              		.global	__aeabi_ui2d
 214              		.global	__aeabi_ddiv
 215              		.global	__aeabi_fcmpeq
 216              		.global	__aeabi_d2iz
 217              		.section	.text.read_capacitance,"ax",%progbits
 218              		.align	2
 219              		.global	read_capacitance
 220              		.thumb
 221              		.thumb_func
 222              		.type	read_capacitance, %function
 223              	read_capacitance:
 224              	.LFB67:
ARM GAS  C:\Users\user\AppData\Local\Temp\cc3xHgQY.s 			page 6


  62:main.c        **** 
  63:main.c        **** void read_capacitance()
  64:main.c        **** {
 225              		.loc 1 64 0
 226              		.cfi_startproc
 227              		@ args = 0, pretend = 0, frame = 0
 228              		@ frame_needed = 0, uses_anonymous_args = 0
 229 0000 F8B5     		push	{r3, r4, r5, r6, r7, lr}
 230              		.cfi_def_cfa_offset 24
 231              		.cfi_offset 3, -24
 232              		.cfi_offset 4, -20
 233              		.cfi_offset 5, -16
 234              		.cfi_offset 6, -12
 235              		.cfi_offset 7, -8
 236              		.cfi_offset 14, -4
  65:main.c        ****     uint32_t start_time, stop_time;
  66:main.c        ****     float capacitance, voltage;
  67:main.c        ****     
  68:main.c        ****     // Discharge capacitor first
  69:main.c        ****     ChargingPin_Write(0);
 237              		.loc 1 69 0
 238 0002 0020     		movs	r0, #0
 239 0004 FFF7FEFF 		bl	ChargingPin_Write
 240              	.LVL31:
  70:main.c        ****     CyDelay(150);
 241              		.loc 1 70 0
 242 0008 9620     		movs	r0, #150
 243 000a FFF7FEFF 		bl	CyDelay
 244              	.LVL32:
  71:main.c        ****     voltage = 0; //Reset value
  72:main.c        ****     // Reset and start timer
  73:main.c        ****     Timer_1_WriteCounter(0);
 245              		.loc 1 73 0
 246 000e 0020     		movs	r0, #0
 247 0010 FFF7FEFF 		bl	Timer_1_WriteCounter
 248              	.LVL33:
  74:main.c        ****     Timer_1_Start();
 249              		.loc 1 74 0
 250 0014 FFF7FEFF 		bl	Timer_1_Start
 251              	.LVL34:
  75:main.c        ****     // Charge up capacitor
  76:main.c        ****     ChargingPin_Write(1);
 252              		.loc 1 76 0
 253 0018 0120     		movs	r0, #1
 254 001a FFF7FEFF 		bl	ChargingPin_Write
 255              	.LVL35:
  77:main.c        ****     start_time = Timer_1_ReadCounter();
 256              		.loc 1 77 0
 257 001e FFF7FEFF 		bl	Timer_1_ReadCounter
 258              	.LVL36:
 259 0022 0446     		mov	r4, r0
 260              	.LVL37:
  71:main.c        ****     // Reset and start timer
 261              		.loc 1 71 0
 262 0024 0020     		movs	r0, #0
 263              	.LVL38:
  78:main.c        ****     
ARM GAS  C:\Users\user\AppData\Local\Temp\cc3xHgQY.s 			page 7


  79:main.c        ****     while (voltage < VTHRESHOLD)
 264              		.loc 1 79 0
 265 0026 17E0     		b	.L13
 266              	.LVL39:
 267              	.L15:
  80:main.c        ****     {
  81:main.c        ****         // Start ADC conversion
  82:main.c        ****         ADC_SAR_1_StartConvert();
 268              		.loc 1 82 0
 269 0028 FFF7FEFF 		bl	ADC_SAR_1_StartConvert
 270              	.LVL40:
 271              	.L14:
  83:main.c        ****         
  84:main.c        ****         // Wait for the conversion to complete
  85:main.c        ****         do
  86:main.c        ****         {
  87:main.c        ****             adcResult = ADC_SAR_1_IsEndConversion(ADC_SAR_1_RETURN_STATUS);
 272              		.loc 1 87 0 discriminator 1
 273 002c 0120     		movs	r0, #1
 274 002e FFF7FEFF 		bl	ADC_SAR_1_IsEndConversion
 275              	.LVL41:
 276 0032 80B2     		uxth	r0, r0
 277 0034 404B     		ldr	r3, .L20+48
 278 0036 1880     		strh	r0, [r3]	@ movhi
  88:main.c        ****         } while (adcResult == 0);
 279              		.loc 1 88 0 discriminator 1
 280 0038 0028     		cmp	r0, #0
 281 003a F7D0     		beq	.L14
  89:main.c        **** 
  90:main.c        ****         // Read the result (using GetResult16 for a wider range)
  91:main.c        ****         adcResult = ADC_SAR_1_GetResult16(); 
 282              		.loc 1 91 0
 283 003c FFF7FEFF 		bl	ADC_SAR_1_GetResult16
 284              	.LVL42:
 285 0040 80B2     		uxth	r0, r0
 286 0042 3D4B     		ldr	r3, .L20+48
 287 0044 1880     		strh	r0, [r3]	@ movhi
  92:main.c        ****         // Map resulting input voltage
  93:main.c        ****         voltage = (VREF/ADC_MAX_VALUE)*adcResult;
 288              		.loc 1 93 0
 289 0046 FFF7FEFF 		bl	__aeabi_i2d
 290              	.LVL43:
 291 004a 2FA3     		adr	r3, .L20
 292 004c D3E90023 		ldrd	r2, [r3]
 293 0050 FFF7FEFF 		bl	__aeabi_dmul
 294              	.LVL44:
 295 0054 FFF7FEFF 		bl	__aeabi_d2f
 296              	.LVL45:
 297              	.L13:
  79:main.c        ****     {
 298              		.loc 1 79 0
 299 0058 FFF7FEFF 		bl	__aeabi_f2d
 300              	.LVL46:
 301 005c 2CA3     		adr	r3, .L20+8
 302 005e D3E90023 		ldrd	r2, [r3]
 303 0062 FFF7FEFF 		bl	__aeabi_dcmplt
 304              	.LVL47:
ARM GAS  C:\Users\user\AppData\Local\Temp\cc3xHgQY.s 			page 8


 305 0066 0028     		cmp	r0, #0
 306 0068 DED1     		bne	.L15
  94:main.c        ****     }
  95:main.c        ****     stop_time = Timer_1_ReadCounter();
 307              		.loc 1 95 0
 308 006a FFF7FEFF 		bl	Timer_1_ReadCounter
 309              	.LVL48:
 310 006e 0546     		mov	r5, r0
 311              	.LVL49:
  96:main.c        ****     Timer_1_Stop();
 312              		.loc 1 96 0
 313 0070 FFF7FEFF 		bl	Timer_1_Stop
 314              	.LVL50:
  97:main.c        ****     float time_elapsed = (stop_time - start_time) * TIMER_RESOLUTION;
 315              		.loc 1 97 0
 316 0074 281B     		subs	r0, r5, r4
 317 0076 FFF7FEFF 		bl	__aeabi_ui2d
 318              	.LVL51:
 319 007a 27A3     		adr	r3, .L20+16
 320 007c D3E90023 		ldrd	r2, [r3]
 321 0080 FFF7FEFF 		bl	__aeabi_dmul
 322              	.LVL52:
 323 0084 FFF7FEFF 		bl	__aeabi_d2f
 324              	.LVL53:
  98:main.c        ****     capacitance = time_elapsed / R * CORRECTION_FACTOR;
 325              		.loc 1 98 0
 326 0088 FFF7FEFF 		bl	__aeabi_f2d
 327              	.LVL54:
 328 008c 24A3     		adr	r3, .L20+24
 329 008e D3E90023 		ldrd	r2, [r3]
 330 0092 FFF7FEFF 		bl	__aeabi_ddiv
 331              	.LVL55:
 332 0096 0022     		movs	r2, #0
 333 0098 284B     		ldr	r3, .L20+52
 334 009a FFF7FEFF 		bl	__aeabi_dmul
 335              	.LVL56:
 336 009e FFF7FEFF 		bl	__aeabi_d2f
 337              	.LVL57:
 338 00a2 0446     		mov	r4, r0
 339              	.LVL58:
  99:main.c        ****     if (capacitance != 0)
 340              		.loc 1 99 0
 341 00a4 0021     		movs	r1, #0
 342 00a6 FFF7FEFF 		bl	__aeabi_fcmpeq
 343              	.LVL59:
 344 00aa 50BB     		cbnz	r0, .L12
 100:main.c        ****     {
 101:main.c        ****         sprintf(string_1, "Capacitance: %d.%06d nF\n", (int)(capacitance * 1e9), (int)((capacitance
 345              		.loc 1 101 0
 346 00ac 2046     		mov	r0, r4
 347 00ae FFF7FEFF 		bl	__aeabi_f2d
 348              	.LVL60:
 349 00b2 1DA3     		adr	r3, .L20+32
 350 00b4 D3E90023 		ldrd	r2, [r3]
 351 00b8 FFF7FEFF 		bl	__aeabi_dmul
 352              	.LVL61:
 353 00bc 0646     		mov	r6, r0
ARM GAS  C:\Users\user\AppData\Local\Temp\cc3xHgQY.s 			page 9


 354 00be 0F46     		mov	r7, r1
 355 00c0 1BA3     		adr	r3, .L20+40
 356 00c2 D3E90023 		ldrd	r2, [r3]
 357 00c6 FFF7FEFF 		bl	__aeabi_dmul
 358              	.LVL62:
 359 00ca FFF7FEFF 		bl	__aeabi_d2iz
 360              	.LVL63:
 361 00ce 1C4B     		ldr	r3, .L20+56
 362 00d0 83FB0034 		smull	r3, r4, r3, r0
 363              	.LVL64:
 364 00d4 C317     		asrs	r3, r0, #31
 365 00d6 C3EBA443 		rsb	r3, r3, r4, asr #18
 366 00da 1A4C     		ldr	r4, .L20+60
 367 00dc 04FB1304 		mls	r4, r4, r3, r0
 368 00e0 3046     		mov	r0, r6
 369 00e2 3946     		mov	r1, r7
 370 00e4 FFF7FEFF 		bl	__aeabi_d2iz
 371              	.LVL65:
 372 00e8 174D     		ldr	r5, .L20+64
 373              	.LVL66:
 374 00ea 2346     		mov	r3, r4
 375 00ec 0246     		mov	r2, r0
 376 00ee 1749     		ldr	r1, .L20+68
 377 00f0 2846     		mov	r0, r5
 378 00f2 FFF7FEFF 		bl	sprintf
 379              	.LVL67:
 102:main.c        ****         UART_1_PutString(string_1);
 380              		.loc 1 102 0
 381 00f6 2846     		mov	r0, r5
 382 00f8 FFF7FEFF 		bl	UART_1_PutString
 383              	.LVL68:
 103:main.c        ****         CyDelay(100);
 384              		.loc 1 103 0
 385 00fc 6420     		movs	r0, #100
 386 00fe FFF7FEFF 		bl	CyDelay
 387              	.LVL69:
 388              	.L12:
 389 0102 F8BD     		pop	{r3, r4, r5, r6, r7, pc}
 390              	.L21:
 391 0104 AFF30080 		.align	3
 392              	.L20:
 393 0108 14400114 		.word	335626260
 394 010c 4001543F 		.word	1062469952
 395 0110 33333333 		.word	858993459
 396 0114 33330940 		.word	1074344755
 397 0118 8DEDB5A0 		.word	-1598689907
 398 011c F7C6C03E 		.word	1052821239
 399 0120 00000000 		.word	0
 400 0124 0088C340 		.word	1086556160
 401 0128 00000000 		.word	0
 402 012c 65CDCD41 		.word	1104006501
 403 0130 00000000 		.word	0
 404 0134 80842E41 		.word	1093567616
 405 0138 00000000 		.word	adcResult
 406 013c 00408F40 		.word	1083129856
 407 0140 83DE1B43 		.word	1125899907
 408 0144 40420F00 		.word	1000000
ARM GAS  C:\Users\user\AppData\Local\Temp\cc3xHgQY.s 			page 10


 409 0148 00000000 		.word	string_1
 410 014c 40000000 		.word	.LC2
 411              		.cfi_endproc
 412              	.LFE67:
 413              		.size	read_capacitance, .-read_capacitance
 414              		.section	.text.main,"ax",%progbits
 415              		.align	2
 416              		.global	main
 417              		.thumb
 418              		.thumb_func
 419              		.type	main, %function
 420              	main:
 421              	.LFB68:
 104:main.c        ****     }
 105:main.c        **** }
 106:main.c        **** 
 107:main.c        **** 
 108:main.c        **** 
 109:main.c        **** int main(void) {
 422              		.loc 1 109 0
 423              		.cfi_startproc
 424              		@ args = 0, pretend = 0, frame = 16
 425              		@ frame_needed = 0, uses_anonymous_args = 0
 426 0000 00B5     		push	{lr}
 427              		.cfi_def_cfa_offset 4
 428              		.cfi_offset 14, -4
 429 0002 85B0     		sub	sp, sp, #20
 430              		.cfi_def_cfa_offset 24
 110:main.c        ****     CyGlobalIntEnable;
 431              		.loc 1 110 0
 432              		.syntax unified
 433              	@ 110 "main.c" 1
 434 0004 62B6     		CPSIE   i
 435              	@ 0 "" 2
 111:main.c        ****     I2C_1_Start();
 436              		.loc 1 111 0
 437              		.thumb
 438              		.syntax unified
 439 0006 FFF7FEFF 		bl	I2C_1_Start
 440              	.LVL70:
 112:main.c        ****     UART_1_Start();
 441              		.loc 1 112 0
 442 000a FFF7FEFF 		bl	UART_1_Start
 443              	.LVL71:
 113:main.c        ****     ADC_SAR_1_Start();
 444              		.loc 1 113 0
 445 000e FFF7FEFF 		bl	ADC_SAR_1_Start
 446              	.LVL72:
 114:main.c        ****     Timer_1_Start();
 447              		.loc 1 114 0
 448 0012 FFF7FEFF 		bl	Timer_1_Start
 449              	.LVL73:
 115:main.c        **** 
 116:main.c        ****     // Start continuous measurement with 0x0010 command and pressure 0x0000
 117:main.c        ****     uint8_t startCmd[5] = {0x00, 0x10, 0x00, 0x00, 0x81}; // 0x81 is CRC for 0x0000
 450              		.loc 1 117 0
 451 0016 144B     		ldr	r3, .L25
ARM GAS  C:\Users\user\AppData\Local\Temp\cc3xHgQY.s 			page 11


 452 0018 1868     		ldr	r0, [r3]	@ unaligned
 453 001a 0290     		str	r0, [sp, #8]	@ unaligned
 454 001c 1B79     		ldrb	r3, [r3, #4]	@ zero_extendqisi2
 455 001e 8DF80C30 		strb	r3, [sp, #12]
 118:main.c        ****     I2C_Write(startCmd, sizeof(startCmd));
 456              		.loc 1 118 0
 457 0022 0521     		movs	r1, #5
 458 0024 02A8     		add	r0, sp, #8
 459 0026 FFF7FEFF 		bl	I2C_Write
 460              	.LVL74:
 119:main.c        ****     CyDelay(1000); // Allow sensor initialization
 461              		.loc 1 119 0
 462 002a 4FF47A70 		mov	r0, #1000
 463 002e FFF7FEFF 		bl	CyDelay
 464              	.LVL75:
 120:main.c        ****     UART_1_PutString("Starting sensor reading...\n");
 465              		.loc 1 120 0
 466 0032 0E48     		ldr	r0, .L25+4
 467 0034 FFF7FEFF 		bl	UART_1_PutString
 468              	.LVL76:
 469              	.L23:
 470              	.LBB2:
 121:main.c        **** 
 122:main.c        ****     for(;;) 
 123:main.c        ****     {
 124:main.c        ****         // Command to read data (0x0300)
 125:main.c        ****         uint8_t readCmd[2] = {0x03, 0x00};
 471              		.loc 1 125 0 discriminator 1
 472 0038 0323     		movs	r3, #3
 473 003a 8DF80430 		strb	r3, [sp, #4]
 474 003e 0023     		movs	r3, #0
 475 0040 8DF80530 		strb	r3, [sp, #5]
 126:main.c        ****         I2C_Write(readCmd, sizeof(readCmd));
 476              		.loc 1 126 0 discriminator 1
 477 0044 0221     		movs	r1, #2
 478 0046 01A8     		add	r0, sp, #4
 479 0048 FFF7FEFF 		bl	I2C_Write
 480              	.LVL77:
 127:main.c        ****         CyDelay(300); // Wait for command processing
 481              		.loc 1 127 0 discriminator 1
 482 004c 4FF49670 		mov	r0, #300
 483 0050 FFF7FEFF 		bl	CyDelay
 484              	.LVL78:
 128:main.c        ****         read_sensor_data();
 485              		.loc 1 128 0 discriminator 1
 486 0054 FFF7FEFF 		bl	read_sensor_data
 487              	.LVL79:
 129:main.c        ****         CyDelay(1000); // Match measurement interval
 488              		.loc 1 129 0 discriminator 1
 489 0058 4FF47A70 		mov	r0, #1000
 490 005c FFF7FEFF 		bl	CyDelay
 491              	.LVL80:
 130:main.c        ****         read_capacitance();
 492              		.loc 1 130 0 discriminator 1
 493 0060 FFF7FEFF 		bl	read_capacitance
 494              	.LVL81:
 495 0064 E8E7     		b	.L23
ARM GAS  C:\Users\user\AppData\Local\Temp\cc3xHgQY.s 			page 12


 496              	.L26:
 497 0066 00BF     		.align	2
 498              	.L25:
 499 0068 00000000 		.word	.LANCHOR0
 500 006c 5C000000 		.word	.LC3
 501              	.LBE2:
 502              		.cfi_endproc
 503              	.LFE68:
 504              		.size	main, .-main
 505              		.comm	adcResult,2,2
 506              		.comm	buffer,18,4
 507              		.comm	string_1,100,4
 508              		.section	.rodata
 509              		.align	2
 510              		.set	.LANCHOR0,. + 0
 511              	.LC0:
 512 0000 00       		.byte	0
 513 0001 10       		.byte	16
 514 0002 00       		.byte	0
 515 0003 00       		.byte	0
 516 0004 81       		.byte	-127
 517              		.section	.rodata.str1.4,"aMS",%progbits,1
 518              		.align	2
 519              	.LC1:
 520 0000 434F323A 		.ascii	"CO2: %d ppm, Temperature: %d degrees, Relative Humi"
 520      20256420 
 520      70706D2C 
 520      2054656D 
 520      70657261 
 521 0033 64697479 		.ascii	"dity: %d%%\012\000"
 521      3A202564 
 521      25250A00 
 522 003f 00       		.space	1
 523              	.LC2:
 524 0040 43617061 		.ascii	"Capacitance: %d.%06d nF\012\000"
 524      63697461 
 524      6E63653A 
 524      2025642E 
 524      25303664 
 525 0059 000000   		.space	3
 526              	.LC3:
 527 005c 53746172 		.ascii	"Starting sensor reading...\012\000"
 527      74696E67 
 527      2073656E 
 527      736F7220 
 527      72656164 
 528              		.text
 529              	.Letext0:
 530              		.file 2 "c:\\program files (x86)\\cypress\\psoc creator\\4.4\\psoc creator\\import\\gnu\\arm\\5.4.
 531              		.file 3 "c:\\program files (x86)\\cypress\\psoc creator\\4.4\\psoc creator\\import\\gnu\\arm\\5.4.
 532              		.file 4 "Generated_Source\\PSoC5/cytypes.h"
 533              		.file 5 "Generated_Source\\PSoC5/core_cm3.h"
 534              		.file 6 "Generated_Source\\PSoC5/I2C_1.h"
 535              		.file 7 "c:\\program files (x86)\\cypress\\psoc creator\\4.4\\psoc creator\\import\\gnu\\arm\\5.4.
 536              		.file 8 "Generated_Source\\PSoC5/UART_1.h"
 537              		.file 9 "Generated_Source\\PSoC5/ChargingPin.h"
 538              		.file 10 "Generated_Source\\PSoC5/CyLib.h"
ARM GAS  C:\Users\user\AppData\Local\Temp\cc3xHgQY.s 			page 13


 539              		.file 11 "Generated_Source\\PSoC5/Timer_1.h"
 540              		.file 12 "Generated_Source\\PSoC5/ADC_SAR_1.h"
 541              		.section	.debug_info,"",%progbits
 542              	.Ldebug_info0:
 543 0000 2F060000 		.4byte	0x62f
 544 0004 0400     		.2byte	0x4
 545 0006 00000000 		.4byte	.Ldebug_abbrev0
 546 000a 04       		.byte	0x4
 547 000b 01       		.uleb128 0x1
 548 000c 4C020000 		.4byte	.LASF66
 549 0010 0C       		.byte	0xc
 550 0011 57030000 		.4byte	.LASF67
 551 0015 5F000000 		.4byte	.LASF68
 552 0019 00000000 		.4byte	.Ldebug_ranges0+0
 553 001d 00000000 		.4byte	0
 554 0021 00000000 		.4byte	.Ldebug_line0
 555 0025 02       		.uleb128 0x2
 556 0026 01       		.byte	0x1
 557 0027 06       		.byte	0x6
 558 0028 C4010000 		.4byte	.LASF0
 559 002c 03       		.uleb128 0x3
 560 002d 5F010000 		.4byte	.LASF4
 561 0031 02       		.byte	0x2
 562 0032 1D       		.byte	0x1d
 563 0033 37000000 		.4byte	0x37
 564 0037 02       		.uleb128 0x2
 565 0038 01       		.byte	0x1
 566 0039 08       		.byte	0x8
 567 003a 9B010000 		.4byte	.LASF1
 568 003e 02       		.uleb128 0x2
 569 003f 02       		.byte	0x2
 570 0040 05       		.byte	0x5
 571 0041 3C000000 		.4byte	.LASF2
 572 0045 02       		.uleb128 0x2
 573 0046 02       		.byte	0x2
 574 0047 07       		.byte	0x7
 575 0048 39020000 		.4byte	.LASF3
 576 004c 03       		.uleb128 0x3
 577 004d B8030000 		.4byte	.LASF5
 578 0051 02       		.byte	0x2
 579 0052 3F       		.byte	0x3f
 580 0053 57000000 		.4byte	0x57
 581 0057 02       		.uleb128 0x2
 582 0058 04       		.byte	0x4
 583 0059 05       		.byte	0x5
 584 005a 44010000 		.4byte	.LASF6
 585 005e 03       		.uleb128 0x3
 586 005f 88030000 		.4byte	.LASF7
 587 0063 02       		.byte	0x2
 588 0064 41       		.byte	0x41
 589 0065 69000000 		.4byte	0x69
 590 0069 02       		.uleb128 0x2
 591 006a 04       		.byte	0x4
 592 006b 07       		.byte	0x7
 593 006c 5E030000 		.4byte	.LASF8
 594 0070 02       		.uleb128 0x2
 595 0071 08       		.byte	0x8
ARM GAS  C:\Users\user\AppData\Local\Temp\cc3xHgQY.s 			page 14


 596 0072 05       		.byte	0x5
 597 0073 27010000 		.4byte	.LASF9
 598 0077 02       		.uleb128 0x2
 599 0078 08       		.byte	0x8
 600 0079 07       		.byte	0x7
 601 007a D0010000 		.4byte	.LASF10
 602 007e 04       		.uleb128 0x4
 603 007f 04       		.byte	0x4
 604 0080 05       		.byte	0x5
 605 0081 696E7400 		.ascii	"int\000"
 606 0085 02       		.uleb128 0x2
 607 0086 04       		.byte	0x4
 608 0087 07       		.byte	0x7
 609 0088 FE010000 		.4byte	.LASF11
 610 008c 03       		.uleb128 0x3
 611 008d CD000000 		.4byte	.LASF12
 612 0091 03       		.byte	0x3
 613 0092 18       		.byte	0x18
 614 0093 2C000000 		.4byte	0x2c
 615 0097 03       		.uleb128 0x3
 616 0098 10030000 		.4byte	.LASF13
 617 009c 03       		.byte	0x3
 618 009d 2C       		.byte	0x2c
 619 009e 4C000000 		.4byte	0x4c
 620 00a2 03       		.uleb128 0x3
 621 00a3 F5010000 		.4byte	.LASF14
 622 00a7 03       		.byte	0x3
 623 00a8 30       		.byte	0x30
 624 00a9 5E000000 		.4byte	0x5e
 625 00ad 05       		.uleb128 0x5
 626 00ae C6000000 		.4byte	.LASF15
 627 00b2 04       		.byte	0x4
 628 00b3 E901     		.2byte	0x1e9
 629 00b5 45000000 		.4byte	0x45
 630 00b9 02       		.uleb128 0x2
 631 00ba 04       		.byte	0x4
 632 00bb 04       		.byte	0x4
 633 00bc 18010000 		.4byte	.LASF16
 634 00c0 02       		.uleb128 0x2
 635 00c1 08       		.byte	0x8
 636 00c2 04       		.byte	0x4
 637 00c3 70030000 		.4byte	.LASF17
 638 00c7 02       		.uleb128 0x2
 639 00c8 01       		.byte	0x1
 640 00c9 08       		.byte	0x8
 641 00ca EC020000 		.4byte	.LASF18
 642 00ce 02       		.uleb128 0x2
 643 00cf 08       		.byte	0x8
 644 00d0 04       		.byte	0x4
 645 00d1 8F010000 		.4byte	.LASF19
 646 00d5 02       		.uleb128 0x2
 647 00d6 04       		.byte	0x4
 648 00d7 07       		.byte	0x7
 649 00d8 4F000000 		.4byte	.LASF20
 650 00dc 06       		.uleb128 0x6
 651 00dd 55010000 		.4byte	.LASF23
 652 00e1 01       		.byte	0x1
ARM GAS  C:\Users\user\AppData\Local\Temp\cc3xHgQY.s 			page 15


 653 00e2 18       		.byte	0x18
 654 00e3 00000000 		.4byte	.LFB64
 655 00e7 1A000000 		.4byte	.LFE64-.LFB64
 656 00eb 01       		.uleb128 0x1
 657 00ec 9C       		.byte	0x9c
 658 00ed 39010000 		.4byte	0x139
 659 00f1 07       		.uleb128 0x7
 660 00f2 4B030000 		.4byte	.LASF21
 661 00f6 01       		.byte	0x1
 662 00f7 18       		.byte	0x18
 663 00f8 39010000 		.4byte	0x139
 664 00fc 00000000 		.4byte	.LLST0
 665 0100 07       		.uleb128 0x7
 666 0101 58000000 		.4byte	.LASF22
 667 0105 01       		.byte	0x1
 668 0106 18       		.byte	0x18
 669 0107 8C000000 		.4byte	0x8c
 670 010b 2C000000 		.4byte	.LLST1
 671 010f 08       		.uleb128 0x8
 672 0110 0E000000 		.4byte	.LVL3
 673 0114 77050000 		.4byte	0x577
 674 0118 2F010000 		.4byte	0x12f
 675 011c 09       		.uleb128 0x9
 676 011d 01       		.uleb128 0x1
 677 011e 50       		.byte	0x50
 678 011f 02       		.uleb128 0x2
 679 0120 08       		.byte	0x8
 680 0121 61       		.byte	0x61
 681 0122 09       		.uleb128 0x9
 682 0123 01       		.uleb128 0x1
 683 0124 51       		.byte	0x51
 684 0125 03       		.uleb128 0x3
 685 0126 F3       		.byte	0xf3
 686 0127 01       		.uleb128 0x1
 687 0128 50       		.byte	0x50
 688 0129 09       		.uleb128 0x9
 689 012a 01       		.uleb128 0x1
 690 012b 53       		.byte	0x53
 691 012c 01       		.uleb128 0x1
 692 012d 30       		.byte	0x30
 693 012e 00       		.byte	0
 694 012f 0A       		.uleb128 0xa
 695 0130 12000000 		.4byte	.LVL4
 696 0134 82050000 		.4byte	0x582
 697 0138 00       		.byte	0
 698 0139 0B       		.uleb128 0xb
 699 013a 04       		.byte	0x4
 700 013b 8C000000 		.4byte	0x8c
 701 013f 06       		.uleb128 0x6
 702 0140 46000000 		.4byte	.LASF24
 703 0144 01       		.byte	0x1
 704 0145 1D       		.byte	0x1d
 705 0146 00000000 		.4byte	.LFB65
 706 014a 1A000000 		.4byte	.LFE65-.LFB65
 707 014e 01       		.uleb128 0x1
 708 014f 9C       		.byte	0x9c
 709 0150 9C010000 		.4byte	0x19c
ARM GAS  C:\Users\user\AppData\Local\Temp\cc3xHgQY.s 			page 16


 710 0154 07       		.uleb128 0x7
 711 0155 4B030000 		.4byte	.LASF21
 712 0159 01       		.byte	0x1
 713 015a 1D       		.byte	0x1d
 714 015b 39010000 		.4byte	0x139
 715 015f 4D000000 		.4byte	.LLST2
 716 0163 07       		.uleb128 0x7
 717 0164 58000000 		.4byte	.LASF22
 718 0168 01       		.byte	0x1
 719 0169 1D       		.byte	0x1d
 720 016a 8C000000 		.4byte	0x8c
 721 016e 79000000 		.4byte	.LLST3
 722 0172 08       		.uleb128 0x8
 723 0173 0E000000 		.4byte	.LVL8
 724 0177 8D050000 		.4byte	0x58d
 725 017b 92010000 		.4byte	0x192
 726 017f 09       		.uleb128 0x9
 727 0180 01       		.uleb128 0x1
 728 0181 50       		.byte	0x50
 729 0182 02       		.uleb128 0x2
 730 0183 08       		.byte	0x8
 731 0184 61       		.byte	0x61
 732 0185 09       		.uleb128 0x9
 733 0186 01       		.uleb128 0x1
 734 0187 51       		.byte	0x51
 735 0188 03       		.uleb128 0x3
 736 0189 F3       		.byte	0xf3
 737 018a 01       		.uleb128 0x1
 738 018b 50       		.byte	0x50
 739 018c 09       		.uleb128 0x9
 740 018d 01       		.uleb128 0x1
 741 018e 53       		.byte	0x53
 742 018f 01       		.uleb128 0x1
 743 0190 30       		.byte	0x30
 744 0191 00       		.byte	0
 745 0192 0A       		.uleb128 0xa
 746 0193 12000000 		.4byte	.LVL9
 747 0197 82050000 		.4byte	0x582
 748 019b 00       		.byte	0
 749 019c 0C       		.uleb128 0xc
 750 019d 93000000 		.4byte	.LASF36
 751 01a1 01       		.byte	0x1
 752 01a2 22       		.byte	0x22
 753 01a3 00000000 		.4byte	.LFB66
 754 01a7 88000000 		.4byte	.LFE66-.LFB66
 755 01ab 01       		.uleb128 0x1
 756 01ac 9C       		.byte	0x9c
 757 01ad B7020000 		.4byte	0x2b7
 758 01b1 0D       		.uleb128 0xd
 759 01b2 E7010000 		.4byte	.LASF25
 760 01b6 01       		.byte	0x1
 761 01b7 27       		.byte	0x27
 762 01b8 A2000000 		.4byte	0xa2
 763 01bc 9A000000 		.4byte	.LLST4
 764 01c0 0D       		.uleb128 0xd
 765 01c1 2B020000 		.4byte	.LASF26
 766 01c5 01       		.byte	0x1
ARM GAS  C:\Users\user\AppData\Local\Temp\cc3xHgQY.s 			page 17


 767 01c6 28       		.byte	0x28
 768 01c7 A2000000 		.4byte	0xa2
 769 01cb AD000000 		.4byte	.LLST5
 770 01cf 0D       		.uleb128 0xd
 771 01d0 29000000 		.4byte	.LASF27
 772 01d4 01       		.byte	0x1
 773 01d5 29       		.byte	0x29
 774 01d6 A2000000 		.4byte	0xa2
 775 01da C0000000 		.4byte	.LLST6
 776 01de 0D       		.uleb128 0xd
 777 01df 7E010000 		.4byte	.LASF28
 778 01e3 01       		.byte	0x1
 779 01e4 2A       		.byte	0x2a
 780 01e5 7E000000 		.4byte	0x7e
 781 01e9 E5000000 		.4byte	.LLST7
 782 01ed 0D       		.uleb128 0xd
 783 01ee 0B020000 		.4byte	.LASF29
 784 01f2 01       		.byte	0x1
 785 01f3 2C       		.byte	0x2c
 786 01f4 A2000000 		.4byte	0xa2
 787 01f8 03010000 		.4byte	.LLST8
 788 01fc 0D       		.uleb128 0xd
 789 01fd 35010000 		.4byte	.LASF30
 790 0201 01       		.byte	0x1
 791 0202 2D       		.byte	0x2d
 792 0203 A2000000 		.4byte	0xa2
 793 0207 16010000 		.4byte	.LLST9
 794 020b 0D       		.uleb128 0xd
 795 020c CA030000 		.4byte	.LASF31
 796 0210 01       		.byte	0x1
 797 0211 2E       		.byte	0x2e
 798 0212 A2000000 		.4byte	0xa2
 799 0216 29010000 		.4byte	.LLST10
 800 021a 0D       		.uleb128 0xd
 801 021b A0030000 		.4byte	.LASF32
 802 021f 01       		.byte	0x1
 803 0220 2F       		.byte	0x2f
 804 0221 7E000000 		.4byte	0x7e
 805 0225 4E010000 		.4byte	.LLST11
 806 0229 0D       		.uleb128 0xd
 807 022a A4000000 		.4byte	.LASF33
 808 022e 01       		.byte	0x1
 809 022f 31       		.byte	0x31
 810 0230 A2000000 		.4byte	0xa2
 811 0234 6C010000 		.4byte	.LLST12
 812 0238 0D       		.uleb128 0xd
 813 0239 0B010000 		.4byte	.LASF34
 814 023d 01       		.byte	0x1
 815 023e 32       		.byte	0x32
 816 023f A2000000 		.4byte	0xa2
 817 0243 7F010000 		.4byte	.LLST13
 818 0247 0D       		.uleb128 0xd
 819 0248 08030000 		.4byte	.LASF35
 820 024c 01       		.byte	0x1
 821 024d 33       		.byte	0x33
 822 024e A2000000 		.4byte	0xa2
 823 0252 92010000 		.4byte	.LLST14
ARM GAS  C:\Users\user\AppData\Local\Temp\cc3xHgQY.s 			page 18


 824 0256 0E       		.uleb128 0xe
 825 0257 726800   		.ascii	"rh\000"
 826 025a 01       		.byte	0x1
 827 025b 34       		.byte	0x34
 828 025c 7E000000 		.4byte	0x7e
 829 0260 B7010000 		.4byte	.LLST15
 830 0264 08       		.uleb128 0x8
 831 0265 0E000000 		.4byte	.LVL10
 832 0269 3F010000 		.4byte	0x13f
 833 026d 7D020000 		.4byte	0x27d
 834 0271 09       		.uleb128 0x9
 835 0272 01       		.uleb128 0x1
 836 0273 50       		.byte	0x50
 837 0274 02       		.uleb128 0x2
 838 0275 74       		.byte	0x74
 839 0276 00       		.sleb128 0
 840 0277 09       		.uleb128 0x9
 841 0278 01       		.uleb128 0x1
 842 0279 51       		.byte	0x51
 843 027a 01       		.uleb128 0x1
 844 027b 42       		.byte	0x42
 845 027c 00       		.byte	0
 846 027d 08       		.uleb128 0x8
 847 027e 70000000 		.4byte	.LVL28
 848 0282 98050000 		.4byte	0x598
 849 0286 A6020000 		.4byte	0x2a6
 850 028a 09       		.uleb128 0x9
 851 028b 01       		.uleb128 0x1
 852 028c 50       		.byte	0x50
 853 028d 02       		.uleb128 0x2
 854 028e 74       		.byte	0x74
 855 028f 00       		.sleb128 0
 856 0290 09       		.uleb128 0x9
 857 0291 01       		.uleb128 0x1
 858 0292 51       		.byte	0x51
 859 0293 05       		.uleb128 0x5
 860 0294 03       		.byte	0x3
 861 0295 00000000 		.4byte	.LC1
 862 0299 09       		.uleb128 0x9
 863 029a 01       		.uleb128 0x1
 864 029b 52       		.byte	0x52
 865 029c 02       		.uleb128 0x2
 866 029d 75       		.byte	0x75
 867 029e 00       		.sleb128 0
 868 029f 09       		.uleb128 0x9
 869 02a0 01       		.uleb128 0x1
 870 02a1 53       		.byte	0x53
 871 02a2 02       		.uleb128 0x2
 872 02a3 76       		.byte	0x76
 873 02a4 00       		.sleb128 0
 874 02a5 00       		.byte	0
 875 02a6 0F       		.uleb128 0xf
 876 02a7 76000000 		.4byte	.LVL29
 877 02ab A3050000 		.4byte	0x5a3
 878 02af 09       		.uleb128 0x9
 879 02b0 01       		.uleb128 0x1
 880 02b1 50       		.byte	0x50
ARM GAS  C:\Users\user\AppData\Local\Temp\cc3xHgQY.s 			page 19


 881 02b2 02       		.uleb128 0x2
 882 02b3 74       		.byte	0x74
 883 02b4 00       		.sleb128 0
 884 02b5 00       		.byte	0
 885 02b6 00       		.byte	0
 886 02b7 0C       		.uleb128 0xc
 887 02b8 1A020000 		.4byte	.LASF37
 888 02bc 01       		.byte	0x1
 889 02bd 3F       		.byte	0x3f
 890 02be 00000000 		.4byte	.LFB67
 891 02c2 50010000 		.4byte	.LFE67-.LFB67
 892 02c6 01       		.uleb128 0x1
 893 02c7 9C       		.byte	0x9c
 894 02c8 F5030000 		.4byte	0x3f5
 895 02cc 0D       		.uleb128 0xd
 896 02cd 32030000 		.4byte	.LASF38
 897 02d1 01       		.byte	0x1
 898 02d2 41       		.byte	0x41
 899 02d3 A2000000 		.4byte	0xa2
 900 02d7 D6010000 		.4byte	.LLST16
 901 02db 0D       		.uleb128 0xd
 902 02dc F4000000 		.4byte	.LASF39
 903 02e0 01       		.byte	0x1
 904 02e1 41       		.byte	0x41
 905 02e2 A2000000 		.4byte	0xa2
 906 02e6 F4010000 		.4byte	.LLST17
 907 02ea 0D       		.uleb128 0xd
 908 02eb AC030000 		.4byte	.LASF40
 909 02ef 01       		.byte	0x1
 910 02f0 42       		.byte	0x42
 911 02f1 B9000000 		.4byte	0xb9
 912 02f5 12020000 		.4byte	.LLST18
 913 02f9 0D       		.uleb128 0xd
 914 02fa 4D010000 		.4byte	.LASF41
 915 02fe 01       		.byte	0x1
 916 02ff 42       		.byte	0x42
 917 0300 B9000000 		.4byte	0xb9
 918 0304 30020000 		.4byte	.LLST19
 919 0308 0D       		.uleb128 0xd
 920 0309 00000000 		.4byte	.LASF42
 921 030d 01       		.byte	0x1
 922 030e 61       		.byte	0x61
 923 030f B9000000 		.4byte	0xb9
 924 0313 53020000 		.4byte	.LLST20
 925 0317 08       		.uleb128 0x8
 926 0318 08000000 		.4byte	.LVL31
 927 031c AE050000 		.4byte	0x5ae
 928 0320 2A030000 		.4byte	0x32a
 929 0324 09       		.uleb128 0x9
 930 0325 01       		.uleb128 0x1
 931 0326 50       		.byte	0x50
 932 0327 01       		.uleb128 0x1
 933 0328 30       		.byte	0x30
 934 0329 00       		.byte	0
 935 032a 08       		.uleb128 0x8
 936 032b 0E000000 		.4byte	.LVL32
 937 032f B9050000 		.4byte	0x5b9
ARM GAS  C:\Users\user\AppData\Local\Temp\cc3xHgQY.s 			page 20


 938 0333 3E030000 		.4byte	0x33e
 939 0337 09       		.uleb128 0x9
 940 0338 01       		.uleb128 0x1
 941 0339 50       		.byte	0x50
 942 033a 02       		.uleb128 0x2
 943 033b 08       		.byte	0x8
 944 033c 96       		.byte	0x96
 945 033d 00       		.byte	0
 946 033e 08       		.uleb128 0x8
 947 033f 14000000 		.4byte	.LVL33
 948 0343 C4050000 		.4byte	0x5c4
 949 0347 51030000 		.4byte	0x351
 950 034b 09       		.uleb128 0x9
 951 034c 01       		.uleb128 0x1
 952 034d 50       		.byte	0x50
 953 034e 01       		.uleb128 0x1
 954 034f 30       		.byte	0x30
 955 0350 00       		.byte	0
 956 0351 0A       		.uleb128 0xa
 957 0352 18000000 		.4byte	.LVL34
 958 0356 CF050000 		.4byte	0x5cf
 959 035a 08       		.uleb128 0x8
 960 035b 1E000000 		.4byte	.LVL35
 961 035f AE050000 		.4byte	0x5ae
 962 0363 6D030000 		.4byte	0x36d
 963 0367 09       		.uleb128 0x9
 964 0368 01       		.uleb128 0x1
 965 0369 50       		.byte	0x50
 966 036a 01       		.uleb128 0x1
 967 036b 31       		.byte	0x31
 968 036c 00       		.byte	0
 969 036d 0A       		.uleb128 0xa
 970 036e 22000000 		.4byte	.LVL36
 971 0372 DA050000 		.4byte	0x5da
 972 0376 0A       		.uleb128 0xa
 973 0377 2C000000 		.4byte	.LVL40
 974 037b E5050000 		.4byte	0x5e5
 975 037f 08       		.uleb128 0x8
 976 0380 32000000 		.4byte	.LVL41
 977 0384 F0050000 		.4byte	0x5f0
 978 0388 92030000 		.4byte	0x392
 979 038c 09       		.uleb128 0x9
 980 038d 01       		.uleb128 0x1
 981 038e 50       		.byte	0x50
 982 038f 01       		.uleb128 0x1
 983 0390 31       		.byte	0x31
 984 0391 00       		.byte	0
 985 0392 0A       		.uleb128 0xa
 986 0393 40000000 		.4byte	.LVL42
 987 0397 FB050000 		.4byte	0x5fb
 988 039b 0A       		.uleb128 0xa
 989 039c 6E000000 		.4byte	.LVL48
 990 03a0 DA050000 		.4byte	0x5da
 991 03a4 0A       		.uleb128 0xa
 992 03a5 74000000 		.4byte	.LVL50
 993 03a9 06060000 		.4byte	0x606
 994 03ad 08       		.uleb128 0x8
ARM GAS  C:\Users\user\AppData\Local\Temp\cc3xHgQY.s 			page 21


 995 03ae F6000000 		.4byte	.LVL67
 996 03b2 98050000 		.4byte	0x598
 997 03b6 D0030000 		.4byte	0x3d0
 998 03ba 09       		.uleb128 0x9
 999 03bb 01       		.uleb128 0x1
 1000 03bc 50       		.byte	0x50
 1001 03bd 02       		.uleb128 0x2
 1002 03be 75       		.byte	0x75
 1003 03bf 00       		.sleb128 0
 1004 03c0 09       		.uleb128 0x9
 1005 03c1 01       		.uleb128 0x1
 1006 03c2 51       		.byte	0x51
 1007 03c3 05       		.uleb128 0x5
 1008 03c4 03       		.byte	0x3
 1009 03c5 40000000 		.4byte	.LC2
 1010 03c9 09       		.uleb128 0x9
 1011 03ca 01       		.uleb128 0x1
 1012 03cb 53       		.byte	0x53
 1013 03cc 02       		.uleb128 0x2
 1014 03cd 74       		.byte	0x74
 1015 03ce 00       		.sleb128 0
 1016 03cf 00       		.byte	0
 1017 03d0 08       		.uleb128 0x8
 1018 03d1 FC000000 		.4byte	.LVL68
 1019 03d5 A3050000 		.4byte	0x5a3
 1020 03d9 E4030000 		.4byte	0x3e4
 1021 03dd 09       		.uleb128 0x9
 1022 03de 01       		.uleb128 0x1
 1023 03df 50       		.byte	0x50
 1024 03e0 02       		.uleb128 0x2
 1025 03e1 75       		.byte	0x75
 1026 03e2 00       		.sleb128 0
 1027 03e3 00       		.byte	0
 1028 03e4 0F       		.uleb128 0xf
 1029 03e5 02010000 		.4byte	.LVL69
 1030 03e9 B9050000 		.4byte	0x5b9
 1031 03ed 09       		.uleb128 0x9
 1032 03ee 01       		.uleb128 0x1
 1033 03ef 50       		.byte	0x50
 1034 03f0 02       		.uleb128 0x2
 1035 03f1 08       		.byte	0x8
 1036 03f2 64       		.byte	0x64
 1037 03f3 00       		.byte	0
 1038 03f4 00       		.byte	0
 1039 03f5 10       		.uleb128 0x10
 1040 03f6 8E000000 		.4byte	.LASF69
 1041 03fa 01       		.byte	0x1
 1042 03fb 6D       		.byte	0x6d
 1043 03fc 7E000000 		.4byte	0x7e
 1044 0400 00000000 		.4byte	.LFB68
 1045 0404 70000000 		.4byte	.LFE68-.LFB68
 1046 0408 01       		.uleb128 0x1
 1047 0409 9C       		.byte	0x9c
 1048 040a F3040000 		.4byte	0x4f3
 1049 040e 11       		.uleb128 0x11
 1050 040f D5000000 		.4byte	.LASF43
 1051 0413 01       		.byte	0x1
ARM GAS  C:\Users\user\AppData\Local\Temp\cc3xHgQY.s 			page 22


 1052 0414 75       		.byte	0x75
 1053 0415 F3040000 		.4byte	0x4f3
 1054 0419 02       		.uleb128 0x2
 1055 041a 91       		.byte	0x91
 1056 041b 70       		.sleb128 -16
 1057 041c 12       		.uleb128 0x12
 1058 041d 38000000 		.4byte	.LBB2
 1059 0421 38000000 		.4byte	.LBE2-.LBB2
 1060 0425 8D040000 		.4byte	0x48d
 1061 0429 11       		.uleb128 0x11
 1062 042a C2030000 		.4byte	.LASF44
 1063 042e 01       		.byte	0x1
 1064 042f 7D       		.byte	0x7d
 1065 0430 03050000 		.4byte	0x503
 1066 0434 02       		.uleb128 0x2
 1067 0435 91       		.byte	0x91
 1068 0436 6C       		.sleb128 -20
 1069 0437 08       		.uleb128 0x8
 1070 0438 4C000000 		.4byte	.LVL77
 1071 043c DC000000 		.4byte	0xdc
 1072 0440 50040000 		.4byte	0x450
 1073 0444 09       		.uleb128 0x9
 1074 0445 01       		.uleb128 0x1
 1075 0446 50       		.byte	0x50
 1076 0447 02       		.uleb128 0x2
 1077 0448 91       		.byte	0x91
 1078 0449 6C       		.sleb128 -20
 1079 044a 09       		.uleb128 0x9
 1080 044b 01       		.uleb128 0x1
 1081 044c 51       		.byte	0x51
 1082 044d 01       		.uleb128 0x1
 1083 044e 32       		.byte	0x32
 1084 044f 00       		.byte	0
 1085 0450 08       		.uleb128 0x8
 1086 0451 54000000 		.4byte	.LVL78
 1087 0455 B9050000 		.4byte	0x5b9
 1088 0459 65040000 		.4byte	0x465
 1089 045d 09       		.uleb128 0x9
 1090 045e 01       		.uleb128 0x1
 1091 045f 50       		.byte	0x50
 1092 0460 03       		.uleb128 0x3
 1093 0461 0A       		.byte	0xa
 1094 0462 2C01     		.2byte	0x12c
 1095 0464 00       		.byte	0
 1096 0465 0A       		.uleb128 0xa
 1097 0466 58000000 		.4byte	.LVL79
 1098 046a 9C010000 		.4byte	0x19c
 1099 046e 08       		.uleb128 0x8
 1100 046f 60000000 		.4byte	.LVL80
 1101 0473 B9050000 		.4byte	0x5b9
 1102 0477 83040000 		.4byte	0x483
 1103 047b 09       		.uleb128 0x9
 1104 047c 01       		.uleb128 0x1
 1105 047d 50       		.byte	0x50
 1106 047e 03       		.uleb128 0x3
 1107 047f 0A       		.byte	0xa
 1108 0480 E803     		.2byte	0x3e8
ARM GAS  C:\Users\user\AppData\Local\Temp\cc3xHgQY.s 			page 23


 1109 0482 00       		.byte	0
 1110 0483 0A       		.uleb128 0xa
 1111 0484 64000000 		.4byte	.LVL81
 1112 0488 B7020000 		.4byte	0x2b7
 1113 048c 00       		.byte	0
 1114 048d 0A       		.uleb128 0xa
 1115 048e 0A000000 		.4byte	.LVL70
 1116 0492 11060000 		.4byte	0x611
 1117 0496 0A       		.uleb128 0xa
 1118 0497 0E000000 		.4byte	.LVL71
 1119 049b 1C060000 		.4byte	0x61c
 1120 049f 0A       		.uleb128 0xa
 1121 04a0 12000000 		.4byte	.LVL72
 1122 04a4 27060000 		.4byte	0x627
 1123 04a8 0A       		.uleb128 0xa
 1124 04a9 16000000 		.4byte	.LVL73
 1125 04ad CF050000 		.4byte	0x5cf
 1126 04b1 08       		.uleb128 0x8
 1127 04b2 2A000000 		.4byte	.LVL74
 1128 04b6 DC000000 		.4byte	0xdc
 1129 04ba CA040000 		.4byte	0x4ca
 1130 04be 09       		.uleb128 0x9
 1131 04bf 01       		.uleb128 0x1
 1132 04c0 50       		.byte	0x50
 1133 04c1 02       		.uleb128 0x2
 1134 04c2 91       		.byte	0x91
 1135 04c3 70       		.sleb128 -16
 1136 04c4 09       		.uleb128 0x9
 1137 04c5 01       		.uleb128 0x1
 1138 04c6 51       		.byte	0x51
 1139 04c7 01       		.uleb128 0x1
 1140 04c8 35       		.byte	0x35
 1141 04c9 00       		.byte	0
 1142 04ca 08       		.uleb128 0x8
 1143 04cb 32000000 		.4byte	.LVL75
 1144 04cf B9050000 		.4byte	0x5b9
 1145 04d3 DF040000 		.4byte	0x4df
 1146 04d7 09       		.uleb128 0x9
 1147 04d8 01       		.uleb128 0x1
 1148 04d9 50       		.byte	0x50
 1149 04da 03       		.uleb128 0x3
 1150 04db 0A       		.byte	0xa
 1151 04dc E803     		.2byte	0x3e8
 1152 04de 00       		.byte	0
 1153 04df 0F       		.uleb128 0xf
 1154 04e0 38000000 		.4byte	.LVL76
 1155 04e4 A3050000 		.4byte	0x5a3
 1156 04e8 09       		.uleb128 0x9
 1157 04e9 01       		.uleb128 0x1
 1158 04ea 50       		.byte	0x50
 1159 04eb 05       		.uleb128 0x5
 1160 04ec 03       		.byte	0x3
 1161 04ed 5C000000 		.4byte	.LC3
 1162 04f1 00       		.byte	0
 1163 04f2 00       		.byte	0
 1164 04f3 13       		.uleb128 0x13
 1165 04f4 8C000000 		.4byte	0x8c
ARM GAS  C:\Users\user\AppData\Local\Temp\cc3xHgQY.s 			page 24


 1166 04f8 03050000 		.4byte	0x503
 1167 04fc 14       		.uleb128 0x14
 1168 04fd D5000000 		.4byte	0xd5
 1169 0501 04       		.byte	0x4
 1170 0502 00       		.byte	0
 1171 0503 13       		.uleb128 0x13
 1172 0504 8C000000 		.4byte	0x8c
 1173 0508 13050000 		.4byte	0x513
 1174 050c 14       		.uleb128 0x14
 1175 050d D5000000 		.4byte	0xd5
 1176 0511 01       		.byte	0x1
 1177 0512 00       		.byte	0
 1178 0513 15       		.uleb128 0x15
 1179 0514 E8030000 		.4byte	.LASF45
 1180 0518 05       		.byte	0x5
 1181 0519 1207     		.2byte	0x712
 1182 051b 1F050000 		.4byte	0x51f
 1183 051f 16       		.uleb128 0x16
 1184 0520 97000000 		.4byte	0x97
 1185 0524 13       		.uleb128 0x13
 1186 0525 C7000000 		.4byte	0xc7
 1187 0529 34050000 		.4byte	0x534
 1188 052d 14       		.uleb128 0x14
 1189 052e D5000000 		.4byte	0xd5
 1190 0532 63       		.byte	0x63
 1191 0533 00       		.byte	0
 1192 0534 17       		.uleb128 0x17
 1193 0535 1E010000 		.4byte	.LASF46
 1194 0539 01       		.byte	0x1
 1195 053a 14       		.byte	0x14
 1196 053b 24050000 		.4byte	0x524
 1197 053f 05       		.uleb128 0x5
 1198 0540 03       		.byte	0x3
 1199 0541 00000000 		.4byte	string_1
 1200 0545 13       		.uleb128 0x13
 1201 0546 8C000000 		.4byte	0x8c
 1202 054a 55050000 		.4byte	0x555
 1203 054e 14       		.uleb128 0x14
 1204 054f D5000000 		.4byte	0xd5
 1205 0553 11       		.byte	0x11
 1206 0554 00       		.byte	0
 1207 0555 17       		.uleb128 0x17
 1208 0556 50030000 		.4byte	.LASF47
 1209 055a 01       		.byte	0x1
 1210 055b 15       		.byte	0x15
 1211 055c 45050000 		.4byte	0x545
 1212 0560 05       		.uleb128 0x5
 1213 0561 03       		.byte	0x3
 1214 0562 00000000 		.4byte	buffer
 1215 0566 17       		.uleb128 0x17
 1216 0567 32000000 		.4byte	.LASF48
 1217 056b 01       		.byte	0x1
 1218 056c 16       		.byte	0x16
 1219 056d AD000000 		.4byte	0xad
 1220 0571 05       		.uleb128 0x5
 1221 0572 03       		.byte	0x3
 1222 0573 00000000 		.4byte	adcResult
ARM GAS  C:\Users\user\AppData\Local\Temp\cc3xHgQY.s 			page 25


 1223 0577 18       		.uleb128 0x18
 1224 0578 B1000000 		.4byte	.LASF49
 1225 057c B1000000 		.4byte	.LASF49
 1226 0580 06       		.byte	0x6
 1227 0581 A7       		.byte	0xa7
 1228 0582 18       		.uleb128 0x18
 1229 0583 B1010000 		.4byte	.LASF50
 1230 0587 B1010000 		.4byte	.LASF50
 1231 058b 06       		.byte	0x6
 1232 058c A3       		.byte	0xa3
 1233 058d 18       		.uleb128 0x18
 1234 058e F5030000 		.4byte	.LASF51
 1235 0592 F5030000 		.4byte	.LASF51
 1236 0596 06       		.byte	0x6
 1237 0597 A9       		.byte	0xa9
 1238 0598 18       		.uleb128 0x18
 1239 0599 A9010000 		.4byte	.LASF52
 1240 059d A9010000 		.4byte	.LASF52
 1241 05a1 07       		.byte	0x7
 1242 05a2 E7       		.byte	0xe7
 1243 05a3 18       		.uleb128 0x18
 1244 05a4 77030000 		.4byte	.LASF53
 1245 05a8 77030000 		.4byte	.LASF53
 1246 05ac 08       		.byte	0x8
 1247 05ad 8B       		.byte	0x8b
 1248 05ae 18       		.uleb128 0x18
 1249 05af DA020000 		.4byte	.LASF54
 1250 05b3 DA020000 		.4byte	.LASF54
 1251 05b7 09       		.byte	0x9
 1252 05b8 26       		.byte	0x26
 1253 05b9 18       		.uleb128 0x18
 1254 05ba 09040000 		.4byte	.LASF55
 1255 05be 09040000 		.4byte	.LASF55
 1256 05c2 0A       		.byte	0xa
 1257 05c3 76       		.byte	0x76
 1258 05c4 18       		.uleb128 0x18
 1259 05c5 69010000 		.4byte	.LASF56
 1260 05c9 69010000 		.4byte	.LASF56
 1261 05cd 0B       		.byte	0xb
 1262 05ce 6A       		.byte	0x6a
 1263 05cf 18       		.uleb128 0x18
 1264 05d0 3D030000 		.4byte	.LASF57
 1265 05d4 3D030000 		.4byte	.LASF57
 1266 05d8 0B       		.byte	0xb
 1267 05d9 5A       		.byte	0x5a
 1268 05da 18       		.uleb128 0x18
 1269 05db D4030000 		.4byte	.LASF58
 1270 05df D4030000 		.4byte	.LASF58
 1271 05e3 0B       		.byte	0xb
 1272 05e4 69       		.byte	0x69
 1273 05e5 18       		.uleb128 0x18
 1274 05e6 F1020000 		.4byte	.LASF59
 1275 05ea F1020000 		.4byte	.LASF59
 1276 05ee 0C       		.byte	0xc
 1277 05ef D1       		.byte	0xd1
 1278 05f0 18       		.uleb128 0x18
 1279 05f1 18030000 		.4byte	.LASF60
ARM GAS  C:\Users\user\AppData\Local\Temp\cc3xHgQY.s 			page 26


 1280 05f5 18030000 		.4byte	.LASF60
 1281 05f9 0C       		.byte	0xc
 1282 05fa 39       		.byte	0x39
 1283 05fb 18       		.uleb128 0x18
 1284 05fc DE000000 		.4byte	.LASF61
 1285 0600 DE000000 		.4byte	.LASF61
 1286 0604 0C       		.byte	0xc
 1287 0605 3B       		.byte	0x3b
 1288 0606 18       		.uleb128 0x18
 1289 0607 93030000 		.4byte	.LASF62
 1290 060b 93030000 		.4byte	.LASF62
 1291 060f 0B       		.byte	0xb
 1292 0610 5B       		.byte	0x5b
 1293 0611 18       		.uleb128 0x18
 1294 0612 0D000000 		.4byte	.LASF63
 1295 0616 0D000000 		.4byte	.LASF63
 1296 061a 06       		.byte	0x6
 1297 061b 93       		.byte	0x93
 1298 061c 18       		.uleb128 0x18
 1299 061d FE000000 		.4byte	.LASF64
 1300 0621 FE000000 		.4byte	.LASF64
 1301 0625 08       		.byte	0x8
 1302 0626 54       		.byte	0x54
 1303 0627 18       		.uleb128 0x18
 1304 0628 19000000 		.4byte	.LASF65
 1305 062c 19000000 		.4byte	.LASF65
 1306 0630 0C       		.byte	0xc
 1307 0631 34       		.byte	0x34
 1308 0632 00       		.byte	0
 1309              		.section	.debug_abbrev,"",%progbits
 1310              	.Ldebug_abbrev0:
 1311 0000 01       		.uleb128 0x1
 1312 0001 11       		.uleb128 0x11
 1313 0002 01       		.byte	0x1
 1314 0003 25       		.uleb128 0x25
 1315 0004 0E       		.uleb128 0xe
 1316 0005 13       		.uleb128 0x13
 1317 0006 0B       		.uleb128 0xb
 1318 0007 03       		.uleb128 0x3
 1319 0008 0E       		.uleb128 0xe
 1320 0009 1B       		.uleb128 0x1b
 1321 000a 0E       		.uleb128 0xe
 1322 000b 55       		.uleb128 0x55
 1323 000c 17       		.uleb128 0x17
 1324 000d 11       		.uleb128 0x11
 1325 000e 01       		.uleb128 0x1
 1326 000f 10       		.uleb128 0x10
 1327 0010 17       		.uleb128 0x17
 1328 0011 00       		.byte	0
 1329 0012 00       		.byte	0
 1330 0013 02       		.uleb128 0x2
 1331 0014 24       		.uleb128 0x24
 1332 0015 00       		.byte	0
 1333 0016 0B       		.uleb128 0xb
 1334 0017 0B       		.uleb128 0xb
 1335 0018 3E       		.uleb128 0x3e
 1336 0019 0B       		.uleb128 0xb
ARM GAS  C:\Users\user\AppData\Local\Temp\cc3xHgQY.s 			page 27


 1337 001a 03       		.uleb128 0x3
 1338 001b 0E       		.uleb128 0xe
 1339 001c 00       		.byte	0
 1340 001d 00       		.byte	0
 1341 001e 03       		.uleb128 0x3
 1342 001f 16       		.uleb128 0x16
 1343 0020 00       		.byte	0
 1344 0021 03       		.uleb128 0x3
 1345 0022 0E       		.uleb128 0xe
 1346 0023 3A       		.uleb128 0x3a
 1347 0024 0B       		.uleb128 0xb
 1348 0025 3B       		.uleb128 0x3b
 1349 0026 0B       		.uleb128 0xb
 1350 0027 49       		.uleb128 0x49
 1351 0028 13       		.uleb128 0x13
 1352 0029 00       		.byte	0
 1353 002a 00       		.byte	0
 1354 002b 04       		.uleb128 0x4
 1355 002c 24       		.uleb128 0x24
 1356 002d 00       		.byte	0
 1357 002e 0B       		.uleb128 0xb
 1358 002f 0B       		.uleb128 0xb
 1359 0030 3E       		.uleb128 0x3e
 1360 0031 0B       		.uleb128 0xb
 1361 0032 03       		.uleb128 0x3
 1362 0033 08       		.uleb128 0x8
 1363 0034 00       		.byte	0
 1364 0035 00       		.byte	0
 1365 0036 05       		.uleb128 0x5
 1366 0037 16       		.uleb128 0x16
 1367 0038 00       		.byte	0
 1368 0039 03       		.uleb128 0x3
 1369 003a 0E       		.uleb128 0xe
 1370 003b 3A       		.uleb128 0x3a
 1371 003c 0B       		.uleb128 0xb
 1372 003d 3B       		.uleb128 0x3b
 1373 003e 05       		.uleb128 0x5
 1374 003f 49       		.uleb128 0x49
 1375 0040 13       		.uleb128 0x13
 1376 0041 00       		.byte	0
 1377 0042 00       		.byte	0
 1378 0043 06       		.uleb128 0x6
 1379 0044 2E       		.uleb128 0x2e
 1380 0045 01       		.byte	0x1
 1381 0046 3F       		.uleb128 0x3f
 1382 0047 19       		.uleb128 0x19
 1383 0048 03       		.uleb128 0x3
 1384 0049 0E       		.uleb128 0xe
 1385 004a 3A       		.uleb128 0x3a
 1386 004b 0B       		.uleb128 0xb
 1387 004c 3B       		.uleb128 0x3b
 1388 004d 0B       		.uleb128 0xb
 1389 004e 27       		.uleb128 0x27
 1390 004f 19       		.uleb128 0x19
 1391 0050 11       		.uleb128 0x11
 1392 0051 01       		.uleb128 0x1
 1393 0052 12       		.uleb128 0x12
ARM GAS  C:\Users\user\AppData\Local\Temp\cc3xHgQY.s 			page 28


 1394 0053 06       		.uleb128 0x6
 1395 0054 40       		.uleb128 0x40
 1396 0055 18       		.uleb128 0x18
 1397 0056 9742     		.uleb128 0x2117
 1398 0058 19       		.uleb128 0x19
 1399 0059 01       		.uleb128 0x1
 1400 005a 13       		.uleb128 0x13
 1401 005b 00       		.byte	0
 1402 005c 00       		.byte	0
 1403 005d 07       		.uleb128 0x7
 1404 005e 05       		.uleb128 0x5
 1405 005f 00       		.byte	0
 1406 0060 03       		.uleb128 0x3
 1407 0061 0E       		.uleb128 0xe
 1408 0062 3A       		.uleb128 0x3a
 1409 0063 0B       		.uleb128 0xb
 1410 0064 3B       		.uleb128 0x3b
 1411 0065 0B       		.uleb128 0xb
 1412 0066 49       		.uleb128 0x49
 1413 0067 13       		.uleb128 0x13
 1414 0068 02       		.uleb128 0x2
 1415 0069 17       		.uleb128 0x17
 1416 006a 00       		.byte	0
 1417 006b 00       		.byte	0
 1418 006c 08       		.uleb128 0x8
 1419 006d 898201   		.uleb128 0x4109
 1420 0070 01       		.byte	0x1
 1421 0071 11       		.uleb128 0x11
 1422 0072 01       		.uleb128 0x1
 1423 0073 31       		.uleb128 0x31
 1424 0074 13       		.uleb128 0x13
 1425 0075 01       		.uleb128 0x1
 1426 0076 13       		.uleb128 0x13
 1427 0077 00       		.byte	0
 1428 0078 00       		.byte	0
 1429 0079 09       		.uleb128 0x9
 1430 007a 8A8201   		.uleb128 0x410a
 1431 007d 00       		.byte	0
 1432 007e 02       		.uleb128 0x2
 1433 007f 18       		.uleb128 0x18
 1434 0080 9142     		.uleb128 0x2111
 1435 0082 18       		.uleb128 0x18
 1436 0083 00       		.byte	0
 1437 0084 00       		.byte	0
 1438 0085 0A       		.uleb128 0xa
 1439 0086 898201   		.uleb128 0x4109
 1440 0089 00       		.byte	0
 1441 008a 11       		.uleb128 0x11
 1442 008b 01       		.uleb128 0x1
 1443 008c 31       		.uleb128 0x31
 1444 008d 13       		.uleb128 0x13
 1445 008e 00       		.byte	0
 1446 008f 00       		.byte	0
 1447 0090 0B       		.uleb128 0xb
 1448 0091 0F       		.uleb128 0xf
 1449 0092 00       		.byte	0
 1450 0093 0B       		.uleb128 0xb
ARM GAS  C:\Users\user\AppData\Local\Temp\cc3xHgQY.s 			page 29


 1451 0094 0B       		.uleb128 0xb
 1452 0095 49       		.uleb128 0x49
 1453 0096 13       		.uleb128 0x13
 1454 0097 00       		.byte	0
 1455 0098 00       		.byte	0
 1456 0099 0C       		.uleb128 0xc
 1457 009a 2E       		.uleb128 0x2e
 1458 009b 01       		.byte	0x1
 1459 009c 3F       		.uleb128 0x3f
 1460 009d 19       		.uleb128 0x19
 1461 009e 03       		.uleb128 0x3
 1462 009f 0E       		.uleb128 0xe
 1463 00a0 3A       		.uleb128 0x3a
 1464 00a1 0B       		.uleb128 0xb
 1465 00a2 3B       		.uleb128 0x3b
 1466 00a3 0B       		.uleb128 0xb
 1467 00a4 11       		.uleb128 0x11
 1468 00a5 01       		.uleb128 0x1
 1469 00a6 12       		.uleb128 0x12
 1470 00a7 06       		.uleb128 0x6
 1471 00a8 40       		.uleb128 0x40
 1472 00a9 18       		.uleb128 0x18
 1473 00aa 9642     		.uleb128 0x2116
 1474 00ac 19       		.uleb128 0x19
 1475 00ad 01       		.uleb128 0x1
 1476 00ae 13       		.uleb128 0x13
 1477 00af 00       		.byte	0
 1478 00b0 00       		.byte	0
 1479 00b1 0D       		.uleb128 0xd
 1480 00b2 34       		.uleb128 0x34
 1481 00b3 00       		.byte	0
 1482 00b4 03       		.uleb128 0x3
 1483 00b5 0E       		.uleb128 0xe
 1484 00b6 3A       		.uleb128 0x3a
 1485 00b7 0B       		.uleb128 0xb
 1486 00b8 3B       		.uleb128 0x3b
 1487 00b9 0B       		.uleb128 0xb
 1488 00ba 49       		.uleb128 0x49
 1489 00bb 13       		.uleb128 0x13
 1490 00bc 02       		.uleb128 0x2
 1491 00bd 17       		.uleb128 0x17
 1492 00be 00       		.byte	0
 1493 00bf 00       		.byte	0
 1494 00c0 0E       		.uleb128 0xe
 1495 00c1 34       		.uleb128 0x34
 1496 00c2 00       		.byte	0
 1497 00c3 03       		.uleb128 0x3
 1498 00c4 08       		.uleb128 0x8
 1499 00c5 3A       		.uleb128 0x3a
 1500 00c6 0B       		.uleb128 0xb
 1501 00c7 3B       		.uleb128 0x3b
 1502 00c8 0B       		.uleb128 0xb
 1503 00c9 49       		.uleb128 0x49
 1504 00ca 13       		.uleb128 0x13
 1505 00cb 02       		.uleb128 0x2
 1506 00cc 17       		.uleb128 0x17
 1507 00cd 00       		.byte	0
ARM GAS  C:\Users\user\AppData\Local\Temp\cc3xHgQY.s 			page 30


 1508 00ce 00       		.byte	0
 1509 00cf 0F       		.uleb128 0xf
 1510 00d0 898201   		.uleb128 0x4109
 1511 00d3 01       		.byte	0x1
 1512 00d4 11       		.uleb128 0x11
 1513 00d5 01       		.uleb128 0x1
 1514 00d6 31       		.uleb128 0x31
 1515 00d7 13       		.uleb128 0x13
 1516 00d8 00       		.byte	0
 1517 00d9 00       		.byte	0
 1518 00da 10       		.uleb128 0x10
 1519 00db 2E       		.uleb128 0x2e
 1520 00dc 01       		.byte	0x1
 1521 00dd 3F       		.uleb128 0x3f
 1522 00de 19       		.uleb128 0x19
 1523 00df 03       		.uleb128 0x3
 1524 00e0 0E       		.uleb128 0xe
 1525 00e1 3A       		.uleb128 0x3a
 1526 00e2 0B       		.uleb128 0xb
 1527 00e3 3B       		.uleb128 0x3b
 1528 00e4 0B       		.uleb128 0xb
 1529 00e5 27       		.uleb128 0x27
 1530 00e6 19       		.uleb128 0x19
 1531 00e7 49       		.uleb128 0x49
 1532 00e8 13       		.uleb128 0x13
 1533 00e9 8701     		.uleb128 0x87
 1534 00eb 19       		.uleb128 0x19
 1535 00ec 11       		.uleb128 0x11
 1536 00ed 01       		.uleb128 0x1
 1537 00ee 12       		.uleb128 0x12
 1538 00ef 06       		.uleb128 0x6
 1539 00f0 40       		.uleb128 0x40
 1540 00f1 18       		.uleb128 0x18
 1541 00f2 9742     		.uleb128 0x2117
 1542 00f4 19       		.uleb128 0x19
 1543 00f5 01       		.uleb128 0x1
 1544 00f6 13       		.uleb128 0x13
 1545 00f7 00       		.byte	0
 1546 00f8 00       		.byte	0
 1547 00f9 11       		.uleb128 0x11
 1548 00fa 34       		.uleb128 0x34
 1549 00fb 00       		.byte	0
 1550 00fc 03       		.uleb128 0x3
 1551 00fd 0E       		.uleb128 0xe
 1552 00fe 3A       		.uleb128 0x3a
 1553 00ff 0B       		.uleb128 0xb
 1554 0100 3B       		.uleb128 0x3b
 1555 0101 0B       		.uleb128 0xb
 1556 0102 49       		.uleb128 0x49
 1557 0103 13       		.uleb128 0x13
 1558 0104 02       		.uleb128 0x2
 1559 0105 18       		.uleb128 0x18
 1560 0106 00       		.byte	0
 1561 0107 00       		.byte	0
 1562 0108 12       		.uleb128 0x12
 1563 0109 0B       		.uleb128 0xb
 1564 010a 01       		.byte	0x1
ARM GAS  C:\Users\user\AppData\Local\Temp\cc3xHgQY.s 			page 31


 1565 010b 11       		.uleb128 0x11
 1566 010c 01       		.uleb128 0x1
 1567 010d 12       		.uleb128 0x12
 1568 010e 06       		.uleb128 0x6
 1569 010f 01       		.uleb128 0x1
 1570 0110 13       		.uleb128 0x13
 1571 0111 00       		.byte	0
 1572 0112 00       		.byte	0
 1573 0113 13       		.uleb128 0x13
 1574 0114 01       		.uleb128 0x1
 1575 0115 01       		.byte	0x1
 1576 0116 49       		.uleb128 0x49
 1577 0117 13       		.uleb128 0x13
 1578 0118 01       		.uleb128 0x1
 1579 0119 13       		.uleb128 0x13
 1580 011a 00       		.byte	0
 1581 011b 00       		.byte	0
 1582 011c 14       		.uleb128 0x14
 1583 011d 21       		.uleb128 0x21
 1584 011e 00       		.byte	0
 1585 011f 49       		.uleb128 0x49
 1586 0120 13       		.uleb128 0x13
 1587 0121 2F       		.uleb128 0x2f
 1588 0122 0B       		.uleb128 0xb
 1589 0123 00       		.byte	0
 1590 0124 00       		.byte	0
 1591 0125 15       		.uleb128 0x15
 1592 0126 34       		.uleb128 0x34
 1593 0127 00       		.byte	0
 1594 0128 03       		.uleb128 0x3
 1595 0129 0E       		.uleb128 0xe
 1596 012a 3A       		.uleb128 0x3a
 1597 012b 0B       		.uleb128 0xb
 1598 012c 3B       		.uleb128 0x3b
 1599 012d 05       		.uleb128 0x5
 1600 012e 49       		.uleb128 0x49
 1601 012f 13       		.uleb128 0x13
 1602 0130 3F       		.uleb128 0x3f
 1603 0131 19       		.uleb128 0x19
 1604 0132 3C       		.uleb128 0x3c
 1605 0133 19       		.uleb128 0x19
 1606 0134 00       		.byte	0
 1607 0135 00       		.byte	0
 1608 0136 16       		.uleb128 0x16
 1609 0137 35       		.uleb128 0x35
 1610 0138 00       		.byte	0
 1611 0139 49       		.uleb128 0x49
 1612 013a 13       		.uleb128 0x13
 1613 013b 00       		.byte	0
 1614 013c 00       		.byte	0
 1615 013d 17       		.uleb128 0x17
 1616 013e 34       		.uleb128 0x34
 1617 013f 00       		.byte	0
 1618 0140 03       		.uleb128 0x3
 1619 0141 0E       		.uleb128 0xe
 1620 0142 3A       		.uleb128 0x3a
 1621 0143 0B       		.uleb128 0xb
ARM GAS  C:\Users\user\AppData\Local\Temp\cc3xHgQY.s 			page 32


 1622 0144 3B       		.uleb128 0x3b
 1623 0145 0B       		.uleb128 0xb
 1624 0146 49       		.uleb128 0x49
 1625 0147 13       		.uleb128 0x13
 1626 0148 3F       		.uleb128 0x3f
 1627 0149 19       		.uleb128 0x19
 1628 014a 02       		.uleb128 0x2
 1629 014b 18       		.uleb128 0x18
 1630 014c 00       		.byte	0
 1631 014d 00       		.byte	0
 1632 014e 18       		.uleb128 0x18
 1633 014f 2E       		.uleb128 0x2e
 1634 0150 00       		.byte	0
 1635 0151 3F       		.uleb128 0x3f
 1636 0152 19       		.uleb128 0x19
 1637 0153 3C       		.uleb128 0x3c
 1638 0154 19       		.uleb128 0x19
 1639 0155 6E       		.uleb128 0x6e
 1640 0156 0E       		.uleb128 0xe
 1641 0157 03       		.uleb128 0x3
 1642 0158 0E       		.uleb128 0xe
 1643 0159 3A       		.uleb128 0x3a
 1644 015a 0B       		.uleb128 0xb
 1645 015b 3B       		.uleb128 0x3b
 1646 015c 0B       		.uleb128 0xb
 1647 015d 00       		.byte	0
 1648 015e 00       		.byte	0
 1649 015f 00       		.byte	0
 1650              		.section	.debug_loc,"",%progbits
 1651              	.Ldebug_loc0:
 1652              	.LLST0:
 1653 0000 00000000 		.4byte	.LVL0
 1654 0004 0A000000 		.4byte	.LVL2
 1655 0008 0100     		.2byte	0x1
 1656 000a 50       		.byte	0x50
 1657 000b 0A000000 		.4byte	.LVL2
 1658 000f 0D000000 		.4byte	.LVL3-1
 1659 0013 0100     		.2byte	0x1
 1660 0015 51       		.byte	0x51
 1661 0016 0D000000 		.4byte	.LVL3-1
 1662 001a 1A000000 		.4byte	.LFE64
 1663 001e 0400     		.2byte	0x4
 1664 0020 F3       		.byte	0xf3
 1665 0021 01       		.uleb128 0x1
 1666 0022 50       		.byte	0x50
 1667 0023 9F       		.byte	0x9f
 1668 0024 00000000 		.4byte	0
 1669 0028 00000000 		.4byte	0
 1670              	.LLST1:
 1671 002c 00000000 		.4byte	.LVL0
 1672 0030 08000000 		.4byte	.LVL1
 1673 0034 0100     		.2byte	0x1
 1674 0036 51       		.byte	0x51
 1675 0037 08000000 		.4byte	.LVL1
 1676 003b 1A000000 		.4byte	.LFE64
 1677 003f 0400     		.2byte	0x4
 1678 0041 F3       		.byte	0xf3
ARM GAS  C:\Users\user\AppData\Local\Temp\cc3xHgQY.s 			page 33


 1679 0042 01       		.uleb128 0x1
 1680 0043 51       		.byte	0x51
 1681 0044 9F       		.byte	0x9f
 1682 0045 00000000 		.4byte	0
 1683 0049 00000000 		.4byte	0
 1684              	.LLST2:
 1685 004d 00000000 		.4byte	.LVL5
 1686 0051 0A000000 		.4byte	.LVL7
 1687 0055 0100     		.2byte	0x1
 1688 0057 50       		.byte	0x50
 1689 0058 0A000000 		.4byte	.LVL7
 1690 005c 0D000000 		.4byte	.LVL8-1
 1691 0060 0100     		.2byte	0x1
 1692 0062 51       		.byte	0x51
 1693 0063 0D000000 		.4byte	.LVL8-1
 1694 0067 1A000000 		.4byte	.LFE65
 1695 006b 0400     		.2byte	0x4
 1696 006d F3       		.byte	0xf3
 1697 006e 01       		.uleb128 0x1
 1698 006f 50       		.byte	0x50
 1699 0070 9F       		.byte	0x9f
 1700 0071 00000000 		.4byte	0
 1701 0075 00000000 		.4byte	0
 1702              	.LLST3:
 1703 0079 00000000 		.4byte	.LVL5
 1704 007d 08000000 		.4byte	.LVL6
 1705 0081 0100     		.2byte	0x1
 1706 0083 51       		.byte	0x51
 1707 0084 08000000 		.4byte	.LVL6
 1708 0088 1A000000 		.4byte	.LFE65
 1709 008c 0400     		.2byte	0x4
 1710 008e F3       		.byte	0xf3
 1711 008f 01       		.uleb128 0x1
 1712 0090 51       		.byte	0x51
 1713 0091 9F       		.byte	0x9f
 1714 0092 00000000 		.4byte	0
 1715 0096 00000000 		.4byte	0
 1716              	.LLST4:
 1717 009a 16000000 		.4byte	.LVL11
 1718 009e 25000000 		.4byte	.LVL14-1
 1719 00a2 0100     		.2byte	0x1
 1720 00a4 52       		.byte	0x52
 1721 00a5 00000000 		.4byte	0
 1722 00a9 00000000 		.4byte	0
 1723              	.LLST5:
 1724 00ad 1E000000 		.4byte	.LVL12
 1725 00b1 25000000 		.4byte	.LVL14-1
 1726 00b5 0100     		.2byte	0x1
 1727 00b7 53       		.byte	0x53
 1728 00b8 00000000 		.4byte	0
 1729 00bc 00000000 		.4byte	0
 1730              	.LLST6:
 1731 00c0 1E000000 		.4byte	.LVL12
 1732 00c4 22000000 		.4byte	.LVL13
 1733 00c8 0800     		.2byte	0x8
 1734 00ca 72       		.byte	0x72
 1735 00cb 00       		.sleb128 0
ARM GAS  C:\Users\user\AppData\Local\Temp\cc3xHgQY.s 			page 34


 1736 00cc 40       		.byte	0x40
 1737 00cd 24       		.byte	0x24
 1738 00ce 73       		.byte	0x73
 1739 00cf 00       		.sleb128 0
 1740 00d0 21       		.byte	0x21
 1741 00d1 9F       		.byte	0x9f
 1742 00d2 22000000 		.4byte	.LVL13
 1743 00d6 25000000 		.4byte	.LVL14-1
 1744 00da 0100     		.2byte	0x1
 1745 00dc 50       		.byte	0x50
 1746 00dd 00000000 		.4byte	0
 1747 00e1 00000000 		.4byte	0
 1748              	.LLST7:
 1749 00e5 28000000 		.4byte	.LVL15
 1750 00e9 2A000000 		.4byte	.LVL16
 1751 00ed 0100     		.2byte	0x1
 1752 00ef 50       		.byte	0x50
 1753 00f0 2A000000 		.4byte	.LVL16
 1754 00f4 7A000000 		.4byte	.LVL30
 1755 00f8 0100     		.2byte	0x1
 1756 00fa 55       		.byte	0x55
 1757 00fb 00000000 		.4byte	0
 1758 00ff 00000000 		.4byte	0
 1759              	.LLST8:
 1760 0103 30000000 		.4byte	.LVL17
 1761 0107 3F000000 		.4byte	.LVL20-1
 1762 010b 0100     		.2byte	0x1
 1763 010d 52       		.byte	0x52
 1764 010e 00000000 		.4byte	0
 1765 0112 00000000 		.4byte	0
 1766              	.LLST9:
 1767 0116 38000000 		.4byte	.LVL18
 1768 011a 3F000000 		.4byte	.LVL20-1
 1769 011e 0100     		.2byte	0x1
 1770 0120 53       		.byte	0x53
 1771 0121 00000000 		.4byte	0
 1772 0125 00000000 		.4byte	0
 1773              	.LLST10:
 1774 0129 38000000 		.4byte	.LVL18
 1775 012d 3C000000 		.4byte	.LVL19
 1776 0131 0800     		.2byte	0x8
 1777 0133 72       		.byte	0x72
 1778 0134 00       		.sleb128 0
 1779 0135 40       		.byte	0x40
 1780 0136 24       		.byte	0x24
 1781 0137 73       		.byte	0x73
 1782 0138 00       		.sleb128 0
 1783 0139 21       		.byte	0x21
 1784 013a 9F       		.byte	0x9f
 1785 013b 3C000000 		.4byte	.LVL19
 1786 013f 3F000000 		.4byte	.LVL20-1
 1787 0143 0100     		.2byte	0x1
 1788 0145 50       		.byte	0x50
 1789 0146 00000000 		.4byte	0
 1790 014a 00000000 		.4byte	0
 1791              	.LLST11:
 1792 014e 42000000 		.4byte	.LVL21
ARM GAS  C:\Users\user\AppData\Local\Temp\cc3xHgQY.s 			page 35


 1793 0152 44000000 		.4byte	.LVL22
 1794 0156 0100     		.2byte	0x1
 1795 0158 50       		.byte	0x50
 1796 0159 44000000 		.4byte	.LVL22
 1797 015d 7A000000 		.4byte	.LVL30
 1798 0161 0100     		.2byte	0x1
 1799 0163 56       		.byte	0x56
 1800 0164 00000000 		.4byte	0
 1801 0168 00000000 		.4byte	0
 1802              	.LLST12:
 1803 016c 4A000000 		.4byte	.LVL23
 1804 0170 59000000 		.4byte	.LVL26-1
 1805 0174 0100     		.2byte	0x1
 1806 0176 52       		.byte	0x52
 1807 0177 00000000 		.4byte	0
 1808 017b 00000000 		.4byte	0
 1809              	.LLST13:
 1810 017f 52000000 		.4byte	.LVL24
 1811 0183 59000000 		.4byte	.LVL26-1
 1812 0187 0100     		.2byte	0x1
 1813 0189 53       		.byte	0x53
 1814 018a 00000000 		.4byte	0
 1815 018e 00000000 		.4byte	0
 1816              	.LLST14:
 1817 0192 52000000 		.4byte	.LVL24
 1818 0196 56000000 		.4byte	.LVL25
 1819 019a 0800     		.2byte	0x8
 1820 019c 72       		.byte	0x72
 1821 019d 00       		.sleb128 0
 1822 019e 40       		.byte	0x40
 1823 019f 24       		.byte	0x24
 1824 01a0 73       		.byte	0x73
 1825 01a1 00       		.sleb128 0
 1826 01a2 21       		.byte	0x21
 1827 01a3 9F       		.byte	0x9f
 1828 01a4 56000000 		.4byte	.LVL25
 1829 01a8 59000000 		.4byte	.LVL26-1
 1830 01ac 0100     		.2byte	0x1
 1831 01ae 50       		.byte	0x50
 1832 01af 00000000 		.4byte	0
 1833 01b3 00000000 		.4byte	0
 1834              	.LLST15:
 1835 01b7 5A000000 		.4byte	.LVL26
 1836 01bb 6C000000 		.4byte	.LVL27
 1837 01bf 0100     		.2byte	0x1
 1838 01c1 50       		.byte	0x50
 1839 01c2 6C000000 		.4byte	.LVL27
 1840 01c6 6F000000 		.4byte	.LVL28-1
 1841 01ca 0200     		.2byte	0x2
 1842 01cc 7D       		.byte	0x7d
 1843 01cd 00       		.sleb128 0
 1844 01ce 00000000 		.4byte	0
 1845 01d2 00000000 		.4byte	0
 1846              	.LLST16:
 1847 01d6 24000000 		.4byte	.LVL37
 1848 01da 26000000 		.4byte	.LVL38
 1849 01de 0100     		.2byte	0x1
ARM GAS  C:\Users\user\AppData\Local\Temp\cc3xHgQY.s 			page 36


 1850 01e0 50       		.byte	0x50
 1851 01e1 26000000 		.4byte	.LVL38
 1852 01e5 A4000000 		.4byte	.LVL58
 1853 01e9 0100     		.2byte	0x1
 1854 01eb 54       		.byte	0x54
 1855 01ec 00000000 		.4byte	0
 1856 01f0 00000000 		.4byte	0
 1857              	.LLST17:
 1858 01f4 70000000 		.4byte	.LVL49
 1859 01f8 73000000 		.4byte	.LVL50-1
 1860 01fc 0100     		.2byte	0x1
 1861 01fe 50       		.byte	0x50
 1862 01ff 73000000 		.4byte	.LVL50-1
 1863 0203 EA000000 		.4byte	.LVL66
 1864 0207 0100     		.2byte	0x1
 1865 0209 55       		.byte	0x55
 1866 020a 00000000 		.4byte	0
 1867 020e 00000000 		.4byte	0
 1868              	.LLST18:
 1869 0212 A4000000 		.4byte	.LVL58
 1870 0216 A9000000 		.4byte	.LVL59-1
 1871 021a 0100     		.2byte	0x1
 1872 021c 50       		.byte	0x50
 1873 021d A9000000 		.4byte	.LVL59-1
 1874 0221 D4000000 		.4byte	.LVL64
 1875 0225 0100     		.2byte	0x1
 1876 0227 54       		.byte	0x54
 1877 0228 00000000 		.4byte	0
 1878 022c 00000000 		.4byte	0
 1879              	.LLST19:
 1880 0230 0E000000 		.4byte	.LVL32
 1881 0234 28000000 		.4byte	.LVL39
 1882 0238 0600     		.2byte	0x6
 1883 023a 9E       		.byte	0x9e
 1884 023b 04       		.uleb128 0x4
 1885 023c 00000000 		.4byte	0
 1886 0240 58000000 		.4byte	.LVL45
 1887 0244 5B000000 		.4byte	.LVL46-1
 1888 0248 0100     		.2byte	0x1
 1889 024a 50       		.byte	0x50
 1890 024b 00000000 		.4byte	0
 1891 024f 00000000 		.4byte	0
 1892              	.LLST20:
 1893 0253 88000000 		.4byte	.LVL53
 1894 0257 8B000000 		.4byte	.LVL54-1
 1895 025b 0100     		.2byte	0x1
 1896 025d 50       		.byte	0x50
 1897 025e 00000000 		.4byte	0
 1898 0262 00000000 		.4byte	0
 1899              		.section	.debug_aranges,"",%progbits
 1900 0000 3C000000 		.4byte	0x3c
 1901 0004 0200     		.2byte	0x2
 1902 0006 00000000 		.4byte	.Ldebug_info0
 1903 000a 04       		.byte	0x4
 1904 000b 00       		.byte	0
 1905 000c 0000     		.2byte	0
 1906 000e 0000     		.2byte	0
ARM GAS  C:\Users\user\AppData\Local\Temp\cc3xHgQY.s 			page 37


 1907 0010 00000000 		.4byte	.LFB64
 1908 0014 1A000000 		.4byte	.LFE64-.LFB64
 1909 0018 00000000 		.4byte	.LFB65
 1910 001c 1A000000 		.4byte	.LFE65-.LFB65
 1911 0020 00000000 		.4byte	.LFB66
 1912 0024 88000000 		.4byte	.LFE66-.LFB66
 1913 0028 00000000 		.4byte	.LFB67
 1914 002c 50010000 		.4byte	.LFE67-.LFB67
 1915 0030 00000000 		.4byte	.LFB68
 1916 0034 70000000 		.4byte	.LFE68-.LFB68
 1917 0038 00000000 		.4byte	0
 1918 003c 00000000 		.4byte	0
 1919              		.section	.debug_ranges,"",%progbits
 1920              	.Ldebug_ranges0:
 1921 0000 00000000 		.4byte	.LFB64
 1922 0004 1A000000 		.4byte	.LFE64
 1923 0008 00000000 		.4byte	.LFB65
 1924 000c 1A000000 		.4byte	.LFE65
 1925 0010 00000000 		.4byte	.LFB66
 1926 0014 88000000 		.4byte	.LFE66
 1927 0018 00000000 		.4byte	.LFB67
 1928 001c 50010000 		.4byte	.LFE67
 1929 0020 00000000 		.4byte	.LFB68
 1930 0024 70000000 		.4byte	.LFE68
 1931 0028 00000000 		.4byte	0
 1932 002c 00000000 		.4byte	0
 1933              		.section	.debug_line,"",%progbits
 1934              	.Ldebug_line0:
 1935 0000 D5020000 		.section	.debug_str,"MS",%progbits,1
 1935      02000E02 
 1935      00000201 
 1935      FB0E0D00 
 1935      01010101 
 1936              	.LASF42:
 1937 0000 74696D65 		.ascii	"time_elapsed\000"
 1937      5F656C61 
 1937      70736564 
 1937      00
 1938              	.LASF63:
 1939 000d 4932435F 		.ascii	"I2C_1_Start\000"
 1939      315F5374 
 1939      61727400 
 1940              	.LASF65:
 1941 0019 4144435F 		.ascii	"ADC_SAR_1_Start\000"
 1941      5341525F 
 1941      315F5374 
 1941      61727400 
 1942              	.LASF27:
 1943 0029 636F3242 		.ascii	"co2Bytes\000"
 1943      79746573 
 1943      00
 1944              	.LASF48:
 1945 0032 61646352 		.ascii	"adcResult\000"
 1945      6573756C 
 1945      7400
 1946              	.LASF2:
 1947 003c 73686F72 		.ascii	"short int\000"
ARM GAS  C:\Users\user\AppData\Local\Temp\cc3xHgQY.s 			page 38


 1947      7420696E 
 1947      7400
 1948              	.LASF24:
 1949 0046 4932435F 		.ascii	"I2C_Read\000"
 1949      52656164 
 1949      00
 1950              	.LASF20:
 1951 004f 73697A65 		.ascii	"sizetype\000"
 1951      74797065 
 1951      00
 1952              	.LASF22:
 1953 0058 6C656E67 		.ascii	"length\000"
 1953      746800
 1954              	.LASF68:
 1955 005f 443A5C44 		.ascii	"D:\\Downloads\\SLED\\Workspace01\\Interface1.cydsn\000"
 1955      6F776E6C 
 1955      6F616473 
 1955      5C534C45 
 1955      445C576F 
 1956              	.LASF69:
 1957 008e 6D61696E 		.ascii	"main\000"
 1957      00
 1958              	.LASF36:
 1959 0093 72656164 		.ascii	"read_sensor_data\000"
 1959      5F73656E 
 1959      736F725F 
 1959      64617461 
 1959      00
 1960              	.LASF33:
 1961 00a4 72684279 		.ascii	"rhBytesUpper\000"
 1961      74657355 
 1961      70706572 
 1961      00
 1962              	.LASF49:
 1963 00b1 4932435F 		.ascii	"I2C_1_MasterWriteBuf\000"
 1963      315F4D61 
 1963      73746572 
 1963      57726974 
 1963      65427566 
 1964              	.LASF15:
 1965 00c6 75696E74 		.ascii	"uint16\000"
 1965      313600
 1966              	.LASF12:
 1967 00cd 75696E74 		.ascii	"uint8_t\000"
 1967      385F7400 
 1968              	.LASF43:
 1969 00d5 73746172 		.ascii	"startCmd\000"
 1969      74436D64 
 1969      00
 1970              	.LASF61:
 1971 00de 4144435F 		.ascii	"ADC_SAR_1_GetResult16\000"
 1971      5341525F 
 1971      315F4765 
 1971      74526573 
 1971      756C7431 
 1972              	.LASF39:
 1973 00f4 73746F70 		.ascii	"stop_time\000"
ARM GAS  C:\Users\user\AppData\Local\Temp\cc3xHgQY.s 			page 39


 1973      5F74696D 
 1973      6500
 1974              	.LASF64:
 1975 00fe 55415254 		.ascii	"UART_1_Start\000"
 1975      5F315F53 
 1975      74617274 
 1975      00
 1976              	.LASF34:
 1977 010b 72684279 		.ascii	"rhBytesLower\000"
 1977      7465734C 
 1977      6F776572 
 1977      00
 1978              	.LASF16:
 1979 0118 666C6F61 		.ascii	"float\000"
 1979      7400
 1980              	.LASF46:
 1981 011e 73747269 		.ascii	"string_1\000"
 1981      6E675F31 
 1981      00
 1982              	.LASF9:
 1983 0127 6C6F6E67 		.ascii	"long long int\000"
 1983      206C6F6E 
 1983      6720696E 
 1983      7400
 1984              	.LASF30:
 1985 0135 74656D70 		.ascii	"tempBytesLower\000"
 1985      42797465 
 1985      734C6F77 
 1985      657200
 1986              	.LASF6:
 1987 0144 6C6F6E67 		.ascii	"long int\000"
 1987      20696E74 
 1987      00
 1988              	.LASF41:
 1989 014d 766F6C74 		.ascii	"voltage\000"
 1989      61676500 
 1990              	.LASF23:
 1991 0155 4932435F 		.ascii	"I2C_Write\000"
 1991      57726974 
 1991      6500
 1992              	.LASF4:
 1993 015f 5F5F7569 		.ascii	"__uint8_t\000"
 1993      6E74385F 
 1993      7400
 1994              	.LASF56:
 1995 0169 54696D65 		.ascii	"Timer_1_WriteCounter\000"
 1995      725F315F 
 1995      57726974 
 1995      65436F75 
 1995      6E746572 
 1996              	.LASF28:
 1997 017e 636F3243 		.ascii	"co2Concentration\000"
 1997      6F6E6365 
 1997      6E747261 
 1997      74696F6E 
 1997      00
 1998              	.LASF19:
ARM GAS  C:\Users\user\AppData\Local\Temp\cc3xHgQY.s 			page 40


 1999 018f 6C6F6E67 		.ascii	"long double\000"
 1999      20646F75 
 1999      626C6500 
 2000              	.LASF1:
 2001 019b 756E7369 		.ascii	"unsigned char\000"
 2001      676E6564 
 2001      20636861 
 2001      7200
 2002              	.LASF52:
 2003 01a9 73707269 		.ascii	"sprintf\000"
 2003      6E746600 
 2004              	.LASF50:
 2005 01b1 4932435F 		.ascii	"I2C_1_MasterStatus\000"
 2005      315F4D61 
 2005      73746572 
 2005      53746174 
 2005      757300
 2006              	.LASF0:
 2007 01c4 7369676E 		.ascii	"signed char\000"
 2007      65642063 
 2007      68617200 
 2008              	.LASF10:
 2009 01d0 6C6F6E67 		.ascii	"long long unsigned int\000"
 2009      206C6F6E 
 2009      6720756E 
 2009      7369676E 
 2009      65642069 
 2010              	.LASF25:
 2011 01e7 636F3242 		.ascii	"co2BytesUpper\000"
 2011      79746573 
 2011      55707065 
 2011      7200
 2012              	.LASF14:
 2013 01f5 75696E74 		.ascii	"uint32_t\000"
 2013      33325F74 
 2013      00
 2014              	.LASF11:
 2015 01fe 756E7369 		.ascii	"unsigned int\000"
 2015      676E6564 
 2015      20696E74 
 2015      00
 2016              	.LASF29:
 2017 020b 74656D70 		.ascii	"tempBytesUpper\000"
 2017      42797465 
 2017      73557070 
 2017      657200
 2018              	.LASF37:
 2019 021a 72656164 		.ascii	"read_capacitance\000"
 2019      5F636170 
 2019      61636974 
 2019      616E6365 
 2019      00
 2020              	.LASF26:
 2021 022b 636F3242 		.ascii	"co2BytesLower\000"
 2021      79746573 
 2021      4C6F7765 
 2021      7200
ARM GAS  C:\Users\user\AppData\Local\Temp\cc3xHgQY.s 			page 41


 2022              	.LASF3:
 2023 0239 73686F72 		.ascii	"short unsigned int\000"
 2023      7420756E 
 2023      7369676E 
 2023      65642069 
 2023      6E7400
 2024              	.LASF66:
 2025 024c 474E5520 		.ascii	"GNU C11 5.4.1 20160609 (release) [ARM/embedded-5-br"
 2025      43313120 
 2025      352E342E 
 2025      31203230 
 2025      31363036 
 2026 027f 616E6368 		.ascii	"anch revision 237715] -mcpu=cortex-m3 -mthumb -g -O"
 2026      20726576 
 2026      6973696F 
 2026      6E203233 
 2026      37373135 
 2027 02b2 67202D66 		.ascii	"g -ffunction-sections -ffat-lto-objects\000"
 2027      66756E63 
 2027      74696F6E 
 2027      2D736563 
 2027      74696F6E 
 2028              	.LASF54:
 2029 02da 43686172 		.ascii	"ChargingPin_Write\000"
 2029      67696E67 
 2029      50696E5F 
 2029      57726974 
 2029      6500
 2030              	.LASF18:
 2031 02ec 63686172 		.ascii	"char\000"
 2031      00
 2032              	.LASF59:
 2033 02f1 4144435F 		.ascii	"ADC_SAR_1_StartConvert\000"
 2033      5341525F 
 2033      315F5374 
 2033      61727443 
 2033      6F6E7665 
 2034              	.LASF35:
 2035 0308 72684279 		.ascii	"rhBytes\000"
 2035      74657300 
 2036              	.LASF13:
 2037 0310 696E7433 		.ascii	"int32_t\000"
 2037      325F7400 
 2038              	.LASF60:
 2039 0318 4144435F 		.ascii	"ADC_SAR_1_IsEndConversion\000"
 2039      5341525F 
 2039      315F4973 
 2039      456E6443 
 2039      6F6E7665 
 2040              	.LASF38:
 2041 0332 73746172 		.ascii	"start_time\000"
 2041      745F7469 
 2041      6D6500
 2042              	.LASF57:
 2043 033d 54696D65 		.ascii	"Timer_1_Start\000"
 2043      725F315F 
 2043      53746172 
ARM GAS  C:\Users\user\AppData\Local\Temp\cc3xHgQY.s 			page 42


 2043      7400
 2044              	.LASF21:
 2045 034b 64617461 		.ascii	"data\000"
 2045      00
 2046              	.LASF47:
 2047 0350 62756666 		.ascii	"buffer\000"
 2047      657200
 2048              	.LASF67:
 2049 0357 6D61696E 		.ascii	"main.c\000"
 2049      2E6300
 2050              	.LASF8:
 2051 035e 6C6F6E67 		.ascii	"long unsigned int\000"
 2051      20756E73 
 2051      69676E65 
 2051      6420696E 
 2051      7400
 2052              	.LASF17:
 2053 0370 646F7562 		.ascii	"double\000"
 2053      6C6500
 2054              	.LASF53:
 2055 0377 55415254 		.ascii	"UART_1_PutString\000"
 2055      5F315F50 
 2055      75745374 
 2055      72696E67 
 2055      00
 2056              	.LASF7:
 2057 0388 5F5F7569 		.ascii	"__uint32_t\000"
 2057      6E743332 
 2057      5F7400
 2058              	.LASF62:
 2059 0393 54696D65 		.ascii	"Timer_1_Stop\000"
 2059      725F315F 
 2059      53746F70 
 2059      00
 2060              	.LASF32:
 2061 03a0 74656D70 		.ascii	"temperature\000"
 2061      65726174 
 2061      75726500 
 2062              	.LASF40:
 2063 03ac 63617061 		.ascii	"capacitance\000"
 2063      63697461 
 2063      6E636500 
 2064              	.LASF5:
 2065 03b8 5F5F696E 		.ascii	"__int32_t\000"
 2065      7433325F 
 2065      7400
 2066              	.LASF44:
 2067 03c2 72656164 		.ascii	"readCmd\000"
 2067      436D6400 
 2068              	.LASF31:
 2069 03ca 74656D70 		.ascii	"tempBytes\000"
 2069      42797465 
 2069      7300
 2070              	.LASF58:
 2071 03d4 54696D65 		.ascii	"Timer_1_ReadCounter\000"
 2071      725F315F 
 2071      52656164 
ARM GAS  C:\Users\user\AppData\Local\Temp\cc3xHgQY.s 			page 43


 2071      436F756E 
 2071      74657200 
 2072              	.LASF45:
 2073 03e8 49544D5F 		.ascii	"ITM_RxBuffer\000"
 2073      52784275 
 2073      66666572 
 2073      00
 2074              	.LASF51:
 2075 03f5 4932435F 		.ascii	"I2C_1_MasterReadBuf\000"
 2075      315F4D61 
 2075      73746572 
 2075      52656164 
 2075      42756600 
 2076              	.LASF55:
 2077 0409 43794465 		.ascii	"CyDelay\000"
 2077      6C617900 
 2078              		.ident	"GCC: (GNU Tools for ARM Embedded Processors) 5.4.1 20160609 (release) [ARM/embedded-5-bran
