ARM GAS  C:\Users\User\AppData\Local\Temp\ccr4hurc.s 			page 1


   1              		.syntax unified
   2              		.cpu cortex-m3
   3              		.fpu softvfp
   4              		.eabi_attribute 20, 1
   5              		.eabi_attribute 21, 1
   6              		.eabi_attribute 23, 3
   7              		.eabi_attribute 24, 1
   8              		.eabi_attribute 25, 1
   9              		.eabi_attribute 26, 1
  10              		.eabi_attribute 30, 1
  11              		.eabi_attribute 34, 1
  12              		.eabi_attribute 18, 4
  13              		.thumb
  14              		.syntax unified
  15              		.file	"main.c"
  16              		.text
  17              	.Ltext0:
  18              		.cfi_sections	.debug_frame
  19              		.section	.text.I2C_Write,"ax",%progbits
  20              		.align	2
  21              		.global	I2C_Write
  22              		.thumb
  23              		.thumb_func
  24              		.type	I2C_Write, %function
  25              	I2C_Write:
  26              	.LFB64:
  27              		.file 1 "main.c"
   1:main.c        **** #include "project.h"
   2:main.c        **** #include <string.h>
   3:main.c        **** #include <stdio.h>
   4:main.c        **** 
   5:main.c        **** #define SCD30_I2C_ADDRESS 0x61  // Default SCD30 I2C address
   6:main.c        **** 
   7:main.c        **** uint8_t buffer[18];
   8:main.c        **** char string_1[50] = "\0";
   9:main.c        **** 
  10:main.c        **** // Function to send a 16-bit command over I2C
  11:main.c        **** void I2C_Write(uint16_t cmd) {
  28              		.loc 1 11 0
  29              		.cfi_startproc
  30              		@ args = 0, pretend = 0, frame = 8
  31              		@ frame_needed = 0, uses_anonymous_args = 0
  32              	.LVL0:
  33 0000 00B5     		push	{lr}
  34              		.cfi_def_cfa_offset 4
  35              		.cfi_offset 14, -4
  36 0002 83B0     		sub	sp, sp, #12
  37              		.cfi_def_cfa_offset 16
  12:main.c        ****     uint8_t data[2] = { (uint8_t)(cmd >> 8), (uint8_t)(cmd & 0xFF) };
  38              		.loc 1 12 0
  39 0004 030A     		lsrs	r3, r0, #8
  40 0006 8DF80430 		strb	r3, [sp, #4]
  41 000a 8DF80500 		strb	r0, [sp, #5]
  13:main.c        ****     I2C_1_MasterWriteBuf(SCD30_I2C_ADDRESS, data, 2, I2C_1_MODE_COMPLETE_XFER);
  42              		.loc 1 13 0
  43 000e 0023     		movs	r3, #0
  44 0010 0222     		movs	r2, #2
ARM GAS  C:\Users\User\AppData\Local\Temp\ccr4hurc.s 			page 2


  45 0012 01A9     		add	r1, sp, #4
  46 0014 6120     		movs	r0, #97
  47              	.LVL1:
  48 0016 FFF7FEFF 		bl	I2C_1_MasterWriteBuf
  49              	.LVL2:
  50              	.L2:
  14:main.c        ****     while(I2C_1_MasterStatus() & I2C_1_MSTAT_XFER_INP);
  51              		.loc 1 14 0 discriminator 1
  52 001a FFF7FEFF 		bl	I2C_1_MasterStatus
  53              	.LVL3:
  54 001e 10F0040F 		tst	r0, #4
  55 0022 FAD1     		bne	.L2
  15:main.c        **** }
  56              		.loc 1 15 0
  57 0024 03B0     		add	sp, sp, #12
  58              		.cfi_def_cfa_offset 4
  59              		@ sp needed
  60 0026 5DF804FB 		ldr	pc, [sp], #4
  61              		.cfi_endproc
  62              	.LFE64:
  63              		.size	I2C_Write, .-I2C_Write
  64 002a 00BF     		.section	.text.I2C_ReadDataReady,"ax",%progbits
  65              		.align	2
  66              		.global	I2C_ReadDataReady
  67              		.thumb
  68              		.thumb_func
  69              		.type	I2C_ReadDataReady, %function
  70              	I2C_ReadDataReady:
  71              	.LFB65:
  16:main.c        **** 
  17:main.c        **** // Function to check if the sensor has data ready
  18:main.c        **** uint8_t I2C_ReadDataReady() {
  72              		.loc 1 18 0
  73              		.cfi_startproc
  74              		@ args = 0, pretend = 0, frame = 8
  75              		@ frame_needed = 0, uses_anonymous_args = 0
  76 0000 00B5     		push	{lr}
  77              		.cfi_def_cfa_offset 4
  78              		.cfi_offset 14, -4
  79 0002 83B0     		sub	sp, sp, #12
  80              		.cfi_def_cfa_offset 16
  19:main.c        ****     // The correct command for "read data ready" is 0x02 0x02
  20:main.c        ****     uint8_t cmd[2] = {0x02, 0x02};
  81              		.loc 1 20 0
  82 0004 0F4B     		ldr	r3, .L8
  83 0006 1B88     		ldrh	r3, [r3]	@ unaligned
  84 0008 ADF80430 		strh	r3, [sp, #4]	@ unaligned
  21:main.c        ****     uint8_t resp[3];
  22:main.c        **** 
  23:main.c        ****     I2C_1_MasterWriteBuf(SCD30_I2C_ADDRESS, cmd, 2, I2C_1_MODE_COMPLETE_XFER);
  85              		.loc 1 23 0
  86 000c 0023     		movs	r3, #0
  87 000e 0222     		movs	r2, #2
  88 0010 01A9     		add	r1, sp, #4
  89 0012 6120     		movs	r0, #97
  90 0014 FFF7FEFF 		bl	I2C_1_MasterWriteBuf
  91              	.LVL4:
ARM GAS  C:\Users\User\AppData\Local\Temp\ccr4hurc.s 			page 3


  92              	.L5:
  24:main.c        ****     while(I2C_1_MasterStatus() & I2C_1_MSTAT_XFER_INP);
  93              		.loc 1 24 0 discriminator 1
  94 0018 FFF7FEFF 		bl	I2C_1_MasterStatus
  95              	.LVL5:
  96 001c 10F0040F 		tst	r0, #4
  97 0020 FAD1     		bne	.L5
  25:main.c        **** 
  26:main.c        ****     I2C_1_MasterReadBuf(SCD30_I2C_ADDRESS, resp, 3, I2C_1_MODE_COMPLETE_XFER);
  98              		.loc 1 26 0
  99 0022 0023     		movs	r3, #0
 100 0024 0322     		movs	r2, #3
 101 0026 6946     		mov	r1, sp
 102 0028 6120     		movs	r0, #97
 103 002a FFF7FEFF 		bl	I2C_1_MasterReadBuf
 104              	.LVL6:
 105              	.L6:
  27:main.c        ****     while(I2C_1_MasterStatus() & I2C_1_MSTAT_XFER_INP);
 106              		.loc 1 27 0 discriminator 1
 107 002e FFF7FEFF 		bl	I2C_1_MasterStatus
 108              	.LVL7:
 109 0032 10F0040F 		tst	r0, #4
 110 0036 FAD1     		bne	.L6
  28:main.c        **** 
  29:main.c        ****     // The sensor returns a 16-bit value; here we simply check the second byte.
  30:main.c        ****     return resp[1];  
  31:main.c        **** }
 111              		.loc 1 31 0
 112 0038 9DF80100 		ldrb	r0, [sp, #1]	@ zero_extendqisi2
 113 003c 03B0     		add	sp, sp, #12
 114              		.cfi_def_cfa_offset 4
 115              		@ sp needed
 116 003e 5DF804FB 		ldr	pc, [sp], #4
 117              	.L9:
 118 0042 00BF     		.align	2
 119              	.L8:
 120 0044 00000000 		.word	.LANCHOR0
 121              		.cfi_endproc
 122              	.LFE65:
 123              		.size	I2C_ReadDataReady, .-I2C_ReadDataReady
 124              		.section	.text.I2C_ReadMeasurements,"ax",%progbits
 125              		.align	2
 126              		.global	I2C_ReadMeasurements
 127              		.thumb
 128              		.thumb_func
 129              		.type	I2C_ReadMeasurements, %function
 130              	I2C_ReadMeasurements:
 131              	.LFB66:
  32:main.c        **** 
  33:main.c        **** // Function to read measurement data (18 bytes) from the sensor
  34:main.c        **** void I2C_ReadMeasurements() {
 132              		.loc 1 34 0
 133              		.cfi_startproc
 134              		@ args = 0, pretend = 0, frame = 8
 135              		@ frame_needed = 0, uses_anonymous_args = 0
 136 0000 00B5     		push	{lr}
 137              		.cfi_def_cfa_offset 4
ARM GAS  C:\Users\User\AppData\Local\Temp\ccr4hurc.s 			page 4


 138              		.cfi_offset 14, -4
 139 0002 83B0     		sub	sp, sp, #12
 140              		.cfi_def_cfa_offset 16
  35:main.c        ****     uint8_t cmd[2] = {0x03, 0x00};  // Read measurement command
 141              		.loc 1 35 0
 142 0004 0323     		movs	r3, #3
 143 0006 8DF80430 		strb	r3, [sp, #4]
 144 000a 0023     		movs	r3, #0
 145 000c 8DF80530 		strb	r3, [sp, #5]
  36:main.c        ****     I2C_1_MasterWriteBuf(SCD30_I2C_ADDRESS, cmd, 2, I2C_1_MODE_COMPLETE_XFER);
 146              		.loc 1 36 0
 147 0010 0222     		movs	r2, #2
 148 0012 01A9     		add	r1, sp, #4
 149 0014 6120     		movs	r0, #97
 150 0016 FFF7FEFF 		bl	I2C_1_MasterWriteBuf
 151              	.LVL8:
 152              	.L11:
  37:main.c        ****     while(I2C_1_MasterStatus() & I2C_1_MSTAT_XFER_INP);
 153              		.loc 1 37 0 discriminator 1
 154 001a FFF7FEFF 		bl	I2C_1_MasterStatus
 155              	.LVL9:
 156 001e 10F0040F 		tst	r0, #4
 157 0022 FAD1     		bne	.L11
  38:main.c        **** 
  39:main.c        ****     I2C_1_MasterReadBuf(SCD30_I2C_ADDRESS, buffer, 18, I2C_1_MODE_COMPLETE_XFER);
 158              		.loc 1 39 0
 159 0024 0023     		movs	r3, #0
 160 0026 1222     		movs	r2, #18
 161 0028 0549     		ldr	r1, .L14
 162 002a 6120     		movs	r0, #97
 163 002c FFF7FEFF 		bl	I2C_1_MasterReadBuf
 164              	.LVL10:
 165              	.L12:
  40:main.c        ****     while(I2C_1_MasterStatus() & I2C_1_MSTAT_XFER_INP);
 166              		.loc 1 40 0 discriminator 1
 167 0030 FFF7FEFF 		bl	I2C_1_MasterStatus
 168              	.LVL11:
 169 0034 10F0040F 		tst	r0, #4
 170 0038 FAD1     		bne	.L12
  41:main.c        **** }
 171              		.loc 1 41 0
 172 003a 03B0     		add	sp, sp, #12
 173              		.cfi_def_cfa_offset 4
 174              		@ sp needed
 175 003c 5DF804FB 		ldr	pc, [sp], #4
 176              	.L15:
 177              		.align	2
 178              	.L14:
 179 0040 00000000 		.word	buffer
 180              		.cfi_endproc
 181              	.LFE66:
 182              		.size	I2C_ReadMeasurements, .-I2C_ReadMeasurements
 183              		.section	.text.bytes_to_float,"ax",%progbits
 184              		.align	2
 185              		.global	bytes_to_float
 186              		.thumb
 187              		.thumb_func
ARM GAS  C:\Users\User\AppData\Local\Temp\ccr4hurc.s 			page 5


 188              		.type	bytes_to_float, %function
 189              	bytes_to_float:
 190              	.LFB67:
  42:main.c        **** 
  43:main.c        **** // Converts 5 bytes (2 data bytes, 1 CRC, then 2 data bytes) into a float
  44:main.c        **** // Assumes that the CRC byte (at index 2) is skipped.
  45:main.c        **** float bytes_to_float(uint8_t *bytes) {
 191              		.loc 1 45 0
 192              		.cfi_startproc
 193              		@ args = 0, pretend = 0, frame = 0
 194              		@ frame_needed = 0, uses_anonymous_args = 0
 195              		@ link register save eliminated.
 196              	.LVL12:
  46:main.c        ****     uint32_t raw = ((uint32_t)bytes[0] << 24) |
 197              		.loc 1 46 0
 198 0000 0278     		ldrb	r2, [r0]	@ zero_extendqisi2
  47:main.c        ****                    ((uint32_t)bytes[1] << 16) |
 199              		.loc 1 47 0
 200 0002 4378     		ldrb	r3, [r0, #1]	@ zero_extendqisi2
 201 0004 1B04     		lsls	r3, r3, #16
  46:main.c        ****     uint32_t raw = ((uint32_t)bytes[0] << 24) |
 202              		.loc 1 46 0
 203 0006 43EA0263 		orr	r3, r3, r2, lsl #24
  48:main.c        ****                    ((uint32_t)bytes[3] << 8)  |
 204              		.loc 1 48 0
 205 000a C278     		ldrb	r2, [r0, #3]	@ zero_extendqisi2
  47:main.c        ****                    ((uint32_t)bytes[1] << 16) |
 206              		.loc 1 47 0
 207 000c 43EA0223 		orr	r3, r3, r2, lsl #8
  49:main.c        ****                    ((uint32_t)bytes[4]);
 208              		.loc 1 49 0
 209 0010 0079     		ldrb	r0, [r0, #4]	@ zero_extendqisi2
 210              	.LVL13:
  50:main.c        ****     float value;
  51:main.c        ****     memcpy(&value, &raw, sizeof(float));
 211              		.loc 1 51 0
 212 0012 1843     		orrs	r0, r0, r3
 213              	.LVL14:
  52:main.c        ****     return value;
  53:main.c        **** }
 214              		.loc 1 53 0
 215 0014 7047     		bx	lr
 216              		.cfi_endproc
 217              	.LFE67:
 218              		.size	bytes_to_float, .-bytes_to_float
 219              		.global	__aeabi_f2d
 220 0016 00BF     		.section	.text.main,"ax",%progbits
 221              		.align	2
 222              		.global	main
 223              		.thumb
 224              		.thumb_func
 225              		.type	main, %function
 226              	main:
 227              	.LFB68:
  54:main.c        **** 
  55:main.c        **** int main(void)
  56:main.c        **** {
ARM GAS  C:\Users\User\AppData\Local\Temp\ccr4hurc.s 			page 6


 228              		.loc 1 56 0
 229              		.cfi_startproc
 230              		@ args = 0, pretend = 0, frame = 0
 231              		@ frame_needed = 0, uses_anonymous_args = 0
 232 0000 10B5     		push	{r4, lr}
 233              		.cfi_def_cfa_offset 8
 234              		.cfi_offset 4, -8
 235              		.cfi_offset 14, -4
  57:main.c        ****     CyGlobalIntEnable;  // Enable global interrupts
 236              		.loc 1 57 0
 237              		.syntax unified
 238              	@ 57 "main.c" 1
 239 0002 62B6     		CPSIE   i
 240              	@ 0 "" 2
  58:main.c        ****     I2C_1_Start();      // Start I2C component
 241              		.loc 1 58 0
 242              		.thumb
 243              		.syntax unified
 244 0004 FFF7FEFF 		bl	I2C_1_Start
 245              	.LVL15:
  59:main.c        ****     UART_1_Start();     // Start UART for debugging
 246              		.loc 1 59 0
 247 0008 FFF7FEFF 		bl	UART_1_Start
 248              	.LVL16:
  60:main.c        **** 
  61:main.c        ****     UART_1_PutString("Scanning I2C...\r\n");
 249              		.loc 1 61 0
 250 000c 1B48     		ldr	r0, .L23
 251 000e FFF7FEFF 		bl	UART_1_PutString
 252              	.LVL17:
  62:main.c        **** 
  63:main.c        ****     uint8_t status = I2C_1_MasterSendStart(SCD30_I2C_ADDRESS, I2C_1_WRITE_XFER_MODE);
 253              		.loc 1 63 0
 254 0012 0021     		movs	r1, #0
 255 0014 6120     		movs	r0, #97
 256 0016 FFF7FEFF 		bl	I2C_1_MasterSendStart
 257              	.LVL18:
  64:main.c        ****     
  65:main.c        ****     if(status == I2C_1_MSTR_NO_ERROR)
 258              		.loc 1 65 0
 259 001a 28B9     		cbnz	r0, .L18
  66:main.c        ****     {
  67:main.c        ****         UART_1_PutString("SCD30 found at address 0x61!\r\n");
 260              		.loc 1 67 0
 261 001c 1848     		ldr	r0, .L23+4
 262              	.LVL19:
 263 001e FFF7FEFF 		bl	UART_1_PutString
 264              	.LVL20:
  68:main.c        ****         I2C_1_MasterSendStop();
 265              		.loc 1 68 0
 266 0022 FFF7FEFF 		bl	I2C_1_MasterSendStop
 267              	.LVL21:
 268 0026 02E0     		b	.L19
 269              	.LVL22:
 270              	.L18:
  69:main.c        ****     }
  70:main.c        ****     else
ARM GAS  C:\Users\User\AppData\Local\Temp\ccr4hurc.s 			page 7


  71:main.c        ****     {
  72:main.c        ****         UART_1_PutString("No response from SCD30!\r\n");
 271              		.loc 1 72 0
 272 0028 1648     		ldr	r0, .L23+8
 273              	.LVL23:
 274 002a FFF7FEFF 		bl	UART_1_PutString
 275              	.LVL24:
 276              	.L19:
  73:main.c        ****     }
  74:main.c        ****     
  75:main.c        ****     // Start continuous measurement (0x0010). 
  76:main.c        ****     // Optionally, you can send ambient pressure as a 16-bit value (set to 0 if not used).
  77:main.c        ****     I2C_Write(0x0010);
 277              		.loc 1 77 0
 278 002e 1020     		movs	r0, #16
 279 0030 FFF7FEFF 		bl	I2C_Write
 280              	.LVL25:
  78:main.c        **** 
  79:main.c        ****     UART_1_PutString("Give the sensor some time to complete its first measurement\r\n");
 281              		.loc 1 79 0
 282 0034 1448     		ldr	r0, .L23+12
 283 0036 FFF7FEFF 		bl	UART_1_PutString
 284              	.LVL26:
  80:main.c        ****     CyDelay(3000);
 285              		.loc 1 80 0
 286 003a 40F6B830 		movw	r0, #3000
 287 003e FFF7FEFF 		bl	CyDelay
 288              	.LVL27:
  81:main.c        ****     UART_1_PutString("Ready to output values\r\n");
 289              		.loc 1 81 0
 290 0042 1248     		ldr	r0, .L23+16
 291 0044 FFF7FEFF 		bl	UART_1_PutString
 292              	.LVL28:
 293              	.L21:
  82:main.c        ****     
  83:main.c        ****     for(;;)
  84:main.c        ****     {
  85:main.c        ****         // Check if new data is ready (returns non-zero when ready)
  86:main.c        ****         if (I2C_ReadDataReady())
 294              		.loc 1 86 0
 295 0048 FFF7FEFF 		bl	I2C_ReadDataReady
 296              	.LVL29:
 297 004c 80B1     		cbz	r0, .L20
 298              	.LBB2:
  87:main.c        ****         {
  88:main.c        ****             I2C_ReadMeasurements();
 299              		.loc 1 88 0
 300 004e FFF7FEFF 		bl	I2C_ReadMeasurements
 301              	.LVL30:
  89:main.c        **** 
  90:main.c        ****             // Each measurement is 5 bytes:
  91:main.c        ****             // - CO2: indices 0-4 (skip index 2)
  92:main.c        ****             // - Temperature: indices 6-10 (skip index 8)
  93:main.c        ****             // - Humidity: indices 12-16 (skip index 14)
  94:main.c        ****             float co2 = bytes_to_float(&buffer[0]);
  95:main.c        ****             float temp = bytes_to_float(&buffer[6]);
 302              		.loc 1 95 0
ARM GAS  C:\Users\User\AppData\Local\Temp\ccr4hurc.s 			page 8


 303 0052 0F48     		ldr	r0, .L23+20
 304 0054 FFF7FEFF 		bl	bytes_to_float
 305              	.LVL31:
  96:main.c        ****             float humidity = bytes_to_float(&buffer[12]);
  97:main.c        **** 
  98:main.c        ****             sprintf(string_1, "Temp: %.2f ppm\r\n", temp);
 306              		.loc 1 98 0
 307 0058 FFF7FEFF 		bl	__aeabi_f2d
 308              	.LVL32:
 309 005c 0D4C     		ldr	r4, .L23+24
 310 005e 0246     		mov	r2, r0
 311 0060 0B46     		mov	r3, r1
 312 0062 0D49     		ldr	r1, .L23+28
 313 0064 2046     		mov	r0, r4
 314 0066 FFF7FEFF 		bl	sprintf
 315              	.LVL33:
  99:main.c        ****             UART_1_PutString(string_1);
 316              		.loc 1 99 0
 317 006a 2046     		mov	r0, r4
 318 006c FFF7FEFF 		bl	UART_1_PutString
 319              	.LVL34:
 320              	.L20:
 321              	.LBE2:
 100:main.c        ****         }
 101:main.c        ****         CyDelay(2000);  // Wait 2 seconds before next check
 322              		.loc 1 101 0
 323 0070 4FF4FA60 		mov	r0, #2000
 324 0074 FFF7FEFF 		bl	CyDelay
 325              	.LVL35:
 102:main.c        ****     }
 326              		.loc 1 102 0
 327 0078 E6E7     		b	.L21
 328              	.L24:
 329 007a 00BF     		.align	2
 330              	.L23:
 331 007c 00000000 		.word	.LC1
 332 0080 14000000 		.word	.LC2
 333 0084 34000000 		.word	.LC3
 334 0088 50000000 		.word	.LC4
 335 008c 90000000 		.word	.LC5
 336 0090 06000000 		.word	buffer+6
 337 0094 00000000 		.word	.LANCHOR1
 338 0098 AC000000 		.word	.LC6
 339              		.cfi_endproc
 340              	.LFE68:
 341              		.size	main, .-main
 342              		.global	string_1
 343              		.comm	buffer,18,4
 344              		.section	.rodata
 345              		.align	2
 346              		.set	.LANCHOR0,. + 0
 347              	.LC0:
 348 0000 02       		.byte	2
 349 0001 02       		.byte	2
 350              		.section	.rodata.str1.4,"aMS",%progbits,1
 351              		.align	2
 352              	.LC1:
ARM GAS  C:\Users\User\AppData\Local\Temp\ccr4hurc.s 			page 9


 353 0000 5363616E 		.ascii	"Scanning I2C...\015\012\000"
 353      6E696E67 
 353      20493243 
 353      2E2E2E0D 
 353      0A00
 354 0012 0000     		.space	2
 355              	.LC2:
 356 0014 53434433 		.ascii	"SCD30 found at address 0x61!\015\012\000"
 356      3020666F 
 356      756E6420 
 356      61742061 
 356      64647265 
 357 0033 00       		.space	1
 358              	.LC3:
 359 0034 4E6F2072 		.ascii	"No response from SCD30!\015\012\000"
 359      6573706F 
 359      6E736520 
 359      66726F6D 
 359      20534344 
 360 004e 0000     		.space	2
 361              	.LC4:
 362 0050 47697665 		.ascii	"Give the sensor some time to complete its first mea"
 362      20746865 
 362      2073656E 
 362      736F7220 
 362      736F6D65 
 363 0083 73757265 		.ascii	"surement\015\012\000"
 363      6D656E74 
 363      0D0A00
 364 008e 0000     		.space	2
 365              	.LC5:
 366 0090 52656164 		.ascii	"Ready to output values\015\012\000"
 366      7920746F 
 366      206F7574 
 366      70757420 
 366      76616C75 
 367 00a9 000000   		.space	3
 368              	.LC6:
 369 00ac 54656D70 		.ascii	"Temp: %.2f ppm\015\012\000"
 369      3A20252E 
 369      32662070 
 369      706D0D0A 
 369      00
 370              		.bss
 371              		.align	2
 372              		.set	.LANCHOR1,. + 0
 373              		.type	string_1, %object
 374              		.size	string_1, 50
 375              	string_1:
 376 0000 00000000 		.space	50
 376      00000000 
 376      00000000 
 376      00000000 
 376      00000000 
 377              		.text
 378              	.Letext0:
 379              		.file 2 "f:\\psoc creator\\4.4\\psoc creator\\import\\gnu\\arm\\5.4.1\\arm-none-eabi\\include\\mac
ARM GAS  C:\Users\User\AppData\Local\Temp\ccr4hurc.s 			page 10


 380              		.file 3 "f:\\psoc creator\\4.4\\psoc creator\\import\\gnu\\arm\\5.4.1\\arm-none-eabi\\include\\sys
 381              		.file 4 "Generated_Source\\PSoC5/core_cm3.h"
 382              		.file 5 "Generated_Source\\PSoC5/I2C_1.h"
 383              		.file 6 "f:\\psoc creator\\4.4\\psoc creator\\import\\gnu\\arm\\5.4.1\\arm-none-eabi\\include\\std
 384              		.file 7 "Generated_Source\\PSoC5/UART_1.h"
 385              		.file 8 "Generated_Source\\PSoC5/CyLib.h"
 386              		.section	.debug_info,"",%progbits
 387              	.Ldebug_info0:
 388 0000 10050000 		.4byte	0x510
 389 0004 0400     		.2byte	0x4
 390 0006 00000000 		.4byte	.Ldebug_abbrev0
 391 000a 04       		.byte	0x4
 392 000b 01       		.uleb128 0x1
 393 000c D3000000 		.4byte	.LASF44
 394 0010 0C       		.byte	0xc
 395 0011 2F020000 		.4byte	.LASF45
 396 0015 17000000 		.4byte	.LASF46
 397 0019 00000000 		.4byte	.Ldebug_ranges0+0
 398 001d 00000000 		.4byte	0
 399 0021 00000000 		.4byte	.Ldebug_line0
 400 0025 02       		.uleb128 0x2
 401 0026 01       		.byte	0x1
 402 0027 06       		.byte	0x6
 403 0028 B6020000 		.4byte	.LASF0
 404 002c 03       		.uleb128 0x3
 405 002d 0D000000 		.4byte	.LASF3
 406 0031 02       		.byte	0x2
 407 0032 1D       		.byte	0x1d
 408 0033 37000000 		.4byte	0x37
 409 0037 02       		.uleb128 0x2
 410 0038 01       		.byte	0x1
 411 0039 08       		.byte	0x8
 412 003a C5000000 		.4byte	.LASF1
 413 003e 02       		.uleb128 0x2
 414 003f 02       		.byte	0x2
 415 0040 05       		.byte	0x5
 416 0041 47020000 		.4byte	.LASF2
 417 0045 03       		.uleb128 0x3
 418 0046 A6010000 		.4byte	.LASF4
 419 004a 02       		.byte	0x2
 420 004b 2B       		.byte	0x2b
 421 004c 50000000 		.4byte	0x50
 422 0050 02       		.uleb128 0x2
 423 0051 02       		.byte	0x2
 424 0052 07       		.byte	0x7
 425 0053 7D010000 		.4byte	.LASF5
 426 0057 03       		.uleb128 0x3
 427 0058 64000000 		.4byte	.LASF6
 428 005c 02       		.byte	0x2
 429 005d 3F       		.byte	0x3f
 430 005e 62000000 		.4byte	0x62
 431 0062 02       		.uleb128 0x2
 432 0063 04       		.byte	0x4
 433 0064 05       		.byte	0x5
 434 0065 88020000 		.4byte	.LASF7
 435 0069 03       		.uleb128 0x3
 436 006a D4010000 		.4byte	.LASF8
ARM GAS  C:\Users\User\AppData\Local\Temp\ccr4hurc.s 			page 11


 437 006e 02       		.byte	0x2
 438 006f 41       		.byte	0x41
 439 0070 74000000 		.4byte	0x74
 440 0074 02       		.uleb128 0x2
 441 0075 04       		.byte	0x4
 442 0076 07       		.byte	0x7
 443 0077 66010000 		.4byte	.LASF9
 444 007b 02       		.uleb128 0x2
 445 007c 08       		.byte	0x8
 446 007d 05       		.byte	0x5
 447 007e 21020000 		.4byte	.LASF10
 448 0082 02       		.uleb128 0x2
 449 0083 08       		.byte	0x8
 450 0084 07       		.byte	0x7
 451 0085 F1010000 		.4byte	.LASF11
 452 0089 04       		.uleb128 0x4
 453 008a 04       		.byte	0x4
 454 008b 05       		.byte	0x5
 455 008c 696E7400 		.ascii	"int\000"
 456 0090 02       		.uleb128 0x2
 457 0091 04       		.byte	0x4
 458 0092 07       		.byte	0x7
 459 0093 E4010000 		.4byte	.LASF12
 460 0097 03       		.uleb128 0x3
 461 0098 08020000 		.4byte	.LASF13
 462 009c 03       		.byte	0x3
 463 009d 18       		.byte	0x18
 464 009e 2C000000 		.4byte	0x2c
 465 00a2 03       		.uleb128 0x3
 466 00a3 58020000 		.4byte	.LASF14
 467 00a7 03       		.byte	0x3
 468 00a8 24       		.byte	0x24
 469 00a9 45000000 		.4byte	0x45
 470 00ad 03       		.uleb128 0x3
 471 00ae 10020000 		.4byte	.LASF15
 472 00b2 03       		.byte	0x3
 473 00b3 2C       		.byte	0x2c
 474 00b4 57000000 		.4byte	0x57
 475 00b8 03       		.uleb128 0x3
 476 00b9 90010000 		.4byte	.LASF16
 477 00bd 03       		.byte	0x3
 478 00be 30       		.byte	0x30
 479 00bf 69000000 		.4byte	0x69
 480 00c3 02       		.uleb128 0x2
 481 00c4 04       		.byte	0x4
 482 00c5 04       		.byte	0x4
 483 00c6 B0000000 		.4byte	.LASF17
 484 00ca 02       		.uleb128 0x2
 485 00cb 08       		.byte	0x8
 486 00cc 04       		.byte	0x4
 487 00cd 84000000 		.4byte	.LASF18
 488 00d1 02       		.uleb128 0x2
 489 00d2 01       		.byte	0x1
 490 00d3 08       		.byte	0x8
 491 00d4 36020000 		.4byte	.LASF19
 492 00d8 02       		.uleb128 0x2
 493 00d9 08       		.byte	0x8
ARM GAS  C:\Users\User\AppData\Local\Temp\ccr4hurc.s 			page 12


 494 00da 04       		.byte	0x4
 495 00db AA020000 		.4byte	.LASF20
 496 00df 02       		.uleb128 0x2
 497 00e0 04       		.byte	0x4
 498 00e1 07       		.byte	0x7
 499 00e2 18020000 		.4byte	.LASF21
 500 00e6 05       		.uleb128 0x5
 501 00e7 BB000000 		.4byte	.LASF22
 502 00eb 01       		.byte	0x1
 503 00ec 0B       		.byte	0xb
 504 00ed 00000000 		.4byte	.LFB64
 505 00f1 2A000000 		.4byte	.LFE64-.LFB64
 506 00f5 01       		.uleb128 0x1
 507 00f6 9C       		.byte	0x9c
 508 00f7 46010000 		.4byte	0x146
 509 00fb 06       		.uleb128 0x6
 510 00fc 636D6400 		.ascii	"cmd\000"
 511 0100 01       		.byte	0x1
 512 0101 0B       		.byte	0xb
 513 0102 A2000000 		.4byte	0xa2
 514 0106 00000000 		.4byte	.LLST0
 515 010a 07       		.uleb128 0x7
 516 010b B6000000 		.4byte	.LASF24
 517 010f 01       		.byte	0x1
 518 0110 0C       		.byte	0xc
 519 0111 46010000 		.4byte	0x146
 520 0115 02       		.uleb128 0x2
 521 0116 91       		.byte	0x91
 522 0117 74       		.sleb128 -12
 523 0118 08       		.uleb128 0x8
 524 0119 1A000000 		.4byte	.LVL2
 525 011d A5040000 		.4byte	0x4a5
 526 0121 3C010000 		.4byte	0x13c
 527 0125 09       		.uleb128 0x9
 528 0126 01       		.uleb128 0x1
 529 0127 50       		.byte	0x50
 530 0128 02       		.uleb128 0x2
 531 0129 08       		.byte	0x8
 532 012a 61       		.byte	0x61
 533 012b 09       		.uleb128 0x9
 534 012c 01       		.uleb128 0x1
 535 012d 51       		.byte	0x51
 536 012e 02       		.uleb128 0x2
 537 012f 91       		.byte	0x91
 538 0130 74       		.sleb128 -12
 539 0131 09       		.uleb128 0x9
 540 0132 01       		.uleb128 0x1
 541 0133 52       		.byte	0x52
 542 0134 01       		.uleb128 0x1
 543 0135 32       		.byte	0x32
 544 0136 09       		.uleb128 0x9
 545 0137 01       		.uleb128 0x1
 546 0138 53       		.byte	0x53
 547 0139 01       		.uleb128 0x1
 548 013a 30       		.byte	0x30
 549 013b 00       		.byte	0
 550 013c 0A       		.uleb128 0xa
ARM GAS  C:\Users\User\AppData\Local\Temp\ccr4hurc.s 			page 13


 551 013d 1E000000 		.4byte	.LVL3
 552 0141 B0040000 		.4byte	0x4b0
 553 0145 00       		.byte	0
 554 0146 0B       		.uleb128 0xb
 555 0147 97000000 		.4byte	0x97
 556 014b 56010000 		.4byte	0x156
 557 014f 0C       		.uleb128 0xc
 558 0150 DF000000 		.4byte	0xdf
 559 0154 01       		.byte	0x1
 560 0155 00       		.byte	0
 561 0156 0D       		.uleb128 0xd
 562 0157 61020000 		.4byte	.LASF23
 563 015b 01       		.byte	0x1
 564 015c 12       		.byte	0x12
 565 015d 97000000 		.4byte	0x97
 566 0161 00000000 		.4byte	.LFB65
 567 0165 48000000 		.4byte	.LFE65-.LFB65
 568 0169 01       		.uleb128 0x1
 569 016a 9C       		.byte	0x9c
 570 016b E6010000 		.4byte	0x1e6
 571 016f 0E       		.uleb128 0xe
 572 0170 636D6400 		.ascii	"cmd\000"
 573 0174 01       		.byte	0x1
 574 0175 14       		.byte	0x14
 575 0176 46010000 		.4byte	0x146
 576 017a 02       		.uleb128 0x2
 577 017b 91       		.byte	0x91
 578 017c 74       		.sleb128 -12
 579 017d 07       		.uleb128 0x7
 580 017e 61010000 		.4byte	.LASF25
 581 0182 01       		.byte	0x1
 582 0183 15       		.byte	0x15
 583 0184 E6010000 		.4byte	0x1e6
 584 0188 02       		.uleb128 0x2
 585 0189 91       		.byte	0x91
 586 018a 70       		.sleb128 -16
 587 018b 08       		.uleb128 0x8
 588 018c 18000000 		.4byte	.LVL4
 589 0190 A5040000 		.4byte	0x4a5
 590 0194 AF010000 		.4byte	0x1af
 591 0198 09       		.uleb128 0x9
 592 0199 01       		.uleb128 0x1
 593 019a 50       		.byte	0x50
 594 019b 02       		.uleb128 0x2
 595 019c 08       		.byte	0x8
 596 019d 61       		.byte	0x61
 597 019e 09       		.uleb128 0x9
 598 019f 01       		.uleb128 0x1
 599 01a0 51       		.byte	0x51
 600 01a1 02       		.uleb128 0x2
 601 01a2 91       		.byte	0x91
 602 01a3 74       		.sleb128 -12
 603 01a4 09       		.uleb128 0x9
 604 01a5 01       		.uleb128 0x1
 605 01a6 52       		.byte	0x52
 606 01a7 01       		.uleb128 0x1
 607 01a8 32       		.byte	0x32
ARM GAS  C:\Users\User\AppData\Local\Temp\ccr4hurc.s 			page 14


 608 01a9 09       		.uleb128 0x9
 609 01aa 01       		.uleb128 0x1
 610 01ab 53       		.byte	0x53
 611 01ac 01       		.uleb128 0x1
 612 01ad 30       		.byte	0x30
 613 01ae 00       		.byte	0
 614 01af 0A       		.uleb128 0xa
 615 01b0 1C000000 		.4byte	.LVL5
 616 01b4 B0040000 		.4byte	0x4b0
 617 01b8 08       		.uleb128 0x8
 618 01b9 2E000000 		.4byte	.LVL6
 619 01bd BB040000 		.4byte	0x4bb
 620 01c1 DC010000 		.4byte	0x1dc
 621 01c5 09       		.uleb128 0x9
 622 01c6 01       		.uleb128 0x1
 623 01c7 50       		.byte	0x50
 624 01c8 02       		.uleb128 0x2
 625 01c9 08       		.byte	0x8
 626 01ca 61       		.byte	0x61
 627 01cb 09       		.uleb128 0x9
 628 01cc 01       		.uleb128 0x1
 629 01cd 51       		.byte	0x51
 630 01ce 02       		.uleb128 0x2
 631 01cf 7D       		.byte	0x7d
 632 01d0 00       		.sleb128 0
 633 01d1 09       		.uleb128 0x9
 634 01d2 01       		.uleb128 0x1
 635 01d3 52       		.byte	0x52
 636 01d4 01       		.uleb128 0x1
 637 01d5 33       		.byte	0x33
 638 01d6 09       		.uleb128 0x9
 639 01d7 01       		.uleb128 0x1
 640 01d8 53       		.byte	0x53
 641 01d9 01       		.uleb128 0x1
 642 01da 30       		.byte	0x30
 643 01db 00       		.byte	0
 644 01dc 0A       		.uleb128 0xa
 645 01dd 32000000 		.4byte	.LVL7
 646 01e1 B0040000 		.4byte	0x4b0
 647 01e5 00       		.byte	0
 648 01e6 0B       		.uleb128 0xb
 649 01e7 97000000 		.4byte	0x97
 650 01eb F6010000 		.4byte	0x1f6
 651 01ef 0C       		.uleb128 0xc
 652 01f0 DF000000 		.4byte	0xdf
 653 01f4 02       		.byte	0x2
 654 01f5 00       		.byte	0
 655 01f6 0F       		.uleb128 0xf
 656 01f7 E3020000 		.4byte	.LASF47
 657 01fb 01       		.byte	0x1
 658 01fc 22       		.byte	0x22
 659 01fd 00000000 		.4byte	.LFB66
 660 0201 44000000 		.4byte	.LFE66-.LFB66
 661 0205 01       		.uleb128 0x1
 662 0206 9C       		.byte	0x9c
 663 0207 77020000 		.4byte	0x277
 664 020b 0E       		.uleb128 0xe
ARM GAS  C:\Users\User\AppData\Local\Temp\ccr4hurc.s 			page 15


 665 020c 636D6400 		.ascii	"cmd\000"
 666 0210 01       		.byte	0x1
 667 0211 23       		.byte	0x23
 668 0212 46010000 		.4byte	0x146
 669 0216 02       		.uleb128 0x2
 670 0217 91       		.byte	0x91
 671 0218 74       		.sleb128 -12
 672 0219 08       		.uleb128 0x8
 673 021a 1A000000 		.4byte	.LVL8
 674 021e A5040000 		.4byte	0x4a5
 675 0222 3D020000 		.4byte	0x23d
 676 0226 09       		.uleb128 0x9
 677 0227 01       		.uleb128 0x1
 678 0228 50       		.byte	0x50
 679 0229 02       		.uleb128 0x2
 680 022a 08       		.byte	0x8
 681 022b 61       		.byte	0x61
 682 022c 09       		.uleb128 0x9
 683 022d 01       		.uleb128 0x1
 684 022e 51       		.byte	0x51
 685 022f 02       		.uleb128 0x2
 686 0230 91       		.byte	0x91
 687 0231 74       		.sleb128 -12
 688 0232 09       		.uleb128 0x9
 689 0233 01       		.uleb128 0x1
 690 0234 52       		.byte	0x52
 691 0235 01       		.uleb128 0x1
 692 0236 32       		.byte	0x32
 693 0237 09       		.uleb128 0x9
 694 0238 01       		.uleb128 0x1
 695 0239 53       		.byte	0x53
 696 023a 01       		.uleb128 0x1
 697 023b 30       		.byte	0x30
 698 023c 00       		.byte	0
 699 023d 0A       		.uleb128 0xa
 700 023e 1E000000 		.4byte	.LVL9
 701 0242 B0040000 		.4byte	0x4b0
 702 0246 08       		.uleb128 0x8
 703 0247 30000000 		.4byte	.LVL10
 704 024b BB040000 		.4byte	0x4bb
 705 024f 6D020000 		.4byte	0x26d
 706 0253 09       		.uleb128 0x9
 707 0254 01       		.uleb128 0x1
 708 0255 50       		.byte	0x50
 709 0256 02       		.uleb128 0x2
 710 0257 08       		.byte	0x8
 711 0258 61       		.byte	0x61
 712 0259 09       		.uleb128 0x9
 713 025a 01       		.uleb128 0x1
 714 025b 51       		.byte	0x51
 715 025c 05       		.uleb128 0x5
 716 025d 03       		.byte	0x3
 717 025e 00000000 		.4byte	buffer
 718 0262 09       		.uleb128 0x9
 719 0263 01       		.uleb128 0x1
 720 0264 52       		.byte	0x52
 721 0265 01       		.uleb128 0x1
ARM GAS  C:\Users\User\AppData\Local\Temp\ccr4hurc.s 			page 16


 722 0266 42       		.byte	0x42
 723 0267 09       		.uleb128 0x9
 724 0268 01       		.uleb128 0x1
 725 0269 53       		.byte	0x53
 726 026a 01       		.uleb128 0x1
 727 026b 30       		.byte	0x30
 728 026c 00       		.byte	0
 729 026d 0A       		.uleb128 0xa
 730 026e 34000000 		.4byte	.LVL11
 731 0272 B0040000 		.4byte	0x4b0
 732 0276 00       		.byte	0
 733 0277 10       		.uleb128 0x10
 734 0278 B1010000 		.4byte	.LASF48
 735 027c 01       		.byte	0x1
 736 027d 2D       		.byte	0x2d
 737 027e C3000000 		.4byte	0xc3
 738 0282 00000000 		.4byte	.LFB67
 739 0286 16000000 		.4byte	.LFE67-.LFB67
 740 028a 01       		.uleb128 0x1
 741 028b 9C       		.byte	0x9c
 742 028c BA020000 		.4byte	0x2ba
 743 0290 11       		.uleb128 0x11
 744 0291 A4020000 		.4byte	.LASF26
 745 0295 01       		.byte	0x1
 746 0296 2D       		.byte	0x2d
 747 0297 BA020000 		.4byte	0x2ba
 748 029b 21000000 		.4byte	.LLST1
 749 029f 12       		.uleb128 0x12
 750 02a0 72617700 		.ascii	"raw\000"
 751 02a4 01       		.byte	0x1
 752 02a5 2E       		.byte	0x2e
 753 02a6 B8000000 		.4byte	0xb8
 754 02aa 42000000 		.4byte	.LLST2
 755 02ae 13       		.uleb128 0x13
 756 02af 5E000000 		.4byte	.LASF28
 757 02b3 01       		.byte	0x1
 758 02b4 32       		.byte	0x32
 759 02b5 C3000000 		.4byte	0xc3
 760 02b9 00       		.byte	0
 761 02ba 14       		.uleb128 0x14
 762 02bb 04       		.byte	0x4
 763 02bc 97000000 		.4byte	0x97
 764 02c0 15       		.uleb128 0x15
 765 02c1 DF010000 		.4byte	.LASF49
 766 02c5 01       		.byte	0x1
 767 02c6 37       		.byte	0x37
 768 02c7 89000000 		.4byte	0x89
 769 02cb 00000000 		.4byte	.LFB68
 770 02cf 9C000000 		.4byte	.LFE68-.LFB68
 771 02d3 01       		.uleb128 0x1
 772 02d4 9C       		.byte	0x9c
 773 02d5 52040000 		.4byte	0x452
 774 02d9 16       		.uleb128 0x16
 775 02da 8B000000 		.4byte	.LASF27
 776 02de 01       		.byte	0x1
 777 02df 3F       		.byte	0x3f
 778 02e0 97000000 		.4byte	0x97
ARM GAS  C:\Users\User\AppData\Local\Temp\ccr4hurc.s 			page 17


 779 02e4 5A000000 		.4byte	.LLST3
 780 02e8 17       		.uleb128 0x17
 781 02e9 4E000000 		.4byte	.LBB2
 782 02ed 22000000 		.4byte	.LBE2-.LBB2
 783 02f1 68030000 		.4byte	0x368
 784 02f5 18       		.uleb128 0x18
 785 02f6 636F3200 		.ascii	"co2\000"
 786 02fa 01       		.byte	0x1
 787 02fb 5E       		.byte	0x5e
 788 02fc C3000000 		.4byte	0xc3
 789 0300 16       		.uleb128 0x16
 790 0301 78010000 		.4byte	.LASF29
 791 0305 01       		.byte	0x1
 792 0306 5F       		.byte	0x5f
 793 0307 C3000000 		.4byte	0xc3
 794 030b 78000000 		.4byte	.LLST4
 795 030f 13       		.uleb128 0x13
 796 0310 55000000 		.4byte	.LASF30
 797 0314 01       		.byte	0x1
 798 0315 60       		.byte	0x60
 799 0316 C3000000 		.4byte	0xc3
 800 031a 0A       		.uleb128 0xa
 801 031b 52000000 		.4byte	.LVL30
 802 031f F6010000 		.4byte	0x1f6
 803 0323 08       		.uleb128 0x8
 804 0324 58000000 		.4byte	.LVL31
 805 0328 77020000 		.4byte	0x277
 806 032c 3A030000 		.4byte	0x33a
 807 0330 09       		.uleb128 0x9
 808 0331 01       		.uleb128 0x1
 809 0332 50       		.byte	0x50
 810 0333 05       		.uleb128 0x5
 811 0334 03       		.byte	0x3
 812 0335 06000000 		.4byte	buffer+6
 813 0339 00       		.byte	0
 814 033a 08       		.uleb128 0x8
 815 033b 6A000000 		.4byte	.LVL33
 816 033f C6040000 		.4byte	0x4c6
 817 0343 57030000 		.4byte	0x357
 818 0347 09       		.uleb128 0x9
 819 0348 01       		.uleb128 0x1
 820 0349 50       		.byte	0x50
 821 034a 02       		.uleb128 0x2
 822 034b 74       		.byte	0x74
 823 034c 00       		.sleb128 0
 824 034d 09       		.uleb128 0x9
 825 034e 01       		.uleb128 0x1
 826 034f 51       		.byte	0x51
 827 0350 05       		.uleb128 0x5
 828 0351 03       		.byte	0x3
 829 0352 AC000000 		.4byte	.LC6
 830 0356 00       		.byte	0
 831 0357 19       		.uleb128 0x19
 832 0358 70000000 		.4byte	.LVL34
 833 035c D1040000 		.4byte	0x4d1
 834 0360 09       		.uleb128 0x9
 835 0361 01       		.uleb128 0x1
ARM GAS  C:\Users\User\AppData\Local\Temp\ccr4hurc.s 			page 18


 836 0362 50       		.byte	0x50
 837 0363 02       		.uleb128 0x2
 838 0364 74       		.byte	0x74
 839 0365 00       		.sleb128 0
 840 0366 00       		.byte	0
 841 0367 00       		.byte	0
 842 0368 0A       		.uleb128 0xa
 843 0369 08000000 		.4byte	.LVL15
 844 036d DC040000 		.4byte	0x4dc
 845 0371 0A       		.uleb128 0xa
 846 0372 0C000000 		.4byte	.LVL16
 847 0376 E7040000 		.4byte	0x4e7
 848 037a 08       		.uleb128 0x8
 849 037b 12000000 		.4byte	.LVL17
 850 037f D1040000 		.4byte	0x4d1
 851 0383 91030000 		.4byte	0x391
 852 0387 09       		.uleb128 0x9
 853 0388 01       		.uleb128 0x1
 854 0389 50       		.byte	0x50
 855 038a 05       		.uleb128 0x5
 856 038b 03       		.byte	0x3
 857 038c 00000000 		.4byte	.LC1
 858 0390 00       		.byte	0
 859 0391 08       		.uleb128 0x8
 860 0392 1A000000 		.4byte	.LVL18
 861 0396 F2040000 		.4byte	0x4f2
 862 039a AA030000 		.4byte	0x3aa
 863 039e 09       		.uleb128 0x9
 864 039f 01       		.uleb128 0x1
 865 03a0 50       		.byte	0x50
 866 03a1 02       		.uleb128 0x2
 867 03a2 08       		.byte	0x8
 868 03a3 61       		.byte	0x61
 869 03a4 09       		.uleb128 0x9
 870 03a5 01       		.uleb128 0x1
 871 03a6 51       		.byte	0x51
 872 03a7 01       		.uleb128 0x1
 873 03a8 30       		.byte	0x30
 874 03a9 00       		.byte	0
 875 03aa 08       		.uleb128 0x8
 876 03ab 22000000 		.4byte	.LVL20
 877 03af D1040000 		.4byte	0x4d1
 878 03b3 C1030000 		.4byte	0x3c1
 879 03b7 09       		.uleb128 0x9
 880 03b8 01       		.uleb128 0x1
 881 03b9 50       		.byte	0x50
 882 03ba 05       		.uleb128 0x5
 883 03bb 03       		.byte	0x3
 884 03bc 14000000 		.4byte	.LC2
 885 03c0 00       		.byte	0
 886 03c1 0A       		.uleb128 0xa
 887 03c2 26000000 		.4byte	.LVL21
 888 03c6 FD040000 		.4byte	0x4fd
 889 03ca 08       		.uleb128 0x8
 890 03cb 2E000000 		.4byte	.LVL24
 891 03cf D1040000 		.4byte	0x4d1
 892 03d3 E1030000 		.4byte	0x3e1
ARM GAS  C:\Users\User\AppData\Local\Temp\ccr4hurc.s 			page 19


 893 03d7 09       		.uleb128 0x9
 894 03d8 01       		.uleb128 0x1
 895 03d9 50       		.byte	0x50
 896 03da 05       		.uleb128 0x5
 897 03db 03       		.byte	0x3
 898 03dc 34000000 		.4byte	.LC3
 899 03e0 00       		.byte	0
 900 03e1 08       		.uleb128 0x8
 901 03e2 34000000 		.4byte	.LVL25
 902 03e6 E6000000 		.4byte	0xe6
 903 03ea F4030000 		.4byte	0x3f4
 904 03ee 09       		.uleb128 0x9
 905 03ef 01       		.uleb128 0x1
 906 03f0 50       		.byte	0x50
 907 03f1 01       		.uleb128 0x1
 908 03f2 40       		.byte	0x40
 909 03f3 00       		.byte	0
 910 03f4 08       		.uleb128 0x8
 911 03f5 3A000000 		.4byte	.LVL26
 912 03f9 D1040000 		.4byte	0x4d1
 913 03fd 0B040000 		.4byte	0x40b
 914 0401 09       		.uleb128 0x9
 915 0402 01       		.uleb128 0x1
 916 0403 50       		.byte	0x50
 917 0404 05       		.uleb128 0x5
 918 0405 03       		.byte	0x3
 919 0406 50000000 		.4byte	.LC4
 920 040a 00       		.byte	0
 921 040b 08       		.uleb128 0x8
 922 040c 42000000 		.4byte	.LVL27
 923 0410 08050000 		.4byte	0x508
 924 0414 20040000 		.4byte	0x420
 925 0418 09       		.uleb128 0x9
 926 0419 01       		.uleb128 0x1
 927 041a 50       		.byte	0x50
 928 041b 03       		.uleb128 0x3
 929 041c 0A       		.byte	0xa
 930 041d B80B     		.2byte	0xbb8
 931 041f 00       		.byte	0
 932 0420 08       		.uleb128 0x8
 933 0421 48000000 		.4byte	.LVL28
 934 0425 D1040000 		.4byte	0x4d1
 935 0429 37040000 		.4byte	0x437
 936 042d 09       		.uleb128 0x9
 937 042e 01       		.uleb128 0x1
 938 042f 50       		.byte	0x50
 939 0430 05       		.uleb128 0x5
 940 0431 03       		.byte	0x3
 941 0432 90000000 		.4byte	.LC5
 942 0436 00       		.byte	0
 943 0437 0A       		.uleb128 0xa
 944 0438 4C000000 		.4byte	.LVL29
 945 043c 56010000 		.4byte	0x156
 946 0440 19       		.uleb128 0x19
 947 0441 78000000 		.4byte	.LVL35
 948 0445 08050000 		.4byte	0x508
 949 0449 09       		.uleb128 0x9
ARM GAS  C:\Users\User\AppData\Local\Temp\ccr4hurc.s 			page 20


 950 044a 01       		.uleb128 0x1
 951 044b 50       		.byte	0x50
 952 044c 03       		.uleb128 0x3
 953 044d 0A       		.byte	0xa
 954 044e D007     		.2byte	0x7d0
 955 0450 00       		.byte	0
 956 0451 00       		.byte	0
 957 0452 1A       		.uleb128 0x1a
 958 0453 99010000 		.4byte	.LASF31
 959 0457 04       		.byte	0x4
 960 0458 1207     		.2byte	0x712
 961 045a 5E040000 		.4byte	0x45e
 962 045e 1B       		.uleb128 0x1b
 963 045f AD000000 		.4byte	0xad
 964 0463 0B       		.uleb128 0xb
 965 0464 97000000 		.4byte	0x97
 966 0468 73040000 		.4byte	0x473
 967 046c 0C       		.uleb128 0xc
 968 046d DF000000 		.4byte	0xdf
 969 0471 11       		.byte	0x11
 970 0472 00       		.byte	0
 971 0473 1C       		.uleb128 0x1c
 972 0474 51020000 		.4byte	.LASF32
 973 0478 01       		.byte	0x1
 974 0479 07       		.byte	0x7
 975 047a 63040000 		.4byte	0x463
 976 047e 05       		.uleb128 0x5
 977 047f 03       		.byte	0x3
 978 0480 00000000 		.4byte	buffer
 979 0484 0B       		.uleb128 0xb
 980 0485 D1000000 		.4byte	0xd1
 981 0489 94040000 		.4byte	0x494
 982 048d 0C       		.uleb128 0xc
 983 048e DF000000 		.4byte	0xdf
 984 0492 31       		.byte	0x31
 985 0493 00       		.byte	0
 986 0494 1C       		.uleb128 0x1c
 987 0495 92000000 		.4byte	.LASF33
 988 0499 01       		.byte	0x1
 989 049a 08       		.byte	0x8
 990 049b 84040000 		.4byte	0x484
 991 049f 05       		.uleb128 0x5
 992 04a0 03       		.byte	0x3
 993 04a1 00000000 		.4byte	string_1
 994 04a5 1D       		.uleb128 0x1d
 995 04a6 9B000000 		.4byte	.LASF34
 996 04aa 9B000000 		.4byte	.LASF34
 997 04ae 05       		.byte	0x5
 998 04af A7       		.byte	0xa7
 999 04b0 1D       		.uleb128 0x1d
 1000 04b1 91020000 		.4byte	.LASF35
 1001 04b5 91020000 		.4byte	.LASF35
 1002 04b9 05       		.byte	0x5
 1003 04ba A3       		.byte	0xa3
 1004 04bb 1D       		.uleb128 0x1d
 1005 04bc C0010000 		.4byte	.LASF36
 1006 04c0 C0010000 		.4byte	.LASF36
ARM GAS  C:\Users\User\AppData\Local\Temp\ccr4hurc.s 			page 21


 1007 04c4 05       		.byte	0x5
 1008 04c5 A9       		.byte	0xa9
 1009 04c6 1D       		.uleb128 0x1d
 1010 04c7 D3020000 		.4byte	.LASF37
 1011 04cb D3020000 		.4byte	.LASF37
 1012 04cf 06       		.byte	0x6
 1013 04d0 E7       		.byte	0xe7
 1014 04d1 1D       		.uleb128 0x1d
 1015 04d2 C2020000 		.4byte	.LASF38
 1016 04d6 C2020000 		.4byte	.LASF38
 1017 04da 07       		.byte	0x7
 1018 04db 8B       		.byte	0x8b
 1019 04dc 1D       		.uleb128 0x1d
 1020 04dd 3B020000 		.4byte	.LASF39
 1021 04e1 3B020000 		.4byte	.LASF39
 1022 04e5 05       		.byte	0x5
 1023 04e6 93       		.byte	0x93
 1024 04e7 1D       		.uleb128 0x1d
 1025 04e8 00000000 		.4byte	.LASF40
 1026 04ec 00000000 		.4byte	.LASF40
 1027 04f0 07       		.byte	0x7
 1028 04f1 54       		.byte	0x54
 1029 04f2 1D       		.uleb128 0x1d
 1030 04f3 6E000000 		.4byte	.LASF41
 1031 04f7 6E000000 		.4byte	.LASF41
 1032 04fb 05       		.byte	0x5
 1033 04fc B1       		.byte	0xb1
 1034 04fd 1D       		.uleb128 0x1d
 1035 04fe 73020000 		.4byte	.LASF42
 1036 0502 73020000 		.4byte	.LASF42
 1037 0506 05       		.byte	0x5
 1038 0507 B5       		.byte	0xb5
 1039 0508 1D       		.uleb128 0x1d
 1040 0509 DB020000 		.4byte	.LASF43
 1041 050d DB020000 		.4byte	.LASF43
 1042 0511 08       		.byte	0x8
 1043 0512 76       		.byte	0x76
 1044 0513 00       		.byte	0
 1045              		.section	.debug_abbrev,"",%progbits
 1046              	.Ldebug_abbrev0:
 1047 0000 01       		.uleb128 0x1
 1048 0001 11       		.uleb128 0x11
 1049 0002 01       		.byte	0x1
 1050 0003 25       		.uleb128 0x25
 1051 0004 0E       		.uleb128 0xe
 1052 0005 13       		.uleb128 0x13
 1053 0006 0B       		.uleb128 0xb
 1054 0007 03       		.uleb128 0x3
 1055 0008 0E       		.uleb128 0xe
 1056 0009 1B       		.uleb128 0x1b
 1057 000a 0E       		.uleb128 0xe
 1058 000b 55       		.uleb128 0x55
 1059 000c 17       		.uleb128 0x17
 1060 000d 11       		.uleb128 0x11
 1061 000e 01       		.uleb128 0x1
 1062 000f 10       		.uleb128 0x10
 1063 0010 17       		.uleb128 0x17
ARM GAS  C:\Users\User\AppData\Local\Temp\ccr4hurc.s 			page 22


 1064 0011 00       		.byte	0
 1065 0012 00       		.byte	0
 1066 0013 02       		.uleb128 0x2
 1067 0014 24       		.uleb128 0x24
 1068 0015 00       		.byte	0
 1069 0016 0B       		.uleb128 0xb
 1070 0017 0B       		.uleb128 0xb
 1071 0018 3E       		.uleb128 0x3e
 1072 0019 0B       		.uleb128 0xb
 1073 001a 03       		.uleb128 0x3
 1074 001b 0E       		.uleb128 0xe
 1075 001c 00       		.byte	0
 1076 001d 00       		.byte	0
 1077 001e 03       		.uleb128 0x3
 1078 001f 16       		.uleb128 0x16
 1079 0020 00       		.byte	0
 1080 0021 03       		.uleb128 0x3
 1081 0022 0E       		.uleb128 0xe
 1082 0023 3A       		.uleb128 0x3a
 1083 0024 0B       		.uleb128 0xb
 1084 0025 3B       		.uleb128 0x3b
 1085 0026 0B       		.uleb128 0xb
 1086 0027 49       		.uleb128 0x49
 1087 0028 13       		.uleb128 0x13
 1088 0029 00       		.byte	0
 1089 002a 00       		.byte	0
 1090 002b 04       		.uleb128 0x4
 1091 002c 24       		.uleb128 0x24
 1092 002d 00       		.byte	0
 1093 002e 0B       		.uleb128 0xb
 1094 002f 0B       		.uleb128 0xb
 1095 0030 3E       		.uleb128 0x3e
 1096 0031 0B       		.uleb128 0xb
 1097 0032 03       		.uleb128 0x3
 1098 0033 08       		.uleb128 0x8
 1099 0034 00       		.byte	0
 1100 0035 00       		.byte	0
 1101 0036 05       		.uleb128 0x5
 1102 0037 2E       		.uleb128 0x2e
 1103 0038 01       		.byte	0x1
 1104 0039 3F       		.uleb128 0x3f
 1105 003a 19       		.uleb128 0x19
 1106 003b 03       		.uleb128 0x3
 1107 003c 0E       		.uleb128 0xe
 1108 003d 3A       		.uleb128 0x3a
 1109 003e 0B       		.uleb128 0xb
 1110 003f 3B       		.uleb128 0x3b
 1111 0040 0B       		.uleb128 0xb
 1112 0041 27       		.uleb128 0x27
 1113 0042 19       		.uleb128 0x19
 1114 0043 11       		.uleb128 0x11
 1115 0044 01       		.uleb128 0x1
 1116 0045 12       		.uleb128 0x12
 1117 0046 06       		.uleb128 0x6
 1118 0047 40       		.uleb128 0x40
 1119 0048 18       		.uleb128 0x18
 1120 0049 9742     		.uleb128 0x2117
ARM GAS  C:\Users\User\AppData\Local\Temp\ccr4hurc.s 			page 23


 1121 004b 19       		.uleb128 0x19
 1122 004c 01       		.uleb128 0x1
 1123 004d 13       		.uleb128 0x13
 1124 004e 00       		.byte	0
 1125 004f 00       		.byte	0
 1126 0050 06       		.uleb128 0x6
 1127 0051 05       		.uleb128 0x5
 1128 0052 00       		.byte	0
 1129 0053 03       		.uleb128 0x3
 1130 0054 08       		.uleb128 0x8
 1131 0055 3A       		.uleb128 0x3a
 1132 0056 0B       		.uleb128 0xb
 1133 0057 3B       		.uleb128 0x3b
 1134 0058 0B       		.uleb128 0xb
 1135 0059 49       		.uleb128 0x49
 1136 005a 13       		.uleb128 0x13
 1137 005b 02       		.uleb128 0x2
 1138 005c 17       		.uleb128 0x17
 1139 005d 00       		.byte	0
 1140 005e 00       		.byte	0
 1141 005f 07       		.uleb128 0x7
 1142 0060 34       		.uleb128 0x34
 1143 0061 00       		.byte	0
 1144 0062 03       		.uleb128 0x3
 1145 0063 0E       		.uleb128 0xe
 1146 0064 3A       		.uleb128 0x3a
 1147 0065 0B       		.uleb128 0xb
 1148 0066 3B       		.uleb128 0x3b
 1149 0067 0B       		.uleb128 0xb
 1150 0068 49       		.uleb128 0x49
 1151 0069 13       		.uleb128 0x13
 1152 006a 02       		.uleb128 0x2
 1153 006b 18       		.uleb128 0x18
 1154 006c 00       		.byte	0
 1155 006d 00       		.byte	0
 1156 006e 08       		.uleb128 0x8
 1157 006f 898201   		.uleb128 0x4109
 1158 0072 01       		.byte	0x1
 1159 0073 11       		.uleb128 0x11
 1160 0074 01       		.uleb128 0x1
 1161 0075 31       		.uleb128 0x31
 1162 0076 13       		.uleb128 0x13
 1163 0077 01       		.uleb128 0x1
 1164 0078 13       		.uleb128 0x13
 1165 0079 00       		.byte	0
 1166 007a 00       		.byte	0
 1167 007b 09       		.uleb128 0x9
 1168 007c 8A8201   		.uleb128 0x410a
 1169 007f 00       		.byte	0
 1170 0080 02       		.uleb128 0x2
 1171 0081 18       		.uleb128 0x18
 1172 0082 9142     		.uleb128 0x2111
 1173 0084 18       		.uleb128 0x18
 1174 0085 00       		.byte	0
 1175 0086 00       		.byte	0
 1176 0087 0A       		.uleb128 0xa
 1177 0088 898201   		.uleb128 0x4109
ARM GAS  C:\Users\User\AppData\Local\Temp\ccr4hurc.s 			page 24


 1178 008b 00       		.byte	0
 1179 008c 11       		.uleb128 0x11
 1180 008d 01       		.uleb128 0x1
 1181 008e 31       		.uleb128 0x31
 1182 008f 13       		.uleb128 0x13
 1183 0090 00       		.byte	0
 1184 0091 00       		.byte	0
 1185 0092 0B       		.uleb128 0xb
 1186 0093 01       		.uleb128 0x1
 1187 0094 01       		.byte	0x1
 1188 0095 49       		.uleb128 0x49
 1189 0096 13       		.uleb128 0x13
 1190 0097 01       		.uleb128 0x1
 1191 0098 13       		.uleb128 0x13
 1192 0099 00       		.byte	0
 1193 009a 00       		.byte	0
 1194 009b 0C       		.uleb128 0xc
 1195 009c 21       		.uleb128 0x21
 1196 009d 00       		.byte	0
 1197 009e 49       		.uleb128 0x49
 1198 009f 13       		.uleb128 0x13
 1199 00a0 2F       		.uleb128 0x2f
 1200 00a1 0B       		.uleb128 0xb
 1201 00a2 00       		.byte	0
 1202 00a3 00       		.byte	0
 1203 00a4 0D       		.uleb128 0xd
 1204 00a5 2E       		.uleb128 0x2e
 1205 00a6 01       		.byte	0x1
 1206 00a7 3F       		.uleb128 0x3f
 1207 00a8 19       		.uleb128 0x19
 1208 00a9 03       		.uleb128 0x3
 1209 00aa 0E       		.uleb128 0xe
 1210 00ab 3A       		.uleb128 0x3a
 1211 00ac 0B       		.uleb128 0xb
 1212 00ad 3B       		.uleb128 0x3b
 1213 00ae 0B       		.uleb128 0xb
 1214 00af 49       		.uleb128 0x49
 1215 00b0 13       		.uleb128 0x13
 1216 00b1 11       		.uleb128 0x11
 1217 00b2 01       		.uleb128 0x1
 1218 00b3 12       		.uleb128 0x12
 1219 00b4 06       		.uleb128 0x6
 1220 00b5 40       		.uleb128 0x40
 1221 00b6 18       		.uleb128 0x18
 1222 00b7 9742     		.uleb128 0x2117
 1223 00b9 19       		.uleb128 0x19
 1224 00ba 01       		.uleb128 0x1
 1225 00bb 13       		.uleb128 0x13
 1226 00bc 00       		.byte	0
 1227 00bd 00       		.byte	0
 1228 00be 0E       		.uleb128 0xe
 1229 00bf 34       		.uleb128 0x34
 1230 00c0 00       		.byte	0
 1231 00c1 03       		.uleb128 0x3
 1232 00c2 08       		.uleb128 0x8
 1233 00c3 3A       		.uleb128 0x3a
 1234 00c4 0B       		.uleb128 0xb
ARM GAS  C:\Users\User\AppData\Local\Temp\ccr4hurc.s 			page 25


 1235 00c5 3B       		.uleb128 0x3b
 1236 00c6 0B       		.uleb128 0xb
 1237 00c7 49       		.uleb128 0x49
 1238 00c8 13       		.uleb128 0x13
 1239 00c9 02       		.uleb128 0x2
 1240 00ca 18       		.uleb128 0x18
 1241 00cb 00       		.byte	0
 1242 00cc 00       		.byte	0
 1243 00cd 0F       		.uleb128 0xf
 1244 00ce 2E       		.uleb128 0x2e
 1245 00cf 01       		.byte	0x1
 1246 00d0 3F       		.uleb128 0x3f
 1247 00d1 19       		.uleb128 0x19
 1248 00d2 03       		.uleb128 0x3
 1249 00d3 0E       		.uleb128 0xe
 1250 00d4 3A       		.uleb128 0x3a
 1251 00d5 0B       		.uleb128 0xb
 1252 00d6 3B       		.uleb128 0x3b
 1253 00d7 0B       		.uleb128 0xb
 1254 00d8 11       		.uleb128 0x11
 1255 00d9 01       		.uleb128 0x1
 1256 00da 12       		.uleb128 0x12
 1257 00db 06       		.uleb128 0x6
 1258 00dc 40       		.uleb128 0x40
 1259 00dd 18       		.uleb128 0x18
 1260 00de 9742     		.uleb128 0x2117
 1261 00e0 19       		.uleb128 0x19
 1262 00e1 01       		.uleb128 0x1
 1263 00e2 13       		.uleb128 0x13
 1264 00e3 00       		.byte	0
 1265 00e4 00       		.byte	0
 1266 00e5 10       		.uleb128 0x10
 1267 00e6 2E       		.uleb128 0x2e
 1268 00e7 01       		.byte	0x1
 1269 00e8 3F       		.uleb128 0x3f
 1270 00e9 19       		.uleb128 0x19
 1271 00ea 03       		.uleb128 0x3
 1272 00eb 0E       		.uleb128 0xe
 1273 00ec 3A       		.uleb128 0x3a
 1274 00ed 0B       		.uleb128 0xb
 1275 00ee 3B       		.uleb128 0x3b
 1276 00ef 0B       		.uleb128 0xb
 1277 00f0 27       		.uleb128 0x27
 1278 00f1 19       		.uleb128 0x19
 1279 00f2 49       		.uleb128 0x49
 1280 00f3 13       		.uleb128 0x13
 1281 00f4 11       		.uleb128 0x11
 1282 00f5 01       		.uleb128 0x1
 1283 00f6 12       		.uleb128 0x12
 1284 00f7 06       		.uleb128 0x6
 1285 00f8 40       		.uleb128 0x40
 1286 00f9 18       		.uleb128 0x18
 1287 00fa 9742     		.uleb128 0x2117
 1288 00fc 19       		.uleb128 0x19
 1289 00fd 01       		.uleb128 0x1
 1290 00fe 13       		.uleb128 0x13
 1291 00ff 00       		.byte	0
ARM GAS  C:\Users\User\AppData\Local\Temp\ccr4hurc.s 			page 26


 1292 0100 00       		.byte	0
 1293 0101 11       		.uleb128 0x11
 1294 0102 05       		.uleb128 0x5
 1295 0103 00       		.byte	0
 1296 0104 03       		.uleb128 0x3
 1297 0105 0E       		.uleb128 0xe
 1298 0106 3A       		.uleb128 0x3a
 1299 0107 0B       		.uleb128 0xb
 1300 0108 3B       		.uleb128 0x3b
 1301 0109 0B       		.uleb128 0xb
 1302 010a 49       		.uleb128 0x49
 1303 010b 13       		.uleb128 0x13
 1304 010c 02       		.uleb128 0x2
 1305 010d 17       		.uleb128 0x17
 1306 010e 00       		.byte	0
 1307 010f 00       		.byte	0
 1308 0110 12       		.uleb128 0x12
 1309 0111 34       		.uleb128 0x34
 1310 0112 00       		.byte	0
 1311 0113 03       		.uleb128 0x3
 1312 0114 08       		.uleb128 0x8
 1313 0115 3A       		.uleb128 0x3a
 1314 0116 0B       		.uleb128 0xb
 1315 0117 3B       		.uleb128 0x3b
 1316 0118 0B       		.uleb128 0xb
 1317 0119 49       		.uleb128 0x49
 1318 011a 13       		.uleb128 0x13
 1319 011b 02       		.uleb128 0x2
 1320 011c 17       		.uleb128 0x17
 1321 011d 00       		.byte	0
 1322 011e 00       		.byte	0
 1323 011f 13       		.uleb128 0x13
 1324 0120 34       		.uleb128 0x34
 1325 0121 00       		.byte	0
 1326 0122 03       		.uleb128 0x3
 1327 0123 0E       		.uleb128 0xe
 1328 0124 3A       		.uleb128 0x3a
 1329 0125 0B       		.uleb128 0xb
 1330 0126 3B       		.uleb128 0x3b
 1331 0127 0B       		.uleb128 0xb
 1332 0128 49       		.uleb128 0x49
 1333 0129 13       		.uleb128 0x13
 1334 012a 00       		.byte	0
 1335 012b 00       		.byte	0
 1336 012c 14       		.uleb128 0x14
 1337 012d 0F       		.uleb128 0xf
 1338 012e 00       		.byte	0
 1339 012f 0B       		.uleb128 0xb
 1340 0130 0B       		.uleb128 0xb
 1341 0131 49       		.uleb128 0x49
 1342 0132 13       		.uleb128 0x13
 1343 0133 00       		.byte	0
 1344 0134 00       		.byte	0
 1345 0135 15       		.uleb128 0x15
 1346 0136 2E       		.uleb128 0x2e
 1347 0137 01       		.byte	0x1
 1348 0138 3F       		.uleb128 0x3f
ARM GAS  C:\Users\User\AppData\Local\Temp\ccr4hurc.s 			page 27


 1349 0139 19       		.uleb128 0x19
 1350 013a 03       		.uleb128 0x3
 1351 013b 0E       		.uleb128 0xe
 1352 013c 3A       		.uleb128 0x3a
 1353 013d 0B       		.uleb128 0xb
 1354 013e 3B       		.uleb128 0x3b
 1355 013f 0B       		.uleb128 0xb
 1356 0140 27       		.uleb128 0x27
 1357 0141 19       		.uleb128 0x19
 1358 0142 49       		.uleb128 0x49
 1359 0143 13       		.uleb128 0x13
 1360 0144 8701     		.uleb128 0x87
 1361 0146 19       		.uleb128 0x19
 1362 0147 11       		.uleb128 0x11
 1363 0148 01       		.uleb128 0x1
 1364 0149 12       		.uleb128 0x12
 1365 014a 06       		.uleb128 0x6
 1366 014b 40       		.uleb128 0x40
 1367 014c 18       		.uleb128 0x18
 1368 014d 9642     		.uleb128 0x2116
 1369 014f 19       		.uleb128 0x19
 1370 0150 01       		.uleb128 0x1
 1371 0151 13       		.uleb128 0x13
 1372 0152 00       		.byte	0
 1373 0153 00       		.byte	0
 1374 0154 16       		.uleb128 0x16
 1375 0155 34       		.uleb128 0x34
 1376 0156 00       		.byte	0
 1377 0157 03       		.uleb128 0x3
 1378 0158 0E       		.uleb128 0xe
 1379 0159 3A       		.uleb128 0x3a
 1380 015a 0B       		.uleb128 0xb
 1381 015b 3B       		.uleb128 0x3b
 1382 015c 0B       		.uleb128 0xb
 1383 015d 49       		.uleb128 0x49
 1384 015e 13       		.uleb128 0x13
 1385 015f 02       		.uleb128 0x2
 1386 0160 17       		.uleb128 0x17
 1387 0161 00       		.byte	0
 1388 0162 00       		.byte	0
 1389 0163 17       		.uleb128 0x17
 1390 0164 0B       		.uleb128 0xb
 1391 0165 01       		.byte	0x1
 1392 0166 11       		.uleb128 0x11
 1393 0167 01       		.uleb128 0x1
 1394 0168 12       		.uleb128 0x12
 1395 0169 06       		.uleb128 0x6
 1396 016a 01       		.uleb128 0x1
 1397 016b 13       		.uleb128 0x13
 1398 016c 00       		.byte	0
 1399 016d 00       		.byte	0
 1400 016e 18       		.uleb128 0x18
 1401 016f 34       		.uleb128 0x34
 1402 0170 00       		.byte	0
 1403 0171 03       		.uleb128 0x3
 1404 0172 08       		.uleb128 0x8
 1405 0173 3A       		.uleb128 0x3a
ARM GAS  C:\Users\User\AppData\Local\Temp\ccr4hurc.s 			page 28


 1406 0174 0B       		.uleb128 0xb
 1407 0175 3B       		.uleb128 0x3b
 1408 0176 0B       		.uleb128 0xb
 1409 0177 49       		.uleb128 0x49
 1410 0178 13       		.uleb128 0x13
 1411 0179 00       		.byte	0
 1412 017a 00       		.byte	0
 1413 017b 19       		.uleb128 0x19
 1414 017c 898201   		.uleb128 0x4109
 1415 017f 01       		.byte	0x1
 1416 0180 11       		.uleb128 0x11
 1417 0181 01       		.uleb128 0x1
 1418 0182 31       		.uleb128 0x31
 1419 0183 13       		.uleb128 0x13
 1420 0184 00       		.byte	0
 1421 0185 00       		.byte	0
 1422 0186 1A       		.uleb128 0x1a
 1423 0187 34       		.uleb128 0x34
 1424 0188 00       		.byte	0
 1425 0189 03       		.uleb128 0x3
 1426 018a 0E       		.uleb128 0xe
 1427 018b 3A       		.uleb128 0x3a
 1428 018c 0B       		.uleb128 0xb
 1429 018d 3B       		.uleb128 0x3b
 1430 018e 05       		.uleb128 0x5
 1431 018f 49       		.uleb128 0x49
 1432 0190 13       		.uleb128 0x13
 1433 0191 3F       		.uleb128 0x3f
 1434 0192 19       		.uleb128 0x19
 1435 0193 3C       		.uleb128 0x3c
 1436 0194 19       		.uleb128 0x19
 1437 0195 00       		.byte	0
 1438 0196 00       		.byte	0
 1439 0197 1B       		.uleb128 0x1b
 1440 0198 35       		.uleb128 0x35
 1441 0199 00       		.byte	0
 1442 019a 49       		.uleb128 0x49
 1443 019b 13       		.uleb128 0x13
 1444 019c 00       		.byte	0
 1445 019d 00       		.byte	0
 1446 019e 1C       		.uleb128 0x1c
 1447 019f 34       		.uleb128 0x34
 1448 01a0 00       		.byte	0
 1449 01a1 03       		.uleb128 0x3
 1450 01a2 0E       		.uleb128 0xe
 1451 01a3 3A       		.uleb128 0x3a
 1452 01a4 0B       		.uleb128 0xb
 1453 01a5 3B       		.uleb128 0x3b
 1454 01a6 0B       		.uleb128 0xb
 1455 01a7 49       		.uleb128 0x49
 1456 01a8 13       		.uleb128 0x13
 1457 01a9 3F       		.uleb128 0x3f
 1458 01aa 19       		.uleb128 0x19
 1459 01ab 02       		.uleb128 0x2
 1460 01ac 18       		.uleb128 0x18
 1461 01ad 00       		.byte	0
 1462 01ae 00       		.byte	0
ARM GAS  C:\Users\User\AppData\Local\Temp\ccr4hurc.s 			page 29


 1463 01af 1D       		.uleb128 0x1d
 1464 01b0 2E       		.uleb128 0x2e
 1465 01b1 00       		.byte	0
 1466 01b2 3F       		.uleb128 0x3f
 1467 01b3 19       		.uleb128 0x19
 1468 01b4 3C       		.uleb128 0x3c
 1469 01b5 19       		.uleb128 0x19
 1470 01b6 6E       		.uleb128 0x6e
 1471 01b7 0E       		.uleb128 0xe
 1472 01b8 03       		.uleb128 0x3
 1473 01b9 0E       		.uleb128 0xe
 1474 01ba 3A       		.uleb128 0x3a
 1475 01bb 0B       		.uleb128 0xb
 1476 01bc 3B       		.uleb128 0x3b
 1477 01bd 0B       		.uleb128 0xb
 1478 01be 00       		.byte	0
 1479 01bf 00       		.byte	0
 1480 01c0 00       		.byte	0
 1481              		.section	.debug_loc,"",%progbits
 1482              	.Ldebug_loc0:
 1483              	.LLST0:
 1484 0000 00000000 		.4byte	.LVL0
 1485 0004 16000000 		.4byte	.LVL1
 1486 0008 0100     		.2byte	0x1
 1487 000a 50       		.byte	0x50
 1488 000b 16000000 		.4byte	.LVL1
 1489 000f 2A000000 		.4byte	.LFE64
 1490 0013 0400     		.2byte	0x4
 1491 0015 F3       		.byte	0xf3
 1492 0016 01       		.uleb128 0x1
 1493 0017 50       		.byte	0x50
 1494 0018 9F       		.byte	0x9f
 1495 0019 00000000 		.4byte	0
 1496 001d 00000000 		.4byte	0
 1497              	.LLST1:
 1498 0021 00000000 		.4byte	.LVL12
 1499 0025 12000000 		.4byte	.LVL13
 1500 0029 0100     		.2byte	0x1
 1501 002b 50       		.byte	0x50
 1502 002c 12000000 		.4byte	.LVL13
 1503 0030 16000000 		.4byte	.LFE67
 1504 0034 0400     		.2byte	0x4
 1505 0036 F3       		.byte	0xf3
 1506 0037 01       		.uleb128 0x1
 1507 0038 50       		.byte	0x50
 1508 0039 9F       		.byte	0x9f
 1509 003a 00000000 		.4byte	0
 1510 003e 00000000 		.4byte	0
 1511              	.LLST2:
 1512 0042 12000000 		.4byte	.LVL13
 1513 0046 14000000 		.4byte	.LVL14
 1514 004a 0600     		.2byte	0x6
 1515 004c 73       		.byte	0x73
 1516 004d 00       		.sleb128 0
 1517 004e 70       		.byte	0x70
 1518 004f 00       		.sleb128 0
 1519 0050 21       		.byte	0x21
ARM GAS  C:\Users\User\AppData\Local\Temp\ccr4hurc.s 			page 30


 1520 0051 9F       		.byte	0x9f
 1521 0052 00000000 		.4byte	0
 1522 0056 00000000 		.4byte	0
 1523              	.LLST3:
 1524 005a 1A000000 		.4byte	.LVL18
 1525 005e 1E000000 		.4byte	.LVL19
 1526 0062 0100     		.2byte	0x1
 1527 0064 50       		.byte	0x50
 1528 0065 28000000 		.4byte	.LVL22
 1529 0069 2A000000 		.4byte	.LVL23
 1530 006d 0100     		.2byte	0x1
 1531 006f 50       		.byte	0x50
 1532 0070 00000000 		.4byte	0
 1533 0074 00000000 		.4byte	0
 1534              	.LLST4:
 1535 0078 58000000 		.4byte	.LVL31
 1536 007c 5B000000 		.4byte	.LVL32-1
 1537 0080 0100     		.2byte	0x1
 1538 0082 50       		.byte	0x50
 1539 0083 00000000 		.4byte	0
 1540 0087 00000000 		.4byte	0
 1541              		.section	.debug_aranges,"",%progbits
 1542 0000 3C000000 		.4byte	0x3c
 1543 0004 0200     		.2byte	0x2
 1544 0006 00000000 		.4byte	.Ldebug_info0
 1545 000a 04       		.byte	0x4
 1546 000b 00       		.byte	0
 1547 000c 0000     		.2byte	0
 1548 000e 0000     		.2byte	0
 1549 0010 00000000 		.4byte	.LFB64
 1550 0014 2A000000 		.4byte	.LFE64-.LFB64
 1551 0018 00000000 		.4byte	.LFB65
 1552 001c 48000000 		.4byte	.LFE65-.LFB65
 1553 0020 00000000 		.4byte	.LFB66
 1554 0024 44000000 		.4byte	.LFE66-.LFB66
 1555 0028 00000000 		.4byte	.LFB67
 1556 002c 16000000 		.4byte	.LFE67-.LFB67
 1557 0030 00000000 		.4byte	.LFB68
 1558 0034 9C000000 		.4byte	.LFE68-.LFB68
 1559 0038 00000000 		.4byte	0
 1560 003c 00000000 		.4byte	0
 1561              		.section	.debug_ranges,"",%progbits
 1562              	.Ldebug_ranges0:
 1563 0000 00000000 		.4byte	.LFB64
 1564 0004 2A000000 		.4byte	.LFE64
 1565 0008 00000000 		.4byte	.LFB65
 1566 000c 48000000 		.4byte	.LFE65
 1567 0010 00000000 		.4byte	.LFB66
 1568 0014 44000000 		.4byte	.LFE66
 1569 0018 00000000 		.4byte	.LFB67
 1570 001c 16000000 		.4byte	.LFE67
 1571 0020 00000000 		.4byte	.LFB68
 1572 0024 9C000000 		.4byte	.LFE68
 1573 0028 00000000 		.4byte	0
 1574 002c 00000000 		.4byte	0
 1575              		.section	.debug_line,"",%progbits
 1576              	.Ldebug_line0:
ARM GAS  C:\Users\User\AppData\Local\Temp\ccr4hurc.s 			page 31


 1577 0000 11020000 		.section	.debug_str,"MS",%progbits,1
 1577      02008001 
 1577      00000201 
 1577      FB0E0D00 
 1577      01010101 
 1578              	.LASF40:
 1579 0000 55415254 		.ascii	"UART_1_Start\000"
 1579      5F315F53 
 1579      74617274 
 1579      00
 1580              	.LASF3:
 1581 000d 5F5F7569 		.ascii	"__uint8_t\000"
 1581      6E74385F 
 1581      7400
 1582              	.LASF46:
 1583 0017 463A5C44 		.ascii	"F:\\Downloads\\kicad\\sandbox\\Internal Chamber\\SC"
 1583      6F776E6C 
 1583      6F616473 
 1583      5C6B6963 
 1583      61645C73 
 1584 0045 4433305C 		.ascii	"D30\\SCD30.cydsn\000"
 1584      53434433 
 1584      302E6379 
 1584      64736E00 
 1585              	.LASF30:
 1586 0055 68756D69 		.ascii	"humidity\000"
 1586      64697479 
 1586      00
 1587              	.LASF28:
 1588 005e 76616C75 		.ascii	"value\000"
 1588      6500
 1589              	.LASF6:
 1590 0064 5F5F696E 		.ascii	"__int32_t\000"
 1590      7433325F 
 1590      7400
 1591              	.LASF41:
 1592 006e 4932435F 		.ascii	"I2C_1_MasterSendStart\000"
 1592      315F4D61 
 1592      73746572 
 1592      53656E64 
 1592      53746172 
 1593              	.LASF18:
 1594 0084 646F7562 		.ascii	"double\000"
 1594      6C6500
 1595              	.LASF27:
 1596 008b 73746174 		.ascii	"status\000"
 1596      757300
 1597              	.LASF33:
 1598 0092 73747269 		.ascii	"string_1\000"
 1598      6E675F31 
 1598      00
 1599              	.LASF34:
 1600 009b 4932435F 		.ascii	"I2C_1_MasterWriteBuf\000"
 1600      315F4D61 
 1600      73746572 
 1600      57726974 
 1600      65427566 
ARM GAS  C:\Users\User\AppData\Local\Temp\ccr4hurc.s 			page 32


 1601              	.LASF17:
 1602 00b0 666C6F61 		.ascii	"float\000"
 1602      7400
 1603              	.LASF24:
 1604 00b6 64617461 		.ascii	"data\000"
 1604      00
 1605              	.LASF22:
 1606 00bb 4932435F 		.ascii	"I2C_Write\000"
 1606      57726974 
 1606      6500
 1607              	.LASF1:
 1608 00c5 756E7369 		.ascii	"unsigned char\000"
 1608      676E6564 
 1608      20636861 
 1608      7200
 1609              	.LASF44:
 1610 00d3 474E5520 		.ascii	"GNU C11 5.4.1 20160609 (release) [ARM/embedded-5-br"
 1610      43313120 
 1610      352E342E 
 1610      31203230 
 1610      31363036 
 1611 0106 616E6368 		.ascii	"anch revision 237715] -mcpu=cortex-m3 -mthumb -g -O"
 1611      20726576 
 1611      6973696F 
 1611      6E203233 
 1611      37373135 
 1612 0139 67202D66 		.ascii	"g -ffunction-sections -ffat-lto-objects\000"
 1612      66756E63 
 1612      74696F6E 
 1612      2D736563 
 1612      74696F6E 
 1613              	.LASF25:
 1614 0161 72657370 		.ascii	"resp\000"
 1614      00
 1615              	.LASF9:
 1616 0166 6C6F6E67 		.ascii	"long unsigned int\000"
 1616      20756E73 
 1616      69676E65 
 1616      6420696E 
 1616      7400
 1617              	.LASF29:
 1618 0178 74656D70 		.ascii	"temp\000"
 1618      00
 1619              	.LASF5:
 1620 017d 73686F72 		.ascii	"short unsigned int\000"
 1620      7420756E 
 1620      7369676E 
 1620      65642069 
 1620      6E7400
 1621              	.LASF16:
 1622 0190 75696E74 		.ascii	"uint32_t\000"
 1622      33325F74 
 1622      00
 1623              	.LASF31:
 1624 0199 49544D5F 		.ascii	"ITM_RxBuffer\000"
 1624      52784275 
 1624      66666572 
ARM GAS  C:\Users\User\AppData\Local\Temp\ccr4hurc.s 			page 33


 1624      00
 1625              	.LASF4:
 1626 01a6 5F5F7569 		.ascii	"__uint16_t\000"
 1626      6E743136 
 1626      5F7400
 1627              	.LASF48:
 1628 01b1 62797465 		.ascii	"bytes_to_float\000"
 1628      735F746F 
 1628      5F666C6F 
 1628      617400
 1629              	.LASF36:
 1630 01c0 4932435F 		.ascii	"I2C_1_MasterReadBuf\000"
 1630      315F4D61 
 1630      73746572 
 1630      52656164 
 1630      42756600 
 1631              	.LASF8:
 1632 01d4 5F5F7569 		.ascii	"__uint32_t\000"
 1632      6E743332 
 1632      5F7400
 1633              	.LASF49:
 1634 01df 6D61696E 		.ascii	"main\000"
 1634      00
 1635              	.LASF12:
 1636 01e4 756E7369 		.ascii	"unsigned int\000"
 1636      676E6564 
 1636      20696E74 
 1636      00
 1637              	.LASF11:
 1638 01f1 6C6F6E67 		.ascii	"long long unsigned int\000"
 1638      206C6F6E 
 1638      6720756E 
 1638      7369676E 
 1638      65642069 
 1639              	.LASF13:
 1640 0208 75696E74 		.ascii	"uint8_t\000"
 1640      385F7400 
 1641              	.LASF15:
 1642 0210 696E7433 		.ascii	"int32_t\000"
 1642      325F7400 
 1643              	.LASF21:
 1644 0218 73697A65 		.ascii	"sizetype\000"
 1644      74797065 
 1644      00
 1645              	.LASF10:
 1646 0221 6C6F6E67 		.ascii	"long long int\000"
 1646      206C6F6E 
 1646      6720696E 
 1646      7400
 1647              	.LASF45:
 1648 022f 6D61696E 		.ascii	"main.c\000"
 1648      2E6300
 1649              	.LASF19:
 1650 0236 63686172 		.ascii	"char\000"
 1650      00
 1651              	.LASF39:
 1652 023b 4932435F 		.ascii	"I2C_1_Start\000"
ARM GAS  C:\Users\User\AppData\Local\Temp\ccr4hurc.s 			page 34


 1652      315F5374 
 1652      61727400 
 1653              	.LASF2:
 1654 0247 73686F72 		.ascii	"short int\000"
 1654      7420696E 
 1654      7400
 1655              	.LASF32:
 1656 0251 62756666 		.ascii	"buffer\000"
 1656      657200
 1657              	.LASF14:
 1658 0258 75696E74 		.ascii	"uint16_t\000"
 1658      31365F74 
 1658      00
 1659              	.LASF23:
 1660 0261 4932435F 		.ascii	"I2C_ReadDataReady\000"
 1660      52656164 
 1660      44617461 
 1660      52656164 
 1660      7900
 1661              	.LASF42:
 1662 0273 4932435F 		.ascii	"I2C_1_MasterSendStop\000"
 1662      315F4D61 
 1662      73746572 
 1662      53656E64 
 1662      53746F70 
 1663              	.LASF7:
 1664 0288 6C6F6E67 		.ascii	"long int\000"
 1664      20696E74 
 1664      00
 1665              	.LASF35:
 1666 0291 4932435F 		.ascii	"I2C_1_MasterStatus\000"
 1666      315F4D61 
 1666      73746572 
 1666      53746174 
 1666      757300
 1667              	.LASF26:
 1668 02a4 62797465 		.ascii	"bytes\000"
 1668      7300
 1669              	.LASF20:
 1670 02aa 6C6F6E67 		.ascii	"long double\000"
 1670      20646F75 
 1670      626C6500 
 1671              	.LASF0:
 1672 02b6 7369676E 		.ascii	"signed char\000"
 1672      65642063 
 1672      68617200 
 1673              	.LASF38:
 1674 02c2 55415254 		.ascii	"UART_1_PutString\000"
 1674      5F315F50 
 1674      75745374 
 1674      72696E67 
 1674      00
 1675              	.LASF37:
 1676 02d3 73707269 		.ascii	"sprintf\000"
 1676      6E746600 
 1677              	.LASF43:
 1678 02db 43794465 		.ascii	"CyDelay\000"
ARM GAS  C:\Users\User\AppData\Local\Temp\ccr4hurc.s 			page 35


 1678      6C617900 
 1679              	.LASF47:
 1680 02e3 4932435F 		.ascii	"I2C_ReadMeasurements\000"
 1680      52656164 
 1680      4D656173 
 1680      7572656D 
 1680      656E7473 
 1681              		.ident	"GCC: (GNU Tools for ARM Embedded Processors) 5.4.1 20160609 (release) [ARM/embedded-5-bran
